<?xml version="1.0" encoding="UTF-8"?>
<coverage generated="1646913253769" clover="3.2.0">
  <project timestamp="1646913253769" name="All files">
    <metrics statements="522" coveredstatements="522" conditionals="235" coveredconditionals="212" methods="158" coveredmethods="158" elements="915" coveredelements="892" complexity="0" loc="522" ncloc="522" packages="14" files="70" classes="70"/>
    <package name="src">
      <metrics statements="2" coveredstatements="2" conditionals="0" coveredconditionals="0" methods="1" coveredmethods="1"/>
      <file name="Root.tsx" path="/home/runner/work/lines/lines/src/Root.tsx">
        <metrics statements="2" coveredstatements="2" conditionals="0" coveredconditionals="0" methods="1" coveredmethods="1"/>
        <line num="7" count="1" type="stmt"/>
        <line num="8" count="1" type="stmt"/>
      </file>
    </package>
    <package name="src.App">
      <metrics statements="127" coveredstatements="127" conditionals="34" coveredconditionals="25" methods="35" coveredmethods="35"/>
      <file name="AppBody.tsx" path="/home/runner/work/lines/lines/src/App/AppBody.tsx">
        <metrics statements="5" coveredstatements="5" conditionals="2" coveredconditionals="1" methods="2" coveredmethods="2"/>
        <line num="13" count="3" type="stmt"/>
        <line num="18" count="8" type="cond" truecount="1" falsecount="1"/>
        <line num="21" count="3" type="stmt"/>
        <line num="22" count="8" type="stmt"/>
        <line num="23" count="8" type="stmt"/>
      </file>
      <file name="AppBottom.tsx" path="/home/runner/work/lines/lines/src/App/AppBottom.tsx">
        <metrics statements="6" coveredstatements="6" conditionals="3" coveredconditionals="2" methods="4" coveredmethods="4"/>
        <line num="13" count="3" type="stmt"/>
        <line num="14" count="7" type="cond" truecount="2" falsecount="0"/>
        <line num="17" count="3" type="stmt"/>
        <line num="18" count="7" type="cond" truecount="0" falsecount="1"/>
        <line num="19" count="7" type="stmt"/>
        <line num="21" count="7" type="stmt"/>
      </file>
      <file name="AppHeader.tsx" path="/home/runner/work/lines/lines/src/App/AppHeader.tsx">
        <metrics statements="3" coveredstatements="3" conditionals="0" coveredconditionals="0" methods="1" coveredmethods="1"/>
        <line num="6" count="3" type="stmt"/>
        <line num="10" count="3" type="stmt"/>
        <line num="11" count="8" type="stmt"/>
      </file>
      <file name="AppRouter.tsx" path="/home/runner/work/lines/lines/src/App/AppRouter.tsx">
        <metrics statements="3" coveredstatements="3" conditionals="0" coveredconditionals="0" methods="2" coveredmethods="2"/>
        <line num="11" count="3" type="stmt"/>
        <line num="12" count="8" type="stmt"/>
        <line num="14" count="8" type="stmt"/>
      </file>
      <file name="appSaga.ts" path="/home/runner/work/lines/lines/src/App/appSaga.ts">
        <metrics statements="70" coveredstatements="70" conditionals="21" coveredconditionals="16" methods="13" coveredmethods="13"/>
        <line num="34" count="10" type="stmt"/>
        <line num="41" count="3" type="stmt"/>
        <line num="42" count="3" type="stmt"/>
        <line num="43" count="3" type="cond" truecount="2" falsecount="0"/>
        <line num="44" count="1" type="stmt"/>
        <line num="45" count="1" type="stmt"/>
        <line num="46" count="1" type="stmt"/>
        <line num="47" count="1" type="stmt"/>
        <line num="52" count="1" type="stmt"/>
        <line num="54" count="3" type="stmt"/>
        <line num="57" count="24" type="stmt"/>
        <line num="60" count="3" type="stmt"/>
        <line num="61" count="3" type="stmt"/>
        <line num="72" count="6" type="stmt"/>
        <line num="74" count="6" type="stmt"/>
        <line num="75" count="6" type="stmt"/>
        <line num="87" count="2" type="stmt"/>
        <line num="88" count="2" type="stmt"/>
        <line num="89" count="2" type="stmt"/>
        <line num="101" count="4" type="stmt"/>
        <line num="102" count="4" type="stmt"/>
        <line num="103" count="4" type="stmt"/>
        <line num="104" count="4" type="stmt"/>
        <line num="105" count="4" type="stmt"/>
        <line num="106" count="4" type="stmt"/>
        <line num="107" count="4" type="stmt"/>
        <line num="119" count="3" type="stmt"/>
        <line num="120" count="3" type="stmt"/>
        <line num="121" count="3" type="stmt"/>
        <line num="124" count="3" type="stmt"/>
        <line num="125" count="3" type="stmt"/>
        <line num="126" count="3" type="stmt"/>
        <line num="137" count="2" type="stmt"/>
        <line num="138" count="2" type="stmt"/>
        <line num="139" count="2" type="stmt"/>
        <line num="140" count="2" type="stmt"/>
        <line num="155" count="2" type="stmt"/>
        <line num="157" count="2" type="stmt"/>
        <line num="158" count="2" type="cond" truecount="1" falsecount="1"/>
        <line num="159" count="2" type="stmt"/>
        <line num="161" count="2" type="cond" truecount="4" falsecount="0"/>
        <line num="162" count="1" type="stmt"/>
        <line num="163" count="1" type="stmt"/>
        <line num="165" count="2" type="stmt"/>
        <line num="182" count="2" type="stmt"/>
        <line num="184" count="2" type="stmt"/>
        <line num="185" count="2" type="stmt"/>
        <line num="186" count="2" type="stmt"/>
        <line num="191" count="2" type="stmt"/>
        <line num="192" count="2" type="stmt"/>
        <line num="200" count="2" type="stmt"/>
        <line num="206" count="3" type="stmt"/>
        <line num="207" count="3" type="cond" truecount="3" falsecount="1"/>
        <line num="208" count="3" type="stmt"/>
        <line num="210" count="3" type="cond" truecount="2" falsecount="0"/>
        <line num="211" count="1" type="stmt"/>
        <line num="212" count="1" type="stmt"/>
        <line num="214" count="2" type="stmt"/>
        <line num="215" count="2" type="stmt"/>
        <line num="217" count="2" type="stmt"/>
        <line num="223" count="2" type="cond" truecount="4" falsecount="0"/>
        <line num="224" count="1" type="stmt"/>
        <line num="225" count="1" type="stmt"/>
        <line num="227" count="1" type="stmt"/>
        <line num="228" count="1" type="stmt"/>
        <line num="230" count="2" type="stmt"/>
        <line num="235" count="2" type="stmt"/>
        <line num="236" count="2" type="stmt"/>
        <line num="237" count="2" type="stmt"/>
        <line num="238" count="2" type="stmt"/>
      </file>
      <file name="appSlice.ts" path="/home/runner/work/lines/lines/src/App/appSlice.ts">
        <metrics statements="31" coveredstatements="31" conditionals="8" coveredconditionals="6" methods="12" coveredmethods="12"/>
        <line num="12" count="14" type="stmt"/>
        <line num="16" count="1" type="stmt"/>
        <line num="17" count="1" type="stmt"/>
        <line num="19" count="1" type="stmt"/>
        <line num="20" count="1" type="stmt"/>
        <line num="21" count="1" type="stmt"/>
        <line num="22" count="1" type="stmt"/>
        <line num="23" count="1" type="stmt"/>
        <line num="24" count="1" type="stmt"/>
        <line num="27" count="1" type="stmt"/>
        <line num="29" count="1" type="stmt"/>
        <line num="30" count="25" type="stmt"/>
        <line num="32" count="4" type="stmt"/>
        <line num="33" count="4" type="stmt"/>
        <line num="34" count="4" type="stmt"/>
        <line num="35" count="4" type="stmt"/>
        <line num="38" count="1" type="stmt"/>
        <line num="39" count="1" type="stmt"/>
        <line num="40" count="1" type="stmt"/>
        <line num="41" count="1" type="stmt"/>
        <line num="42" count="1" type="stmt"/>
        <line num="43" count="1" type="stmt"/>
        <line num="46" count="4" type="stmt"/>
        <line num="49" count="4" type="stmt"/>
        <line num="52" count="2" type="cond" truecount="2" falsecount="0"/>
        <line num="53" count="1" type="stmt"/>
        <line num="55" count="2" type="cond" truecount="1" falsecount="1"/>
        <line num="56" count="2" type="stmt"/>
        <line num="60" count="1" type="cond" truecount="3" falsecount="1"/>
        <line num="61" count="1" type="stmt"/>
        <line num="67" count="14" type="stmt"/>
      </file>
      <file name="index.tsx" path="/home/runner/work/lines/lines/src/App/index.tsx">
        <metrics statements="4" coveredstatements="4" conditionals="0" coveredconditionals="0" methods="1" coveredmethods="1"/>
        <line num="9" count="2" type="stmt"/>
        <line num="17" count="2" type="stmt"/>
        <line num="28" count="2" type="stmt"/>
        <line num="29" count="6" type="stmt"/>
      </file>
      <file name="initialState.ts" path="/home/runner/work/lines/lines/src/App/initialState.ts">
        <metrics statements="5" coveredstatements="5" conditionals="0" coveredconditionals="0" methods="0" coveredmethods="0"/>
        <line num="4" count="34" type="stmt"/>
        <line num="6" count="34" type="stmt"/>
        <line num="7" count="34" type="stmt"/>
        <line num="17" count="34" type="stmt"/>
        <line num="23" count="34" type="stmt"/>
      </file>
    </package>
    <package name="src.App.model">
      <metrics statements="0" coveredstatements="0" conditionals="0" coveredconditionals="0" methods="0" coveredmethods="0"/>
      <file name="IAppState.ts" path="/home/runner/work/lines/lines/src/App/model/IAppState.ts">
        <metrics statements="0" coveredstatements="0" conditionals="0" coveredconditionals="0" methods="0" coveredmethods="0"/>
      </file>
      <file name="ICellsProps.ts" path="/home/runner/work/lines/lines/src/App/model/ICellsProps.ts">
        <metrics statements="0" coveredstatements="0" conditionals="0" coveredconditionals="0" methods="0" coveredmethods="0"/>
      </file>
    </package>
    <package name="src.components">
      <metrics statements="29" coveredstatements="29" conditionals="9" coveredconditionals="7" methods="10" coveredmethods="10"/>
      <file name="Button.tsx" path="/home/runner/work/lines/lines/src/components/Button.tsx">
        <metrics statements="3" coveredstatements="3" conditionals="2" coveredconditionals="2" methods="1" coveredmethods="1"/>
        <line num="5" count="6" type="stmt"/>
        <line num="15" count="6" type="cond" truecount="2" falsecount="0"/>
        <line num="16" count="12" type="stmt"/>
      </file>
      <file name="GameTitle.tsx" path="/home/runner/work/lines/lines/src/components/GameTitle.tsx">
        <metrics statements="2" coveredstatements="2" conditionals="0" coveredconditionals="0" methods="1" coveredmethods="1"/>
        <line num="4" count="4" type="stmt"/>
        <line num="11" count="14" type="stmt"/>
      </file>
      <file name="Loading.tsx" path="/home/runner/work/lines/lines/src/components/Loading.tsx">
        <metrics statements="9" coveredstatements="9" conditionals="2" coveredconditionals="2" methods="2" coveredmethods="2"/>
        <line num="8" count="4" type="stmt"/>
        <line num="20" count="4" type="stmt"/>
        <line num="30" count="4" type="stmt"/>
        <line num="53" count="4" type="stmt"/>
        <line num="54" count="2" type="stmt"/>
        <line num="55" count="2" type="stmt"/>
        <line num="56" count="1" type="stmt"/>
        <line num="57" count="1" type="stmt"/>
        <line num="60" count="2" type="stmt"/>
      </file>
      <file name="Percentage.tsx" path="/home/runner/work/lines/lines/src/components/Percentage.tsx">
        <metrics statements="7" coveredstatements="7" conditionals="3" coveredconditionals="2" methods="3" coveredmethods="3"/>
        <line num="4" count="3" type="stmt"/>
        <line num="11" count="3" type="cond" truecount="0" falsecount="1"/>
        <line num="12" count="7" type="stmt"/>
        <line num="13" count="567" type="stmt"/>
        <line num="14" count="7" type="stmt"/>
        <line num="15" count="7" type="cond" truecount="2" falsecount="0"/>
        <line num="18" count="7" type="stmt"/>
      </file>
      <file name="Score.tsx" path="/home/runner/work/lines/lines/src/components/Score.tsx">
        <metrics statements="3" coveredstatements="3" conditionals="1" coveredconditionals="0" methods="1" coveredmethods="1"/>
        <line num="4" count="3" type="stmt"/>
        <line num="11" count="3" type="cond" truecount="0" falsecount="1"/>
        <line num="12" count="7" type="stmt"/>
      </file>
      <file name="Select.tsx" path="/home/runner/work/lines/lines/src/components/Select.tsx">
        <metrics statements="5" coveredstatements="5" conditionals="1" coveredconditionals="1" methods="2" coveredmethods="2"/>
        <line num="5" count="6" type="stmt"/>
        <line num="14" count="6" type="stmt"/>
        <line num="32" count="6" type="cond" truecount="1" falsecount="0"/>
        <line num="33" count="8" type="stmt"/>
        <line num="38" count="24" type="stmt"/>
      </file>
    </package>
    <package name="src.layout">
      <metrics statements="4" coveredstatements="4" conditionals="0" coveredconditionals="0" methods="0" coveredmethods="0"/>
      <file name="Grid.ts" path="/home/runner/work/lines/lines/src/layout/Grid.ts">
        <metrics statements="1" coveredstatements="1" conditionals="0" coveredconditionals="0" methods="0" coveredmethods="0"/>
        <line num="3" count="5" type="stmt"/>
      </file>
      <file name="Panel.ts" path="/home/runner/work/lines/lines/src/layout/Panel.ts">
        <metrics statements="1" coveredstatements="1" conditionals="0" coveredconditionals="0" methods="0" coveredmethods="0"/>
        <line num="3" count="5" type="stmt"/>
      </file>
      <file name="Section.ts" path="/home/runner/work/lines/lines/src/layout/Section.ts">
        <metrics statements="1" coveredstatements="1" conditionals="0" coveredconditionals="0" methods="0" coveredmethods="0"/>
        <line num="3" count="5" type="stmt"/>
      </file>
      <file name="Title.ts" path="/home/runner/work/lines/lines/src/layout/Title.ts">
        <metrics statements="1" coveredstatements="1" conditionals="0" coveredconditionals="0" methods="0" coveredmethods="0"/>
        <line num="3" count="4" type="stmt"/>
      </file>
    </package>
    <package name="src.modules.Auth">
      <metrics statements="70" coveredstatements="70" conditionals="20" coveredconditionals="19" methods="22" coveredmethods="22"/>
      <file name="AuthForm.tsx" path="/home/runner/work/lines/lines/src/modules/Auth/AuthForm.tsx">
        <metrics statements="12" coveredstatements="12" conditionals="2" coveredconditionals="2" methods="3" coveredmethods="3"/>
        <line num="9" count="4" type="stmt"/>
        <line num="40" count="4" type="stmt"/>
        <line num="41" count="16" type="stmt"/>
        <line num="42" count="16" type="stmt"/>
        <line num="44" count="16" type="stmt"/>
        <line num="46" count="16" type="stmt"/>
        <line num="47" count="1" type="stmt"/>
        <line num="50" count="16" type="stmt"/>
        <line num="51" count="7" type="stmt"/>
        <line num="52" count="7" type="stmt"/>
        <line num="55" count="16" type="cond" truecount="2" falsecount="0"/>
        <line num="57" count="16" type="stmt"/>
      </file>
      <file name="AuthLayout.tsx" path="/home/runner/work/lines/lines/src/modules/Auth/AuthLayout.tsx">
        <metrics statements="8" coveredstatements="8" conditionals="5" coveredconditionals="4" methods="3" coveredmethods="3"/>
        <line num="11" count="3" type="stmt"/>
        <line num="19" count="3" type="cond" truecount="1" falsecount="0"/>
        <line num="20" count="13" type="stmt"/>
        <line num="21" count="13" type="stmt"/>
        <line num="23" count="13" type="stmt"/>
        <line num="24" count="7" type="cond" truecount="2" falsecount="0"/>
        <line num="25" count="1" type="stmt"/>
        <line num="29" count="13" type="stmt"/>
      </file>
      <file name="RequireAuth.tsx" path="/home/runner/work/lines/lines/src/modules/Auth/RequireAuth.tsx">
        <metrics statements="5" coveredstatements="5" conditionals="2" coveredconditionals="2" methods="1" coveredmethods="1"/>
        <line num="8" count="3" type="stmt"/>
        <line num="9" count="6" type="stmt"/>
        <line num="11" count="6" type="cond" truecount="2" falsecount="0"/>
        <line num="12" count="4" type="stmt"/>
        <line num="15" count="2" type="stmt"/>
      </file>
      <file name="authSaga.ts" path="/home/runner/work/lines/lines/src/modules/Auth/authSaga.ts">
        <metrics statements="21" coveredstatements="21" conditionals="9" coveredconditionals="9" methods="5" coveredmethods="5"/>
        <line num="18" count="13" type="stmt"/>
        <line num="23" count="3" type="stmt"/>
        <line num="24" count="3" type="stmt"/>
        <line num="25" count="3" type="cond" truecount="2" falsecount="0"/>
        <line num="26" count="1" type="stmt"/>
        <line num="27" count="1" type="stmt"/>
        <line num="29" count="3" type="stmt"/>
        <line num="35" count="4" type="stmt"/>
        <line num="36" count="4" type="stmt"/>
        <line num="37" count="4" type="cond" truecount="5" falsecount="0"/>
        <line num="38" count="1" type="stmt"/>
        <line num="40" count="4" type="stmt"/>
        <line num="41" count="4" type="stmt"/>
        <line num="42" count="4" type="stmt"/>
        <line num="46" count="4" type="stmt"/>
        <line num="47" count="4" type="cond" truecount="2" falsecount="0"/>
        <line num="48" count="1" type="stmt"/>
        <line num="49" count="1" type="stmt"/>
        <line num="54" count="2" type="stmt"/>
        <line num="55" count="2" type="stmt"/>
        <line num="56" count="2" type="stmt"/>
      </file>
      <file name="authSlice.ts" path="/home/runner/work/lines/lines/src/modules/Auth/authSlice.ts">
        <metrics statements="6" coveredstatements="6" conditionals="0" coveredconditionals="0" methods="4" coveredmethods="4"/>
        <line num="6" count="12" type="stmt"/>
        <line num="10" count="1" type="stmt"/>
        <line num="11" count="1" type="stmt"/>
        <line num="13" count="1" type="stmt"/>
        <line num="16" count="1" type="stmt"/>
        <line num="21" count="12" type="stmt"/>
      </file>
      <file name="fakeAuthProvider.ts" path="/home/runner/work/lines/lines/src/modules/Auth/fakeAuthProvider.ts">
        <metrics statements="17" coveredstatements="17" conditionals="2" coveredconditionals="2" methods="6" coveredmethods="6"/>
        <line num="5" count="11" type="stmt"/>
        <line num="10" count="11" type="stmt"/>
        <line num="11" count="2" type="stmt"/>
        <line num="12" count="2" type="stmt"/>
        <line num="13" count="2" type="stmt"/>
        <line num="14" count="2" type="cond" truecount="2" falsecount="0"/>
        <line num="15" count="1" type="stmt"/>
        <line num="17" count="1" type="stmt"/>
        <line num="18" count="1" type="stmt"/>
        <line num="19" count="1" type="stmt"/>
        <line num="20" count="1" type="stmt"/>
        <line num="22" count="1" type="stmt"/>
        <line num="28" count="11" type="stmt"/>
        <line num="29" count="1" type="stmt"/>
        <line num="30" count="1" type="stmt"/>
        <line num="31" count="1" type="stmt"/>
        <line num="32" count="1" type="stmt"/>
      </file>
      <file name="initialState.ts" path="/home/runner/work/lines/lines/src/modules/Auth/initialState.ts">
        <metrics statements="1" coveredstatements="1" conditionals="0" coveredconditionals="0" methods="0" coveredmethods="0"/>
        <line num="3" count="12" type="stmt"/>
      </file>
    </package>
    <package name="src.modules.Auth.model">
      <metrics statements="0" coveredstatements="0" conditionals="0" coveredconditionals="0" methods="0" coveredmethods="0"/>
      <file name="IAuthState.ts" path="/home/runner/work/lines/lines/src/modules/Auth/model/IAuthState.ts">
        <metrics statements="0" coveredstatements="0" conditionals="0" coveredconditionals="0" methods="0" coveredmethods="0"/>
      </file>
      <file name="IUserProfile.ts" path="/home/runner/work/lines/lines/src/modules/Auth/model/IUserProfile.ts">
        <metrics statements="0" coveredstatements="0" conditionals="0" coveredconditionals="0" methods="0" coveredmethods="0"/>
      </file>
    </package>
    <package name="src.modules.Cell">
      <metrics statements="26" coveredstatements="26" conditionals="43" coveredconditionals="37" methods="12" coveredmethods="12"/>
      <file name="constatnts.ts" path="/home/runner/work/lines/lines/src/modules/Cell/constatnts.ts">
        <metrics statements="1" coveredstatements="1" conditionals="0" coveredconditionals="0" methods="0" coveredmethods="0"/>
        <line num="1" count="5" type="stmt"/>
      </file>
      <file name="index.tsx" path="/home/runner/work/lines/lines/src/modules/Cell/index.tsx">
        <metrics statements="25" coveredstatements="25" conditionals="43" coveredconditionals="37" methods="12" coveredmethods="12"/>
        <line num="10" count="5" type="stmt"/>
        <line num="28" count="5" type="stmt"/>
        <line num="33" count="14" type="cond" truecount="3" falsecount="0"/>
        <line num="39" count="5" type="stmt"/>
        <line num="42" count="598" type="cond" truecount="2" falsecount="0"/>
        <line num="47" count="598" type="cond" truecount="2" falsecount="0"/>
        <line num="50" count="598" type="cond" truecount="2" falsecount="0"/>
        <line num="65" count="5" type="stmt"/>
        <line num="70" count="9" type="cond" truecount="4" falsecount="0"/>
        <line num="80" count="9" type="cond" truecount="2" falsecount="0"/>
        <line num="82" count="9" type="cond" truecount="2" falsecount="0"/>
        <line num="84" count="9" type="cond" truecount="2" falsecount="0"/>
        <line num="90" count="5" type="stmt"/>
        <line num="98" count="2" type="cond" truecount="2" falsecount="0"/>
        <line num="110" count="5" type="stmt"/>
        <line num="118" count="598" type="stmt"/>
        <line num="120" count="598" type="stmt"/>
        <line num="121" count="1" type="stmt"/>
        <line num="122" count="1" type="cond" truecount="1" falsecount="1"/>
        <line num="123" count="1" type="cond" truecount="1" falsecount="1"/>
        <line num="127" count="598" type="stmt"/>
        <line num="128" count="1" type="stmt"/>
        <line num="129" count="1" type="cond" truecount="3" falsecount="1"/>
        <line num="130" count="1" type="stmt"/>
        <line num="134" count="598" type="stmt"/>
      </file>
      <file name="models.ts" path="/home/runner/work/lines/lines/src/modules/Cell/models.ts">
        <metrics statements="0" coveredstatements="0" conditionals="0" coveredconditionals="0" methods="0" coveredmethods="0"/>
      </file>
    </package>
    <package name="src.modules.GameField">
      <metrics statements="14" coveredstatements="14" conditionals="3" coveredconditionals="3" methods="3" coveredmethods="3"/>
      <file name="index.tsx" path="/home/runner/work/lines/lines/src/modules/GameField/index.tsx">
        <metrics statements="14" coveredstatements="14" conditionals="3" coveredconditionals="3" methods="3" coveredmethods="3"/>
        <line num="14" count="4" type="stmt"/>
        <line num="20" count="4" type="stmt"/>
        <line num="24" count="4" type="stmt"/>
        <line num="30" count="4" type="stmt"/>
        <line num="35" count="10" type="stmt"/>
        <line num="36" count="10" type="stmt"/>
        <line num="38" count="10" type="cond" truecount="2" falsecount="0"/>
        <line num="39" count="1" type="stmt"/>
        <line num="42" count="9" type="stmt"/>
        <line num="46" count="592" type="stmt"/>
        <line num="47" count="592" type="stmt"/>
        <line num="48" count="592" type="stmt"/>
        <line num="49" count="592" type="stmt"/>
        <line num="50" count="592" type="stmt"/>
      </file>
    </package>
    <package name="src.modules.HitParade">
      <metrics statements="25" coveredstatements="25" conditionals="19" coveredconditionals="19" methods="12" coveredmethods="12"/>
      <file name="PlayerList.tsx" path="/home/runner/work/lines/lines/src/modules/HitParade/PlayerList.tsx">
        <metrics statements="4" coveredstatements="4" conditionals="0" coveredconditionals="0" methods="2" coveredmethods="2"/>
        <line num="12" count="5" type="stmt"/>
        <line num="13" count="5" type="stmt"/>
        <line num="14" count="5" type="stmt"/>
        <line num="18" count="15" type="stmt"/>
      </file>
      <file name="PlayerListHeader.tsx" path="/home/runner/work/lines/lines/src/modules/HitParade/PlayerListHeader.tsx">
        <metrics statements="2" coveredstatements="2" conditionals="0" coveredconditionals="0" methods="1" coveredmethods="1"/>
        <line num="4" count="5" type="stmt"/>
        <line num="5" count="5" type="stmt"/>
      </file>
      <file name="PlayerListRow.tsx" path="/home/runner/work/lines/lines/src/modules/HitParade/PlayerListRow.tsx">
        <metrics statements="3" coveredstatements="3" conditionals="3" coveredconditionals="3" methods="1" coveredmethods="1"/>
        <line num="12" count="6" type="cond" truecount="1" falsecount="0"/>
        <line num="13" count="24" type="stmt"/>
        <line num="14" count="24" type="stmt"/>
      </file>
      <file name="index.tsx" path="/home/runner/work/lines/lines/src/modules/HitParade/index.tsx">
        <metrics statements="5" coveredstatements="5" conditionals="4" coveredconditionals="4" methods="3" coveredmethods="3"/>
        <line num="14" count="4" type="stmt"/>
        <line num="18" count="4" type="stmt"/>
        <line num="19" count="11" type="stmt"/>
        <line num="20" count="11" type="cond" truecount="2" falsecount="0"/>
        <line num="22" count="11" type="stmt"/>
      </file>
      <file name="layout.ts" path="/home/runner/work/lines/lines/src/modules/HitParade/layout.ts">
        <metrics statements="9" coveredstatements="9" conditionals="8" coveredconditionals="8" methods="4" coveredmethods="4"/>
        <line num="3" count="6" type="stmt"/>
        <line num="7" count="6" type="stmt"/>
        <line num="11" count="6" type="stmt"/>
        <line num="15" count="6" type="stmt"/>
        <line num="23" count="6" type="stmt"/>
        <line num="26" count="29" type="cond" truecount="2" falsecount="0"/>
        <line num="27" count="29" type="cond" truecount="2" falsecount="0"/>
        <line num="28" count="29" type="cond" truecount="2" falsecount="0"/>
        <line num="29" count="29" type="cond" truecount="2" falsecount="0"/>
      </file>
      <file name="models.ts" path="/home/runner/work/lines/lines/src/modules/HitParade/models.ts">
        <metrics statements="0" coveredstatements="0" conditionals="0" coveredconditionals="0" methods="0" coveredmethods="0"/>
      </file>
      <file name="utils.ts" path="/home/runner/work/lines/lines/src/modules/HitParade/utils.ts">
        <metrics statements="2" coveredstatements="2" conditionals="4" coveredconditionals="4" methods="1" coveredmethods="1"/>
        <line num="3" count="6" type="stmt"/>
        <line num="4" count="13" type="cond" truecount="4" falsecount="0"/>
      </file>
    </package>
    <package name="src.modules.UserForm">
      <metrics statements="22" coveredstatements="22" conditionals="0" coveredconditionals="0" methods="6" coveredmethods="6"/>
      <file name="FormControls.tsx" path="/home/runner/work/lines/lines/src/modules/UserForm/FormControls.tsx">
        <metrics statements="11" coveredstatements="11" conditionals="0" coveredconditionals="0" methods="3" coveredmethods="3"/>
        <line num="11" count="5" type="stmt"/>
        <line num="20" count="5" type="stmt"/>
        <line num="21" count="6" type="stmt"/>
        <line num="23" count="6" type="stmt"/>
        <line num="24" count="1" type="stmt"/>
        <line num="31" count="1" type="stmt"/>
        <line num="34" count="6" type="stmt"/>
        <line num="36" count="1" type="stmt"/>
        <line num="37" count="1" type="stmt"/>
        <line num="44" count="1" type="stmt"/>
        <line num="49" count="6" type="stmt"/>
      </file>
      <file name="index.tsx" path="/home/runner/work/lines/lines/src/modules/UserForm/index.tsx">
        <metrics statements="11" coveredstatements="11" conditionals="0" coveredconditionals="0" methods="3" coveredmethods="3"/>
        <line num="14" count="4" type="stmt"/>
        <line num="19" count="4" type="stmt"/>
        <line num="23" count="4" type="stmt"/>
        <line num="24" count="3" type="stmt"/>
        <line num="25" count="3" type="stmt"/>
        <line num="26" count="3" type="stmt"/>
        <line num="28" count="3" type="stmt"/>
        <line num="29" count="3" type="stmt"/>
        <line num="32" count="3" type="stmt"/>
        <line num="33" count="1" type="stmt"/>
        <line num="36" count="3" type="stmt"/>
      </file>
    </package>
    <package name="src.modules.UserInfo">
      <metrics statements="3" coveredstatements="3" conditionals="2" coveredconditionals="2" methods="1" coveredmethods="1"/>
      <file name="index.tsx" path="/home/runner/work/lines/lines/src/modules/UserInfo/index.tsx">
        <metrics statements="3" coveredstatements="3" conditionals="2" coveredconditionals="2" methods="1" coveredmethods="1"/>
        <line num="9" count="3" type="stmt"/>
        <line num="16" count="3" type="stmt"/>
        <line num="17" count="8" type="stmt"/>
      </file>
    </package>
    <package name="src.store">
      <metrics statements="7" coveredstatements="7" conditionals="0" coveredconditionals="0" methods="2" coveredmethods="2"/>
      <file name="index.ts" path="/home/runner/work/lines/lines/src/store/index.ts">
        <metrics statements="5" coveredstatements="5" conditionals="0" coveredconditionals="0" methods="1" coveredmethods="1"/>
        <line num="9" count="1" type="stmt"/>
        <line num="11" count="1" type="stmt"/>
        <line num="14" count="1" type="stmt"/>
        <line num="23" count="1" type="stmt"/>
        <line num="25" count="1" type="stmt"/>
      </file>
      <file name="rootReducer.ts" path="/home/runner/work/lines/lines/src/store/rootReducer.ts">
        <metrics statements="1" coveredstatements="1" conditionals="0" coveredconditionals="0" methods="0" coveredmethods="0"/>
        <line num="5" count="1" type="stmt"/>
      </file>
      <file name="rootSaga.ts" path="/home/runner/work/lines/lines/src/store/rootSaga.ts">
        <metrics statements="1" coveredstatements="1" conditionals="0" coveredconditionals="0" methods="1" coveredmethods="1"/>
        <line num="6" count="2" type="stmt"/>
      </file>
    </package>
    <package name="src.utils">
      <metrics statements="193" coveredstatements="193" conditionals="105" coveredconditionals="100" methods="54" coveredmethods="54"/>
      <file name="Lee.ts" path="/home/runner/work/lines/lines/src/utils/Lee.ts">
        <metrics statements="70" coveredstatements="70" conditionals="43" coveredconditionals="43" methods="7" coveredmethods="7"/>
        <line num="8" count="33" type="stmt"/>
        <line num="9" count="33" type="stmt"/>
        <line num="11" count="33" type="stmt"/>
        <line num="15" count="17" type="cond" truecount="2" falsecount="0"/>
        <line num="16" count="17" type="cond" truecount="2" falsecount="0"/>
        <line num="17" count="2" type="stmt"/>
        <line num="23" count="15" type="stmt"/>
        <line num="25" count="11" type="stmt"/>
        <line num="26" count="11" type="stmt"/>
        <line num="27" count="91" type="stmt"/>
        <line num="28" count="91" type="stmt"/>
        <line num="29" count="755" type="cond" truecount="2" falsecount="0"/>
        <line num="31" count="11" type="stmt"/>
        <line num="37" count="799" type="cond" truecount="4" falsecount="0"/>
        <line num="42" count="15" type="stmt"/>
        <line num="43" count="11" type="cond" truecount="2" falsecount="0"/>
        <line num="45" count="15" type="stmt"/>
        <line num="54" count="33" type="stmt"/>
        <line num="59" count="17" type="stmt"/>
        <line num="60" count="17" type="cond" truecount="5" falsecount="0"/>
        <line num="61" count="6" type="stmt"/>
        <line num="63" count="11" type="stmt"/>
        <line num="64" count="11" type="cond" truecount="2" falsecount="0"/>
        <line num="65" count="11" type="cond" truecount="2" falsecount="0"/>
        <line num="66" count="11" type="cond" truecount="2" falsecount="0"/>
        <line num="67" count="11" type="cond" truecount="2" falsecount="0"/>
        <line num="68" count="11" type="stmt"/>
        <line num="69" count="11" type="stmt"/>
        <line num="71" count="11" type="stmt"/>
        <line num="72" count="11" type="stmt"/>
        <line num="77" count="11" type="cond" truecount="2" falsecount="0"/>
        <line num="78" count="3" type="stmt"/>
        <line num="82" count="8" type="cond" truecount="2" falsecount="0"/>
        <line num="83" count="1" type="stmt"/>
        <line num="87" count="7" type="stmt"/>
        <line num="88" count="7" type="stmt"/>
        <line num="89" count="7" type="stmt"/>
        <line num="90" count="109" type="stmt"/>
        <line num="91" count="109" type="stmt"/>
        <line num="92" count="889" type="stmt"/>
        <line num="94" count="7265" type="cond" truecount="2" falsecount="0"/>
        <line num="96" count="163" type="stmt"/>
        <line num="97" count="652" type="stmt"/>
        <line num="98" count="652" type="stmt"/>
        <line num="99" count="652" type="cond" truecount="4" falsecount="0"/>
        <line num="100" count="166" type="stmt"/>
        <line num="101" count="166" type="stmt"/>
        <line num="107" count="109" type="stmt"/>
        <line num="110" count="7" type="cond" truecount="2" falsecount="0"/>
        <line num="111" count="3" type="stmt"/>
        <line num="115" count="4" type="stmt"/>
        <line num="116" count="4" type="stmt"/>
        <line num="117" count="4" type="stmt"/>
        <line num="118" count="4" type="stmt"/>
        <line num="119" count="4" type="stmt"/>
        <line num="120" count="48" type="stmt"/>
        <line num="121" count="48" type="stmt"/>
        <line num="122" count="48" type="stmt"/>
        <line num="123" count="48" type="stmt"/>
        <line num="124" count="126" type="stmt"/>
        <line num="125" count="126" type="stmt"/>
        <line num="126" count="126" type="cond" truecount="4" falsecount="0"/>
        <line num="127" count="48" type="stmt"/>
        <line num="128" count="48" type="stmt"/>
        <line num="129" count="48" type="stmt"/>
        <line num="133" count="4" type="stmt"/>
        <line num="134" count="4" type="stmt"/>
        <line num="136" count="4" type="stmt"/>
        <line num="137" count="52" type="stmt"/>
        <line num="138" count="52" type="stmt"/>
      </file>
      <file name="addNewCellsToGameField.ts" path="/home/runner/work/lines/lines/src/utils/addNewCellsToGameField.ts">
        <metrics statements="5" coveredstatements="5" conditionals="0" coveredconditionals="0" methods="2" coveredmethods="2"/>
        <line num="3" count="33" type="stmt"/>
        <line num="7" count="3" type="stmt"/>
        <line num="8" count="3" type="stmt"/>
        <line num="9" count="9" type="stmt"/>
        <line num="11" count="3" type="stmt"/>
      </file>
      <file name="createArrayBySize.ts" path="/home/runner/work/lines/lines/src/utils/createArrayBySize.ts">
        <metrics statements="2" coveredstatements="2" conditionals="1" coveredconditionals="1" methods="2" coveredmethods="2"/>
        <line num="1" count="36" type="cond" truecount="1" falsecount="0"/>
        <line num="2" count="3277" type="stmt"/>
      </file>
      <file name="createGameField.ts" path="/home/runner/work/lines/lines/src/utils/createGameField.ts">
        <metrics statements="2" coveredstatements="2" conditionals="1" coveredconditionals="0" methods="1" coveredmethods="1"/>
        <line num="6" count="35" type="cond" truecount="0" falsecount="1"/>
        <line num="7" count="43" type="stmt"/>
      </file>
      <file name="delay.ts" path="/home/runner/work/lines/lines/src/utils/delay.ts">
        <metrics statements="1" coveredstatements="1" conditionals="1" coveredconditionals="0" methods="2" coveredmethods="2"/>
        <line num="1" count="14" type="cond" truecount="0" falsecount="1"/>
      </file>
      <file name="filterChainsByInd.ts" path="/home/runner/work/lines/lines/src/utils/filterChainsByInd.ts">
        <metrics statements="13" coveredstatements="13" conditionals="8" coveredconditionals="8" methods="6" coveredmethods="6"/>
        <line num="1" count="33" type="stmt"/>
        <line num="2" count="8" type="cond" truecount="2" falsecount="0"/>
        <line num="4" count="33" type="stmt"/>
        <line num="5" count="8" type="cond" truecount="2" falsecount="0"/>
        <line num="7" count="33" type="stmt"/>
        <line num="8" count="8" type="stmt"/>
        <line num="9" count="8" type="stmt"/>
        <line num="10" count="8" type="stmt"/>
        <line num="11" count="8" type="cond" truecount="2" falsecount="0"/>
        <line num="12" count="4" type="stmt"/>
        <line num="14" count="8" type="cond" truecount="2" falsecount="0"/>
        <line num="15" count="1" type="stmt"/>
        <line num="17" count="8" type="stmt"/>
      </file>
      <file name="generateCellsByCount.ts" path="/home/runner/work/lines/lines/src/utils/generateCellsByCount.ts">
        <metrics statements="5" coveredstatements="5" conditionals="0" coveredconditionals="0" methods="3" coveredmethods="3"/>
        <line num="1" count="49" type="stmt"/>
        <line num="2" count="3323" type="stmt"/>
        <line num="3" count="49" type="stmt"/>
        <line num="4" count="65" type="stmt"/>
        <line num="6" count="49" type="stmt"/>
      </file>
      <file name="generateCellsByPercent.ts" path="/home/runner/work/lines/lines/src/utils/generateCellsByPercent.ts">
        <metrics statements="3" coveredstatements="3" conditionals="0" coveredconditionals="0" methods="2" coveredmethods="2"/>
        <line num="3" count="46" type="stmt"/>
        <line num="4" count="46" type="stmt"/>
        <line num="5" count="46" type="stmt"/>
      </file>
      <file name="getChainByInd.ts" path="/home/runner/work/lines/lines/src/utils/getChainByInd.ts">
        <metrics statements="18" coveredstatements="18" conditionals="12" coveredconditionals="12" methods="1" coveredmethods="1"/>
        <line num="4" count="33" type="stmt"/>
        <line num="5" count="33" type="stmt"/>
        <line num="12" count="33" type="stmt"/>
        <line num="19" count="26" type="stmt"/>
        <line num="20" count="26" type="stmt"/>
        <line num="25" count="26" type="stmt"/>
        <line num="26" count="26" type="stmt"/>
        <line num="27" count="234" type="cond" truecount="2" falsecount="0"/>
        <line num="28" count="234" type="stmt"/>
        <line num="29" count="234" type="stmt"/>
        <line num="30" count="234" type="cond" truecount="4" falsecount="0"/>
        <line num="31" count="143" type="cond" truecount="4" falsecount="0"/>
        <line num="32" count="7" type="stmt"/>
        <line num="34" count="143" type="stmt"/>
        <line num="36" count="91" type="stmt"/>
        <line num="39" count="26" type="cond" truecount="2" falsecount="0"/>
        <line num="40" count="10" type="stmt"/>
        <line num="42" count="26" type="stmt"/>
      </file>
      <file name="getChainDirection.ts" path="/home/runner/work/lines/lines/src/utils/getChainDirection.ts">
        <metrics statements="8" coveredstatements="8" conditionals="12" coveredconditionals="11" methods="1" coveredmethods="1"/>
        <line num="1" count="33" type="stmt"/>
        <line num="2" count="7" type="stmt"/>
        <line num="3" count="7" type="cond" truecount="3" falsecount="1"/>
        <line num="4" count="7" type="stmt"/>
        <line num="5" count="7" type="cond" truecount="4" falsecount="0"/>
        <line num="6" count="6" type="cond" truecount="4" falsecount="0"/>
        <line num="7" count="6" type="stmt"/>
        <line num="10" count="1" type="stmt"/>
      </file>
      <file name="getChainsByInd.ts" path="/home/runner/work/lines/lines/src/utils/getChainsByInd.ts">
        <metrics statements="14" coveredstatements="14" conditionals="4" coveredconditionals="4" methods="4" coveredmethods="4"/>
        <line num="4" count="33" type="stmt"/>
        <line num="5" count="9" type="stmt"/>
        <line num="7" count="33" type="stmt"/>
        <line num="8" count="9" type="stmt"/>
        <line num="10" count="33" type="stmt"/>
        <line num="11" count="9" type="stmt"/>
        <line num="12" count="9" type="stmt"/>
        <line num="13" count="9" type="stmt"/>
        <line num="14" count="9" type="stmt"/>
        <line num="15" count="9" type="cond" truecount="2" falsecount="0"/>
        <line num="16" count="3" type="stmt"/>
        <line num="18" count="9" type="cond" truecount="2" falsecount="0"/>
        <line num="19" count="5" type="stmt"/>
        <line num="21" count="9" type="stmt"/>
      </file>
      <file name="getHighlightedCells.ts" path="/home/runner/work/lines/lines/src/utils/getHighlightedCells.ts">
        <metrics statements="5" coveredstatements="5" conditionals="0" coveredconditionals="0" methods="2" coveredmethods="2"/>
        <line num="3" count="33" type="stmt"/>
        <line num="4" count="2" type="stmt"/>
        <line num="5" count="2" type="stmt"/>
        <line num="6" count="6" type="stmt"/>
        <line num="8" count="2" type="stmt"/>
      </file>
      <file name="getIndByPos.ts" path="/home/runner/work/lines/lines/src/utils/getIndByPos.ts">
        <metrics statements="2" coveredstatements="2" conditionals="0" coveredconditionals="0" methods="1" coveredmethods="1"/>
        <line num="3" count="33" type="stmt"/>
        <line num="4" count="248" type="stmt"/>
      </file>
      <file name="getNewCells.ts" path="/home/runner/work/lines/lines/src/utils/getNewCells.ts">
        <metrics statements="7" coveredstatements="7" conditionals="4" coveredconditionals="4" methods="6" coveredmethods="6"/>
        <line num="5" count="33" type="stmt"/>
        <line num="6" count="14" type="cond" truecount="2" falsecount="0"/>
        <line num="8" count="33" type="stmt"/>
        <line num="9" count="3" type="stmt"/>
        <line num="11" count="33" type="cond" truecount="2" falsecount="0"/>
        <line num="12" count="3" type="stmt"/>
        <line num="13" count="3" type="stmt"/>
      </file>
      <file name="getOutdatedCells.ts" path="/home/runner/work/lines/lines/src/utils/getOutdatedCells.ts">
        <metrics statements="5" coveredstatements="5" conditionals="1" coveredconditionals="1" methods="3" coveredmethods="3"/>
        <line num="3" count="33" type="cond" truecount="1" falsecount="0"/>
        <line num="4" count="4" type="stmt"/>
        <line num="5" count="8" type="stmt"/>
        <line num="6" count="20" type="stmt"/>
        <line num="7" count="20" type="stmt"/>
      </file>
      <file name="getOutdatedChains.ts" path="/home/runner/work/lines/lines/src/utils/getOutdatedChains.ts">
        <metrics statements="2" coveredstatements="2" conditionals="3" coveredconditionals="3" methods="1" coveredmethods="1"/>
        <line num="6" count="33" type="cond" truecount="3" falsecount="0"/>
        <line num="7" count="6" type="stmt"/>
      </file>
      <file name="getPosByInd.ts" path="/home/runner/work/lines/lines/src/utils/getPosByInd.ts">
        <metrics statements="4" coveredstatements="4" conditionals="0" coveredconditionals="0" methods="1" coveredmethods="1"/>
        <line num="3" count="33" type="stmt"/>
        <line num="4" count="45" type="stmt"/>
        <line num="5" count="45" type="stmt"/>
        <line num="6" count="45" type="stmt"/>
      </file>
      <file name="index.ts" path="/home/runner/work/lines/lines/src/utils/index.ts">
        <metrics statements="0" coveredstatements="0" conditionals="0" coveredconditionals="0" methods="0" coveredmethods="0"/>
      </file>
      <file name="moveToCell.ts" path="/home/runner/work/lines/lines/src/utils/moveToCell.ts">
        <metrics statements="3" coveredstatements="3" conditionals="4" coveredconditionals="4" methods="1" coveredmethods="1"/>
        <line num="6" count="17" type="cond" truecount="4" falsecount="0"/>
        <line num="7" count="2" type="stmt"/>
        <line num="9" count="15" type="stmt"/>
      </file>
      <file name="removeOutdatedChains.ts" path="/home/runner/work/lines/lines/src/utils/removeOutdatedChains.ts">
        <metrics statements="8" coveredstatements="8" conditionals="4" coveredconditionals="4" methods="3" coveredmethods="3"/>
        <line num="1" count="33" type="stmt"/>
        <line num="2" count="5" type="stmt"/>
        <line num="3" count="5" type="stmt"/>
        <line num="4" count="5" type="cond" truecount="2" falsecount="0"/>
        <line num="5" count="4" type="stmt"/>
        <line num="7" count="8" type="cond" truecount="2" falsecount="0"/>
        <line num="9" count="24" type="stmt"/>
        <line num="13" count="5" type="stmt"/>
      </file>
      <file name="setCell.ts" path="/home/runner/work/lines/lines/src/utils/setCell.ts">
        <metrics statements="5" coveredstatements="5" conditionals="7" coveredconditionals="5" methods="2" coveredmethods="2"/>
        <line num="2" count="32" type="cond" truecount="0" falsecount="1"/>
        <line num="3" count="32" type="stmt"/>
        <line num="4" count="32" type="cond" truecount="5" falsecount="0"/>
        <line num="5" count="31" type="stmt"/>
        <line num="7" count="32" type="stmt"/>
      </file>
      <file name="shuffle.ts" path="/home/runner/work/lines/lines/src/utils/shuffle.ts">
        <metrics statements="8" coveredstatements="8" conditionals="0" coveredconditionals="0" methods="1" coveredmethods="1"/>
        <line num="1" count="36" type="stmt"/>
        <line num="2" count="49" type="stmt"/>
        <line num="3" count="49" type="stmt"/>
        <line num="4" count="3248" type="stmt"/>
        <line num="5" count="3248" type="stmt"/>
        <line num="6" count="3248" type="stmt"/>
        <line num="7" count="3248" type="stmt"/>
        <line num="9" count="49" type="stmt"/>
      </file>
      <file name="uuidv4.ts" path="/home/runner/work/lines/lines/src/utils/uuidv4.ts">
        <metrics statements="3" coveredstatements="3" conditionals="0" coveredconditionals="0" methods="2" coveredmethods="2"/>
        <line num="1" count="33" type="stmt"/>
        <line num="2" count="2" type="stmt"/>
        <line num="3" count="62" type="stmt"/>
      </file>
    </package>
  </project>
</coverage>
