{"/home/runner/work/lines/lines/src/Root.tsx": {"path":"/home/runner/work/lines/lines/src/Root.tsx","statementMap":{"0":{"start":{"line":7,"column":13},"end":{"line":15,"column":1}},"1":{"start":{"line":8,"column":2},"end":{"line":14,"column":4}}},"fnMap":{"0":{"name":"(anonymous_0)","decl":{"start":{"line":7,"column":13},"end":{"line":7,"column":14}},"loc":{"start":{"line":7,"column":19},"end":{"line":15,"column":1}},"line":7}},"branchMap":{},"s":{"0":1,"1":1},"f":{"0":1},"b":{},"_coverageSchema":"1a1c01bbd47fc00a2c39e90264f33305004495a9","hash":"615ad7cdc0caeceb7bc3fc68d39bb3f8014f9ccd"}
,"/home/runner/work/lines/lines/src/App/AppBody.tsx": {"path":"/home/runner/work/lines/lines/src/App/AppBody.tsx","statementMap":{"0":{"start":{"line":5,"column":13},"end":{"line":8,"column":1}},"1":{"start":{"line":10,"column":20},"end":{"line":16,"column":1}},"2":{"start":{"line":11,"column":2},"end":{"line":15,"column":4}}},"fnMap":{"0":{"name":"(anonymous_0)","decl":{"start":{"line":10,"column":20},"end":{"line":10,"column":21}},"loc":{"start":{"line":10,"column":26},"end":{"line":16,"column":1}},"line":10}},"branchMap":{},"s":{"0":3,"1":3,"2":5},"f":{"0":5},"b":{},"_coverageSchema":"1a1c01bbd47fc00a2c39e90264f33305004495a9","hash":"2be6948c1d081dc5c997fbbe2a85f21838b04265"}
,"/home/runner/work/lines/lines/src/App/AppBottom.tsx": {"path":"/home/runner/work/lines/lines/src/App/AppBottom.tsx","statementMap":{"0":{"start":{"line":11,"column":13},"end":{"line":13,"column":1}},"1":{"start":{"line":12,"column":30},"end":{"line":12,"column":46}},"2":{"start":{"line":15,"column":16},"end":{"line":17,"column":1}},"3":{"start":{"line":19,"column":22},"end":{"line":37,"column":1}},"4":{"start":{"line":20,"column":39},"end":{"line":20,"column":80}},"5":{"start":{"line":20,"column":76},"end":{"line":20,"column":79}},"6":{"start":{"line":21,"column":23},"end":{"line":21,"column":80}},"7":{"start":{"line":21,"column":61},"end":{"line":21,"column":79}},"8":{"start":{"line":23,"column":28},"end":{"line":27,"column":3}},"9":{"start":{"line":24,"column":24},"end":{"line":24,"column":79}},"10":{"start":{"line":24,"column":64},"end":{"line":24,"column":71}},"11":{"start":{"line":25,"column":21},"end":{"line":25,"column":41}},"12":{"start":{"line":26,"column":4},"end":{"line":26,"column":55}},"13":{"start":{"line":29,"column":2},"end":{"line":36,"column":4}}},"fnMap":{"0":{"name":"(anonymous_0)","decl":{"start":{"line":12,"column":13},"end":{"line":12,"column":14}},"loc":{"start":{"line":12,"column":30},"end":{"line":12,"column":46}},"line":12},"1":{"name":"(anonymous_1)","decl":{"start":{"line":19,"column":22},"end":{"line":19,"column":23}},"loc":{"start":{"line":19,"column":28},"end":{"line":37,"column":1}},"line":19},"2":{"name":"(anonymous_2)","decl":{"start":{"line":20,"column":51},"end":{"line":20,"column":52}},"loc":{"start":{"line":20,"column":76},"end":{"line":20,"column":79}},"line":20},"3":{"name":"(anonymous_3)","decl":{"start":{"line":21,"column":35},"end":{"line":21,"column":36}},"loc":{"start":{"line":21,"column":61},"end":{"line":21,"column":79}},"line":21},"4":{"name":"(anonymous_4)","decl":{"start":{"line":23,"column":28},"end":{"line":23,"column":29}},"loc":{"start":{"line":23,"column":34},"end":{"line":27,"column":3}},"line":23},"5":{"name":"(anonymous_5)","decl":{"start":{"line":24,"column":45},"end":{"line":24,"column":46}},"loc":{"start":{"line":24,"column":64},"end":{"line":24,"column":71}},"line":24}},"branchMap":{"0":{"loc":{"start":{"line":12,"column":30},"end":{"line":12,"column":46}},"type":"cond-expr","locations":[{"start":{"line":12,"column":39},"end":{"line":12,"column":40}},{"start":{"line":12,"column":43},"end":{"line":12,"column":46}}],"line":12},"1":{"loc":{"start":{"line":20,"column":25},"end":{"line":20,"column":34}},"type":"default-arg","locations":[{"start":{"line":20,"column":33},"end":{"line":20,"column":34}}],"line":20}},"s":{"0":3,"1":4,"2":3,"3":3,"4":4,"5":2,"6":4,"7":2,"8":4,"9":4,"10":324,"11":4,"12":4,"13":4},"f":{"0":4,"1":4,"2":2,"3":2,"4":4,"5":324},"b":{"0":[2,2],"1":[0]},"_coverageSchema":"1a1c01bbd47fc00a2c39e90264f33305004495a9","hash":"fa2ee23ae4767b32e4aebea6fc8a3c4ed834ed0a"}
,"/home/runner/work/lines/lines/src/App/AppHeader.tsx": {"path":"/home/runner/work/lines/lines/src/App/AppHeader.tsx","statementMap":{"0":{"start":{"line":5,"column":22},"end":{"line":9,"column":1}},"1":{"start":{"line":6,"column":2},"end":{"line":8,"column":10}}},"fnMap":{"0":{"name":"(anonymous_0)","decl":{"start":{"line":5,"column":22},"end":{"line":5,"column":23}},"loc":{"start":{"line":6,"column":2},"end":{"line":8,"column":10}},"line":6}},"branchMap":{},"s":{"0":3,"1":5},"f":{"0":5},"b":{},"_coverageSchema":"1a1c01bbd47fc00a2c39e90264f33305004495a9","hash":"a9826c0725e9e2fa324ad6e3334a771c4301d0dd"}
,"/home/runner/work/lines/lines/src/App/AppRouter.tsx": {"path":"/home/runner/work/lines/lines/src/App/AppRouter.tsx","statementMap":{"0":{"start":{"line":11,"column":18},"end":{"line":31,"column":1}},"1":{"start":{"line":12,"column":26},"end":{"line":12,"column":69}},"2":{"start":{"line":12,"column":64},"end":{"line":12,"column":68}},"3":{"start":{"line":14,"column":2},"end":{"line":30,"column":4}}},"fnMap":{"0":{"name":"(anonymous_0)","decl":{"start":{"line":11,"column":18},"end":{"line":11,"column":19}},"loc":{"start":{"line":11,"column":24},"end":{"line":31,"column":1}},"line":11},"1":{"name":"(anonymous_1)","decl":{"start":{"line":12,"column":38},"end":{"line":12,"column":39}},"loc":{"start":{"line":12,"column":64},"end":{"line":12,"column":68}},"line":12}},"branchMap":{},"s":{"0":3,"1":5,"2":2,"3":5},"f":{"0":5,"1":2},"b":{},"_coverageSchema":"1a1c01bbd47fc00a2c39e90264f33305004495a9","hash":"bc57e1c139e4e041e0d1771bcfb2dac20a396d1f"}
,"/home/runner/work/lines/lines/src/App/appSaga.ts": {"path":"/home/runner/work/lines/lines/src/App/appSaga.ts","statementMap":{"0":{"start":{"line":11,"column":2},"end":{"line":11,"column":33}},"1":{"start":{"line":12,"column":23},"end":{"line":12,"column":94}},"2":{"start":{"line":13,"column":2},"end":{"line":16,"column":3}},"3":{"start":{"line":14,"column":20},"end":{"line":14,"column":74}},"4":{"start":{"line":15,"column":4},"end":{"line":15,"column":44}},"5":{"start":{"line":17,"column":2},"end":{"line":17,"column":34}},"6":{"start":{"line":20,"column":22},"end":{"line":20,"column":54}},"7":{"start":{"line":20,"column":45},"end":{"line":20,"column":54}},"8":{"start":{"line":23,"column":14},"end":{"line":23,"column":34}},"9":{"start":{"line":24,"column":2},"end":{"line":24,"column":95}},"10":{"start":{"line":28,"column":14},"end":{"line":28,"column":34}},"11":{"start":{"line":29,"column":60},"end":{"line":29,"column":87}},"12":{"start":{"line":30,"column":2},"end":{"line":59,"column":3}},"13":{"start":{"line":31,"column":27},"end":{"line":31,"column":87}},"14":{"start":{"line":32,"column":4},"end":{"line":32,"column":74}},"15":{"start":{"line":33,"column":4},"end":{"line":33,"column":27}},"16":{"start":{"line":34,"column":25},"end":{"line":39,"column":5}},"17":{"start":{"line":40,"column":26},"end":{"line":43,"column":5}},"18":{"start":{"line":44,"column":4},"end":{"line":44,"column":56}},"19":{"start":{"line":45,"column":4},"end":{"line":45,"column":27}},"20":{"start":{"line":46,"column":4},"end":{"line":50,"column":6}},"21":{"start":{"line":51,"column":4},"end":{"line":58,"column":6}},"22":{"start":{"line":60,"column":2},"end":{"line":60,"column":24}},"23":{"start":{"line":64,"column":2},"end":{"line":64,"column":58}},"24":{"start":{"line":65,"column":2},"end":{"line":65,"column":59}},"25":{"start":{"line":66,"column":2},"end":{"line":66,"column":60}},"26":{"start":{"line":67,"column":2},"end":{"line":67,"column":55}}},"fnMap":{"0":{"name":"watchRehydrate","decl":{"start":{"line":10,"column":17},"end":{"line":10,"column":31}},"loc":{"start":{"line":10,"column":45},"end":{"line":18,"column":1}},"line":10},"1":{"name":"(anonymous_1)","decl":{"start":{"line":20,"column":22},"end":{"line":20,"column":23}},"loc":{"start":{"line":20,"column":45},"end":{"line":20,"column":54}},"line":20},"2":{"name":"watchPersist","decl":{"start":{"line":22,"column":17},"end":{"line":22,"column":29}},"loc":{"start":{"line":22,"column":43},"end":{"line":25,"column":1}},"line":22},"3":{"name":"watchMoveToCell","decl":{"start":{"line":27,"column":17},"end":{"line":27,"column":32}},"loc":{"start":{"line":27,"column":80},"end":{"line":61,"column":1}},"line":27},"4":{"name":"appSaga","decl":{"start":{"line":63,"column":17},"end":{"line":63,"column":24}},"loc":{"start":{"line":63,"column":27},"end":{"line":68,"column":1}},"line":63}},"branchMap":{"0":{"loc":{"start":{"line":13,"column":2},"end":{"line":16,"column":3}},"type":"if","locations":[{"start":{"line":13,"column":2},"end":{"line":16,"column":3}},{"start":{},"end":{}}],"line":13},"1":{"loc":{"start":{"line":30,"column":2},"end":{"line":59,"column":3}},"type":"if","locations":[{"start":{"line":30,"column":2},"end":{"line":59,"column":3}},{"start":{},"end":{}}],"line":30}},"s":{"0":3,"1":3,"2":3,"3":1,"4":1,"5":3,"6":6,"7":2,"8":2,"9":2,"10":1,"11":1,"12":1,"13":1,"14":1,"15":1,"16":1,"17":1,"18":1,"19":1,"20":1,"21":1,"22":1,"23":7,"24":7,"25":7,"26":7},"f":{"0":3,"1":2,"2":2,"3":1,"4":7},"b":{"0":[1,2],"1":[1,0]},"_coverageSchema":"1a1c01bbd47fc00a2c39e90264f33305004495a9","hash":"5b14ef869bd2ae13a5e0d5d4386e3256fbf0a772"}
,"/home/runner/work/lines/lines/src/App/appSlice.ts": {"path":"/home/runner/work/lines/lines/src/App/appSlice.ts","statementMap":{"0":{"start":{"line":10,"column":17},"end":{"line":44,"column":2}},"1":{"start":{"line":14,"column":26},"end":{"line":14,"column":31}},"2":{"start":{"line":15,"column":36},"end":{"line":15,"column":50}},"3":{"start":{"line":17,"column":6},"end":{"line":17,"column":32}},"4":{"start":{"line":18,"column":6},"end":{"line":18,"column":22}},"5":{"start":{"line":19,"column":6},"end":{"line":19,"column":74}},"6":{"start":{"line":20,"column":6},"end":{"line":20,"column":96}},"7":{"start":{"line":23,"column":6},"end":{"line":23,"column":35}},"8":{"start":{"line":25,"column":63},"end":{"line":25,"column":68}},"9":{"start":{"line":26,"column":36},"end":{"line":26,"column":67}},"10":{"start":{"line":28,"column":6},"end":{"line":28,"column":68}},"11":{"start":{"line":29,"column":6},"end":{"line":29,"column":69}},"12":{"start":{"line":32,"column":37},"end":{"line":32,"column":65}},"13":{"start":{"line":33,"column":6},"end":{"line":33,"column":22}},"14":{"start":{"line":34,"column":6},"end":{"line":34,"column":60}},"15":{"start":{"line":35,"column":6},"end":{"line":35,"column":90}},"16":{"start":{"line":38,"column":6},"end":{"line":38,"column":29}},"17":{"start":{"line":41,"column":6},"end":{"line":41,"column":30}},"18":{"start":{"line":46,"column":29},"end":{"line":46,"column":37}}},"fnMap":{"0":{"name":"(anonymous_0)","decl":{"start":{"line":14,"column":15},"end":{"line":14,"column":16}},"loc":{"start":{"line":14,"column":26},"end":{"line":14,"column":31}},"line":14},"1":{"name":"(anonymous_1)","decl":{"start":{"line":15,"column":17},"end":{"line":15,"column":18}},"loc":{"start":{"line":15,"column":36},"end":{"line":15,"column":50}},"line":15},"2":{"name":"(anonymous_2)","decl":{"start":{"line":16,"column":18},"end":{"line":16,"column":19}},"loc":{"start":{"line":16,"column":65},"end":{"line":21,"column":5}},"line":16},"3":{"name":"(anonymous_3)","decl":{"start":{"line":22,"column":21},"end":{"line":22,"column":22}},"loc":{"start":{"line":22,"column":80},"end":{"line":24,"column":5}},"line":22},"4":{"name":"(anonymous_4)","decl":{"start":{"line":25,"column":16},"end":{"line":25,"column":17}},"loc":{"start":{"line":25,"column":63},"end":{"line":25,"column":68}},"line":25},"5":{"name":"(anonymous_5)","decl":{"start":{"line":26,"column":16},"end":{"line":26,"column":17}},"loc":{"start":{"line":26,"column":36},"end":{"line":26,"column":67}},"line":26},"6":{"name":"(anonymous_6)","decl":{"start":{"line":27,"column":13},"end":{"line":27,"column":14}},"loc":{"start":{"line":27,"column":24},"end":{"line":30,"column":5}},"line":27},"7":{"name":"(anonymous_7)","decl":{"start":{"line":31,"column":14},"end":{"line":31,"column":15}},"loc":{"start":{"line":31,"column":25},"end":{"line":36,"column":5}},"line":31},"8":{"name":"(anonymous_8)","decl":{"start":{"line":37,"column":12},"end":{"line":37,"column":13}},"loc":{"start":{"line":37,"column":23},"end":{"line":39,"column":5}},"line":37},"9":{"name":"(anonymous_9)","decl":{"start":{"line":40,"column":13},"end":{"line":40,"column":14}},"loc":{"start":{"line":40,"column":24},"end":{"line":42,"column":5}},"line":40}},"branchMap":{},"s":{"0":13,"1":1,"2":1,"3":1,"4":1,"5":1,"6":1,"7":1,"8":1,"9":1,"10":1,"11":1,"12":1,"13":1,"14":1,"15":1,"16":1,"17":1,"18":13},"f":{"0":1,"1":1,"2":1,"3":1,"4":1,"5":1,"6":1,"7":1,"8":1,"9":1},"b":{},"_coverageSchema":"1a1c01bbd47fc00a2c39e90264f33305004495a9","hash":"f289807cc7a21ad40172b2241530f930fc04f9da"}
,"/home/runner/work/lines/lines/src/App/index.tsx": {"path":"/home/runner/work/lines/lines/src/App/index.tsx","statementMap":{"0":{"start":{"line":9,"column":13},"end":{"line":15,"column":1}},"1":{"start":{"line":17,"column":18},"end":{"line":26,"column":1}},"2":{"start":{"line":37,"column":16},"end":{"line":44,"column":1}},"3":{"start":{"line":38,"column":2},"end":{"line":43,"column":9}}},"fnMap":{"0":{"name":"(anonymous_0)","decl":{"start":{"line":37,"column":16},"end":{"line":37,"column":17}},"loc":{"start":{"line":38,"column":2},"end":{"line":43,"column":9}},"line":38}},"branchMap":{},"s":{"0":2,"1":2,"2":2,"3":3},"f":{"0":3},"b":{},"_coverageSchema":"1a1c01bbd47fc00a2c39e90264f33305004495a9","hash":"8582e5683974e14472c4ab903f54dde104a5c507"}
,"/home/runner/work/lines/lines/src/App/initialState.ts": {"path":"/home/runner/work/lines/lines/src/App/initialState.ts","statementMap":{"0":{"start":{"line":4,"column":31},"end":{"line":4,"column":32}},"1":{"start":{"line":6,"column":31},"end":{"line":6,"column":34}},"2":{"start":{"line":7,"column":46},"end":{"line":7,"column":47}},"3":{"start":{"line":16,"column":43},"end":{"line":20,"column":1}},"4":{"start":{"line":22,"column":32},"end":{"line":31,"column":1}}},"fnMap":{},"branchMap":{},"s":{"0":30,"1":30,"2":30,"3":30,"4":30},"f":{},"b":{},"_coverageSchema":"1a1c01bbd47fc00a2c39e90264f33305004495a9","hash":"6a5bcf1f2549ad4ede1508d9593657c1686a0ef8"}
,"/home/runner/work/lines/lines/src/App/model/IAppState.ts": {"path":"/home/runner/work/lines/lines/src/App/model/IAppState.ts","statementMap":{},"fnMap":{},"branchMap":{},"s":{},"f":{},"b":{}}
,"/home/runner/work/lines/lines/src/App/model/IOutdatedCells.ts": {"path":"/home/runner/work/lines/lines/src/App/model/IOutdatedCells.ts","statementMap":{},"fnMap":{},"branchMap":{},"s":{},"f":{},"b":{}}
,"/home/runner/work/lines/lines/src/components/Button.tsx": {"path":"/home/runner/work/lines/lines/src/components/Button.tsx","statementMap":{"0":{"start":{"line":5,"column":13},"end":{"line":8,"column":1}},"1":{"start":{"line":15,"column":28},"end":{"line":21,"column":1}},"2":{"start":{"line":16,"column":2},"end":{"line":20,"column":4}}},"fnMap":{"0":{"name":"(anonymous_0)","decl":{"start":{"line":15,"column":28},"end":{"line":15,"column":29}},"loc":{"start":{"line":15,"column":80},"end":{"line":21,"column":1}},"line":15}},"branchMap":{"0":{"loc":{"start":{"line":15,"column":31},"end":{"line":15,"column":47}},"type":"default-arg","locations":[{"start":{"line":15,"column":39},"end":{"line":15,"column":47}}],"line":15},"1":{"loc":{"start":{"line":15,"column":58},"end":{"line":15,"column":73}},"type":"default-arg","locations":[{"start":{"line":15,"column":65},"end":{"line":15,"column":73}}],"line":15}},"s":{"0":5,"1":5,"2":12},"f":{"0":12},"b":{"0":[0],"1":[2]},"_coverageSchema":"1a1c01bbd47fc00a2c39e90264f33305004495a9","hash":"ee2e86248661f508aff297de9508b4c1f9a65827"}
,"/home/runner/work/lines/lines/src/components/Loading.tsx": {"path":"/home/runner/work/lines/lines/src/components/Loading.tsx","statementMap":{"0":{"start":{"line":8,"column":19},"end":{"line":18,"column":1}},"1":{"start":{"line":20,"column":15},"end":{"line":28,"column":1}},"2":{"start":{"line":30,"column":13},"end":{"line":51,"column":1}},"3":{"start":{"line":53,"column":16},"end":{"line":74,"column":1}},"4":{"start":{"line":54,"column":32},"end":{"line":54,"column":66}},"5":{"start":{"line":55,"column":2},"end":{"line":58,"column":9}},"6":{"start":{"line":56,"column":20},"end":{"line":56,"column":54}},"7":{"start":{"line":57,"column":4},"end":{"line":57,"column":24}},"8":{"start":{"line":60,"column":2},"end":{"line":73,"column":4}}},"fnMap":{"0":{"name":"(anonymous_0)","decl":{"start":{"line":53,"column":16},"end":{"line":53,"column":17}},"loc":{"start":{"line":53,"column":22},"end":{"line":74,"column":1}},"line":53},"1":{"name":"(anonymous_1)","decl":{"start":{"line":55,"column":12},"end":{"line":55,"column":13}},"loc":{"start":{"line":55,"column":18},"end":{"line":58,"column":3}},"line":55}},"branchMap":{"0":{"loc":{"start":{"line":61,"column":4},"end":{"line":72,"column":5}},"type":"binary-expr","locations":[{"start":{"line":61,"column":4},"end":{"line":61,"column":11}},{"start":{"line":62,"column":4},"end":{"line":72,"column":5}}],"line":61}},"s":{"0":4,"1":4,"2":4,"3":4,"4":2,"5":2,"6":1,"7":1,"8":2},"f":{"0":2,"1":1},"b":{"0":[2,1]},"_coverageSchema":"1a1c01bbd47fc00a2c39e90264f33305004495a9","hash":"dfbadc96d1897b416babf7737b3871faecfc274f"}
,"/home/runner/work/lines/lines/src/components/Select.tsx": {"path":"/home/runner/work/lines/lines/src/components/Select.tsx","statementMap":{"0":{"start":{"line":5,"column":18},"end":{"line":12,"column":1}},"1":{"start":{"line":14,"column":13},"end":{"line":25,"column":1}},"2":{"start":{"line":31,"column":28},"end":{"line":44,"column":1}},"3":{"start":{"line":32,"column":2},"end":{"line":43,"column":4}},"4":{"start":{"line":37,"column":10},"end":{"line":39,"column":19}}},"fnMap":{"0":{"name":"(anonymous_0)","decl":{"start":{"line":31,"column":28},"end":{"line":31,"column":29}},"loc":{"start":{"line":31,"column":61},"end":{"line":44,"column":1}},"line":31},"1":{"name":"(anonymous_1)","decl":{"start":{"line":36,"column":23},"end":{"line":36,"column":24}},"loc":{"start":{"line":37,"column":10},"end":{"line":39,"column":19}},"line":37}},"branchMap":{},"s":{"0":5,"1":5,"2":5,"3":7,"4":21},"f":{"0":7,"1":21},"b":{},"_coverageSchema":"1a1c01bbd47fc00a2c39e90264f33305004495a9","hash":"2e3233cba4c02c22fc57730022a525c7f4dc2f77"}
,"/home/runner/work/lines/lines/src/layout/Panel.ts": {"path":"/home/runner/work/lines/lines/src/layout/Panel.ts","statementMap":{"0":{"start":{"line":3,"column":14},"end":{"line":9,"column":1}}},"fnMap":{},"branchMap":{},"s":{"0":5},"f":{},"b":{},"_coverageSchema":"1a1c01bbd47fc00a2c39e90264f33305004495a9","hash":"eb694879d17f0a092ba8053451305729d07b9d1d"}
,"/home/runner/work/lines/lines/src/modules/Auth/AuthForm.tsx": {"path":"/home/runner/work/lines/lines/src/modules/Auth/AuthForm.tsx","statementMap":{"0":{"start":{"line":9,"column":13},"end":{"line":28,"column":1}},"1":{"start":{"line":39,"column":21},"end":{"line":85,"column":1}},"2":{"start":{"line":40,"column":19},"end":{"line":40,"column":32}},"3":{"start":{"line":41,"column":22},"end":{"line":41,"column":29}},"4":{"start":{"line":43,"column":34},"end":{"line":43,"column":82}},"5":{"start":{"line":45,"column":23},"end":{"line":47,"column":3}},"6":{"start":{"line":46,"column":4},"end":{"line":46,"column":32}},"7":{"start":{"line":49,"column":23},"end":{"line":52,"column":3}},"8":{"start":{"line":50,"column":26},"end":{"line":50,"column":41}},"9":{"start":{"line":51,"column":4},"end":{"line":51,"column":46}},"10":{"start":{"line":54,"column":2},"end":{"line":84,"column":4}}},"fnMap":{"0":{"name":"(anonymous_0)","decl":{"start":{"line":39,"column":21},"end":{"line":39,"column":22}},"loc":{"start":{"line":39,"column":27},"end":{"line":85,"column":1}},"line":39},"1":{"name":"(anonymous_1)","decl":{"start":{"line":45,"column":23},"end":{"line":45,"column":24}},"loc":{"start":{"line":45,"column":29},"end":{"line":47,"column":3}},"line":45},"2":{"name":"(anonymous_2)","decl":{"start":{"line":49,"column":23},"end":{"line":49,"column":24}},"loc":{"start":{"line":49,"column":67},"end":{"line":52,"column":3}},"line":49}},"branchMap":{"0":{"loc":{"start":{"line":78,"column":47},"end":{"line":78,"column":84}},"type":"binary-expr","locations":[{"start":{"line":78,"column":47},"end":{"line":78,"column":62}},{"start":{"line":78,"column":66},"end":{"line":78,"column":84}}],"line":78}},"s":{"0":4,"1":4,"2":13,"3":13,"4":13,"5":13,"6":1,"7":13,"8":7,"9":7,"10":13},"f":{"0":13,"1":1,"2":7},"b":{"0":[13,7]},"_coverageSchema":"1a1c01bbd47fc00a2c39e90264f33305004495a9","hash":"0052015b8893b853731dbdabf8be76b7e69364fe"}
,"/home/runner/work/lines/lines/src/modules/Auth/AuthLayout.tsx": {"path":"/home/runner/work/lines/lines/src/modules/Auth/AuthLayout.tsx","statementMap":{"0":{"start":{"line":10,"column":13},"end":{"line":12,"column":1}},"1":{"start":{"line":17,"column":36},"end":{"line":34,"column":1}},"2":{"start":{"line":18,"column":24},"end":{"line":18,"column":65}},"3":{"start":{"line":18,"column":61},"end":{"line":18,"column":64}},"4":{"start":{"line":19,"column":17},"end":{"line":19,"column":30}},"5":{"start":{"line":21,"column":2},"end":{"line":25,"column":14}},"6":{"start":{"line":22,"column":4},"end":{"line":24,"column":5}},"7":{"start":{"line":23,"column":6},"end":{"line":23,"column":39}},"8":{"start":{"line":27,"column":2},"end":{"line":33,"column":4}}},"fnMap":{"0":{"name":"(anonymous_0)","decl":{"start":{"line":17,"column":36},"end":{"line":17,"column":37}},"loc":{"start":{"line":17,"column":56},"end":{"line":34,"column":1}},"line":17},"1":{"name":"(anonymous_1)","decl":{"start":{"line":18,"column":36},"end":{"line":18,"column":37}},"loc":{"start":{"line":18,"column":61},"end":{"line":18,"column":64}},"line":18},"2":{"name":"(anonymous_2)","decl":{"start":{"line":21,"column":12},"end":{"line":21,"column":13}},"loc":{"start":{"line":21,"column":18},"end":{"line":25,"column":3}},"line":21}},"branchMap":{"0":{"loc":{"start":{"line":17,"column":39},"end":{"line":17,"column":49}},"type":"default-arg","locations":[{"start":{"line":17,"column":47},"end":{"line":17,"column":49}}],"line":17},"1":{"loc":{"start":{"line":22,"column":4},"end":{"line":24,"column":5}},"type":"if","locations":[{"start":{"line":22,"column":4},"end":{"line":24,"column":5}},{"start":{},"end":{}}],"line":22},"2":{"loc":{"start":{"line":31,"column":7},"end":{"line":31,"column":31}},"type":"binary-expr","locations":[{"start":{"line":31,"column":7},"end":{"line":31,"column":16}},{"start":{"line":31,"column":20},"end":{"line":31,"column":31}}],"line":31}},"s":{"0":3,"1":3,"2":10,"3":4,"4":10,"5":10,"6":4,"7":1,"8":10},"f":{"0":10,"1":4,"2":4},"b":{"0":[8],"1":[1,3],"2":[10,0]},"_coverageSchema":"1a1c01bbd47fc00a2c39e90264f33305004495a9","hash":"c8e6940ee5c93dd7475a1a6cb3341c6d98ad71d6"}
,"/home/runner/work/lines/lines/src/modules/Auth/AuthStatus.tsx": {"path":"/home/runner/work/lines/lines/src/modules/Auth/AuthStatus.tsx","statementMap":{"0":{"start":{"line":4,"column":14},"end":{"line":8,"column":1}},"1":{"start":{"line":13,"column":36},"end":{"line":19,"column":1}},"2":{"start":{"line":14,"column":2},"end":{"line":16,"column":3}},"3":{"start":{"line":15,"column":4},"end":{"line":15,"column":32}},"4":{"start":{"line":18,"column":2},"end":{"line":18,"column":44}}},"fnMap":{"0":{"name":"(anonymous_0)","decl":{"start":{"line":13,"column":36},"end":{"line":13,"column":37}},"loc":{"start":{"line":13,"column":56},"end":{"line":19,"column":1}},"line":13}},"branchMap":{"0":{"loc":{"start":{"line":13,"column":39},"end":{"line":13,"column":49}},"type":"default-arg","locations":[{"start":{"line":13,"column":47},"end":{"line":13,"column":49}}],"line":13},"1":{"loc":{"start":{"line":14,"column":2},"end":{"line":16,"column":3}},"type":"if","locations":[{"start":{"line":14,"column":2},"end":{"line":16,"column":3}},{"start":{},"end":{}}],"line":14}},"s":{"0":3,"1":3,"2":10,"3":8,"4":2},"f":{"0":10},"b":{"0":[0],"1":[8,2]},"_coverageSchema":"1a1c01bbd47fc00a2c39e90264f33305004495a9","hash":"74b34934e5eb920cbae2c9431d97972629143278"}
,"/home/runner/work/lines/lines/src/modules/Auth/RequireAuth.tsx": {"path":"/home/runner/work/lines/lines/src/modules/Auth/RequireAuth.tsx","statementMap":{"0":{"start":{"line":8,"column":38},"end":{"line":16,"column":1}},"1":{"start":{"line":9,"column":17},"end":{"line":9,"column":30}},"2":{"start":{"line":11,"column":2},"end":{"line":13,"column":3}},"3":{"start":{"line":12,"column":4},"end":{"line":12,"column":70}},"4":{"start":{"line":15,"column":2},"end":{"line":15,"column":18}}},"fnMap":{"0":{"name":"(anonymous_0)","decl":{"start":{"line":8,"column":38},"end":{"line":8,"column":39}},"loc":{"start":{"line":8,"column":63},"end":{"line":16,"column":1}},"line":8}},"branchMap":{"0":{"loc":{"start":{"line":11,"column":2},"end":{"line":13,"column":3}},"type":"if","locations":[{"start":{"line":11,"column":2},"end":{"line":13,"column":3}},{"start":{},"end":{}}],"line":11}},"s":{"0":3,"1":6,"2":6,"3":4,"4":2},"f":{"0":6},"b":{"0":[4,2]},"_coverageSchema":"1a1c01bbd47fc00a2c39e90264f33305004495a9","hash":"ceaa82adb138b35cd92fecdd220865b07e369cf4"}
,"/home/runner/work/lines/lines/src/modules/Auth/authSaga.ts": {"path":"/home/runner/work/lines/lines/src/modules/Auth/authSaga.ts","statementMap":{"0":{"start":{"line":11,"column":2},"end":{"line":11,"column":33}},"1":{"start":{"line":12,"column":20},"end":{"line":12,"column":47}},"2":{"start":{"line":13,"column":2},"end":{"line":16,"column":3}},"3":{"start":{"line":14,"column":4},"end":{"line":14,"column":62}},"4":{"start":{"line":15,"column":4},"end":{"line":15,"column":37}},"5":{"start":{"line":17,"column":2},"end":{"line":17,"column":34}},"6":{"start":{"line":21,"column":2},"end":{"line":21,"column":33}},"7":{"start":{"line":22,"column":2},"end":{"line":22,"column":22}},"8":{"start":{"line":23,"column":2},"end":{"line":23,"column":34}},"9":{"start":{"line":24,"column":2},"end":{"line":24,"column":34}},"10":{"start":{"line":28,"column":24},"end":{"line":28,"column":96}},"11":{"start":{"line":29,"column":2},"end":{"line":32,"column":3}},"12":{"start":{"line":30,"column":24},"end":{"line":30,"column":79}},"13":{"start":{"line":31,"column":4},"end":{"line":31,"column":62}},"14":{"start":{"line":36,"column":2},"end":{"line":36,"column":58}},"15":{"start":{"line":37,"column":2},"end":{"line":37,"column":56}},"16":{"start":{"line":38,"column":2},"end":{"line":38,"column":62}}},"fnMap":{"0":{"name":"watchSetUser","decl":{"start":{"line":10,"column":17},"end":{"line":10,"column":29}},"loc":{"start":{"line":10,"column":80},"end":{"line":18,"column":1}},"line":10},"1":{"name":"watchLogout","decl":{"start":{"line":20,"column":17},"end":{"line":20,"column":28}},"loc":{"start":{"line":20,"column":42},"end":{"line":25,"column":1}},"line":20},"2":{"name":"watchRehydrate","decl":{"start":{"line":27,"column":17},"end":{"line":27,"column":31}},"loc":{"start":{"line":27,"column":45},"end":{"line":33,"column":1}},"line":27},"3":{"name":"authSaga","decl":{"start":{"line":35,"column":17},"end":{"line":35,"column":25}},"loc":{"start":{"line":35,"column":28},"end":{"line":39,"column":1}},"line":35}},"branchMap":{"0":{"loc":{"start":{"line":13,"column":2},"end":{"line":16,"column":3}},"type":"if","locations":[{"start":{"line":13,"column":2},"end":{"line":16,"column":3}},{"start":{},"end":{}}],"line":13},"1":{"loc":{"start":{"line":29,"column":2},"end":{"line":32,"column":3}},"type":"if","locations":[{"start":{"line":29,"column":2},"end":{"line":32,"column":3}},{"start":{},"end":{}}],"line":29}},"s":{"0":3,"1":3,"2":3,"3":1,"4":1,"5":3,"6":2,"7":2,"8":2,"9":2,"10":9,"11":7,"12":1,"13":1,"14":7,"15":7,"16":7},"f":{"0":3,"1":2,"2":9,"3":7},"b":{"0":[1,2],"1":[1,6]},"_coverageSchema":"1a1c01bbd47fc00a2c39e90264f33305004495a9","hash":"d56b2e1e016ba2ee5a4b50a295cf607805783bd6"}
,"/home/runner/work/lines/lines/src/modules/Auth/authSlice.ts": {"path":"/home/runner/work/lines/lines/src/modules/Auth/authSlice.ts","statementMap":{"0":{"start":{"line":8,"column":33},"end":{"line":10,"column":1}},"1":{"start":{"line":12,"column":18},"end":{"line":25,"column":2}},"2":{"start":{"line":16,"column":26},"end":{"line":16,"column":31}},"3":{"start":{"line":17,"column":75},"end":{"line":17,"column":80}},"4":{"start":{"line":19,"column":6},"end":{"line":19,"column":34}},"5":{"start":{"line":22,"column":6},"end":{"line":22,"column":36}},"6":{"start":{"line":27,"column":29},"end":{"line":27,"column":38}}},"fnMap":{"0":{"name":"(anonymous_0)","decl":{"start":{"line":16,"column":15},"end":{"line":16,"column":16}},"loc":{"start":{"line":16,"column":26},"end":{"line":16,"column":31}},"line":16},"1":{"name":"(anonymous_1)","decl":{"start":{"line":17,"column":13},"end":{"line":17,"column":14}},"loc":{"start":{"line":17,"column":75},"end":{"line":17,"column":80}},"line":17},"2":{"name":"(anonymous_2)","decl":{"start":{"line":18,"column":11},"end":{"line":18,"column":12}},"loc":{"start":{"line":18,"column":76},"end":{"line":20,"column":5}},"line":18},"3":{"name":"(anonymous_3)","decl":{"start":{"line":21,"column":12},"end":{"line":21,"column":13}},"loc":{"start":{"line":21,"column":23},"end":{"line":23,"column":5}},"line":21}},"branchMap":{},"s":{"0":11,"1":11,"2":6,"3":1,"4":1,"5":1,"6":11},"f":{"0":6,"1":1,"2":1,"3":1},"b":{},"_coverageSchema":"1a1c01bbd47fc00a2c39e90264f33305004495a9","hash":"2169e504c0c883004dee17fa784538c24e6ed855"}
,"/home/runner/work/lines/lines/src/modules/Auth/fakeAuthProvider.ts": {"path":"/home/runner/work/lines/lines/src/modules/Auth/fakeAuthProvider.ts","statementMap":{"0":{"start":{"line":9,"column":15},"end":{"line":24,"column":1}},"1":{"start":{"line":10,"column":2},"end":{"line":23,"column":5}},"2":{"start":{"line":11,"column":4},"end":{"line":22,"column":12}},"3":{"start":{"line":12,"column":6},"end":{"line":21,"column":7}},"4":{"start":{"line":13,"column":8},"end":{"line":15,"column":9}},"5":{"start":{"line":14,"column":10},"end":{"line":14,"column":45}},"6":{"start":{"line":16,"column":40},"end":{"line":16,"column":72}},"7":{"start":{"line":17,"column":8},"end":{"line":17,"column":82}},"8":{"start":{"line":18,"column":8},"end":{"line":18,"column":29}},"9":{"start":{"line":20,"column":8},"end":{"line":20,"column":62}},"10":{"start":{"line":26,"column":16},"end":{"line":33,"column":1}},"11":{"start":{"line":27,"column":2},"end":{"line":32,"column":5}},"12":{"start":{"line":28,"column":4},"end":{"line":31,"column":12}},"13":{"start":{"line":29,"column":6},"end":{"line":29,"column":54}},"14":{"start":{"line":30,"column":6},"end":{"line":30,"column":20}}},"fnMap":{"0":{"name":"(anonymous_0)","decl":{"start":{"line":9,"column":15},"end":{"line":9,"column":16}},"loc":{"start":{"line":9,"column":63},"end":{"line":24,"column":1}},"line":9},"1":{"name":"(anonymous_1)","decl":{"start":{"line":10,"column":21},"end":{"line":10,"column":22}},"loc":{"start":{"line":10,"column":42},"end":{"line":23,"column":3}},"line":10},"2":{"name":"(anonymous_2)","decl":{"start":{"line":11,"column":15},"end":{"line":11,"column":16}},"loc":{"start":{"line":11,"column":21},"end":{"line":22,"column":5}},"line":11},"3":{"name":"(anonymous_3)","decl":{"start":{"line":26,"column":16},"end":{"line":26,"column":17}},"loc":{"start":{"line":26,"column":40},"end":{"line":33,"column":1}},"line":26},"4":{"name":"(anonymous_4)","decl":{"start":{"line":27,"column":21},"end":{"line":27,"column":22}},"loc":{"start":{"line":27,"column":34},"end":{"line":32,"column":3}},"line":27},"5":{"name":"(anonymous_5)","decl":{"start":{"line":28,"column":15},"end":{"line":28,"column":16}},"loc":{"start":{"line":28,"column":21},"end":{"line":31,"column":5}},"line":28}},"branchMap":{"0":{"loc":{"start":{"line":13,"column":8},"end":{"line":15,"column":9}},"type":"if","locations":[{"start":{"line":13,"column":8},"end":{"line":15,"column":9}},{"start":{},"end":{}}],"line":13},"1":{"loc":{"start":{"line":20,"column":15},"end":{"line":20,"column":60}},"type":"binary-expr","locations":[{"start":{"line":20,"column":16},"end":{"line":20,"column":29}},{"start":{"line":20,"column":34},"end":{"line":20,"column":60}}],"line":20}},"s":{"0":6,"1":2,"2":2,"3":2,"4":2,"5":1,"6":1,"7":1,"8":1,"9":1,"10":6,"11":1,"12":1,"13":1,"14":1},"f":{"0":2,"1":2,"2":2,"3":1,"4":1,"5":1},"b":{"0":[1,1],"1":[1,0]},"_coverageSchema":"1a1c01bbd47fc00a2c39e90264f33305004495a9","hash":"2e2934ea123aa7d65563a23079fb27c25de9143c"}
,"/home/runner/work/lines/lines/src/modules/Auth/model/IAuthState.ts": {"path":"/home/runner/work/lines/lines/src/modules/Auth/model/IAuthState.ts","statementMap":{},"fnMap":{},"branchMap":{},"s":{},"f":{},"b":{}}
,"/home/runner/work/lines/lines/src/modules/Auth/model/IUserProfile.ts": {"path":"/home/runner/work/lines/lines/src/modules/Auth/model/IUserProfile.ts","statementMap":{},"fnMap":{},"branchMap":{},"s":{},"f":{},"b":{}}
,"/home/runner/work/lines/lines/src/modules/Cell/constatnts.ts": {"path":"/home/runner/work/lines/lines/src/modules/Cell/constatnts.ts","statementMap":{"0":{"start":{"line":1,"column":25},"end":{"line":1,"column":27}}},"fnMap":{},"branchMap":{},"s":{"0":5},"f":{},"b":{},"_coverageSchema":"1a1c01bbd47fc00a2c39e90264f33305004495a9","hash":"23ac9f79b72516bddb2addbd568c5475d5ca50f8"}
,"/home/runner/work/lines/lines/src/modules/Cell/index.tsx": {"path":"/home/runner/work/lines/lines/src/modules/Cell/index.tsx","statementMap":{"0":{"start":{"line":12,"column":18},"end":{"line":30,"column":1}},"1":{"start":{"line":14,"column":28},"end":{"line":14,"column":57}},"2":{"start":{"line":15,"column":30},"end":{"line":15,"column":60}},"3":{"start":{"line":19,"column":35},"end":{"line":19,"column":72}},"4":{"start":{"line":20,"column":37},"end":{"line":20,"column":75}},"5":{"start":{"line":22,"column":21},"end":{"line":22,"column":49}},"6":{"start":{"line":36,"column":16},"end":{"line":50,"column":1}},"7":{"start":{"line":41,"column":4},"end":{"line":41,"column":63}},"8":{"start":{"line":47,"column":37},"end":{"line":47,"column":66}},"9":{"start":{"line":49,"column":25},"end":{"line":49,"column":75}},"10":{"start":{"line":62,"column":34},"end":{"line":103,"column":1}},"11":{"start":{"line":70,"column":19},"end":{"line":70,"column":32}},"12":{"start":{"line":72,"column":27},"end":{"line":77,"column":3}},"13":{"start":{"line":73,"column":4},"end":{"line":73,"column":28}},"14":{"start":{"line":74,"column":4},"end":{"line":76,"column":5}},"15":{"start":{"line":75,"column":6},"end":{"line":75,"column":71}},"16":{"start":{"line":79,"column":32},"end":{"line":84,"column":3}},"17":{"start":{"line":80,"column":4},"end":{"line":80,"column":28}},"18":{"start":{"line":81,"column":4},"end":{"line":83,"column":5}},"19":{"start":{"line":82,"column":6},"end":{"line":82,"column":40}},"20":{"start":{"line":86,"column":2},"end":{"line":102,"column":4}}},"fnMap":{"0":{"name":"(anonymous_0)","decl":{"start":{"line":14,"column":11},"end":{"line":14,"column":12}},"loc":{"start":{"line":14,"column":28},"end":{"line":14,"column":57}},"line":14},"1":{"name":"(anonymous_1)","decl":{"start":{"line":15,"column":12},"end":{"line":15,"column":13}},"loc":{"start":{"line":15,"column":30},"end":{"line":15,"column":60}},"line":15},"2":{"name":"(anonymous_2)","decl":{"start":{"line":19,"column":18},"end":{"line":19,"column":19}},"loc":{"start":{"line":19,"column":35},"end":{"line":19,"column":72}},"line":19},"3":{"name":"(anonymous_3)","decl":{"start":{"line":20,"column":19},"end":{"line":20,"column":20}},"loc":{"start":{"line":20,"column":37},"end":{"line":20,"column":75}},"line":20},"4":{"name":"(anonymous_4)","decl":{"start":{"line":22,"column":4},"end":{"line":22,"column":5}},"loc":{"start":{"line":22,"column":21},"end":{"line":22,"column":49}},"line":22},"5":{"name":"(anonymous_5)","decl":{"start":{"line":40,"column":16},"end":{"line":40,"column":17}},"loc":{"start":{"line":41,"column":4},"end":{"line":41,"column":63}},"line":41},"6":{"name":"(anonymous_6)","decl":{"start":{"line":47,"column":18},"end":{"line":47,"column":19}},"loc":{"start":{"line":47,"column":37},"end":{"line":47,"column":66}},"line":47},"7":{"name":"(anonymous_7)","decl":{"start":{"line":49,"column":4},"end":{"line":49,"column":5}},"loc":{"start":{"line":49,"column":25},"end":{"line":49,"column":75}},"line":49},"8":{"name":"(anonymous_8)","decl":{"start":{"line":62,"column":34},"end":{"line":62,"column":35}},"loc":{"start":{"line":69,"column":6},"end":{"line":103,"column":1}},"line":69},"9":{"name":"(anonymous_9)","decl":{"start":{"line":72,"column":27},"end":{"line":72,"column":28}},"loc":{"start":{"line":72,"column":72},"end":{"line":77,"column":3}},"line":72},"10":{"name":"(anonymous_10)","decl":{"start":{"line":79,"column":32},"end":{"line":79,"column":33}},"loc":{"start":{"line":79,"column":77},"end":{"line":84,"column":3}},"line":79}},"branchMap":{"0":{"loc":{"start":{"line":14,"column":41},"end":{"line":14,"column":56}},"type":"cond-expr","locations":[{"start":{"line":14,"column":51},"end":{"line":14,"column":52}},{"start":{"line":14,"column":55},"end":{"line":14,"column":56}}],"line":14},"1":{"loc":{"start":{"line":15,"column":43},"end":{"line":15,"column":59}},"type":"cond-expr","locations":[{"start":{"line":15,"column":54},"end":{"line":15,"column":55}},{"start":{"line":15,"column":58},"end":{"line":15,"column":59}}],"line":15},"2":{"loc":{"start":{"line":19,"column":48},"end":{"line":19,"column":69}},"type":"cond-expr","locations":[{"start":{"line":19,"column":58},"end":{"line":19,"column":64}},{"start":{"line":19,"column":67},"end":{"line":19,"column":69}}],"line":19},"3":{"loc":{"start":{"line":20,"column":50},"end":{"line":20,"column":72}},"type":"cond-expr","locations":[{"start":{"line":20,"column":61},"end":{"line":20,"column":67}},{"start":{"line":20,"column":70},"end":{"line":20,"column":72}}],"line":20},"4":{"loc":{"start":{"line":22,"column":21},"end":{"line":22,"column":49}},"type":"cond-expr","locations":[{"start":{"line":22,"column":30},"end":{"line":22,"column":44}},{"start":{"line":22,"column":47},"end":{"line":22,"column":49}}],"line":22},"5":{"loc":{"start":{"line":41,"column":4},"end":{"line":41,"column":63}},"type":"cond-expr","locations":[{"start":{"line":41,"column":17},"end":{"line":41,"column":26}},{"start":{"line":41,"column":29},"end":{"line":41,"column":63}}],"line":41},"6":{"loc":{"start":{"line":41,"column":29},"end":{"line":41,"column":63}},"type":"cond-expr","locations":[{"start":{"line":41,"column":40},"end":{"line":41,"column":49}},{"start":{"line":41,"column":52},"end":{"line":41,"column":63}}],"line":41},"7":{"loc":{"start":{"line":47,"column":37},"end":{"line":47,"column":66}},"type":"cond-expr","locations":[{"start":{"line":47,"column":48},"end":{"line":47,"column":54}},{"start":{"line":47,"column":57},"end":{"line":47,"column":66}}],"line":47},"8":{"loc":{"start":{"line":49,"column":25},"end":{"line":49,"column":75}},"type":"cond-expr","locations":[{"start":{"line":49,"column":39},"end":{"line":49,"column":70}},{"start":{"line":49,"column":73},"end":{"line":49,"column":75}}],"line":49},"9":{"loc":{"start":{"line":64,"column":2},"end":{"line":64,"column":14}},"type":"default-arg","locations":[{"start":{"line":64,"column":13},"end":{"line":64,"column":14}}],"line":64},"10":{"loc":{"start":{"line":65,"column":2},"end":{"line":65,"column":20}},"type":"default-arg","locations":[{"start":{"line":65,"column":15},"end":{"line":65,"column":20}}],"line":65},"11":{"loc":{"start":{"line":66,"column":2},"end":{"line":66,"column":15}},"type":"default-arg","locations":[{"start":{"line":66,"column":11},"end":{"line":66,"column":15}}],"line":66},"12":{"loc":{"start":{"line":67,"column":2},"end":{"line":67,"column":16}},"type":"default-arg","locations":[{"start":{"line":67,"column":12},"end":{"line":67,"column":16}}],"line":67},"13":{"loc":{"start":{"line":68,"column":2},"end":{"line":68,"column":20}},"type":"default-arg","locations":[{"start":{"line":68,"column":15},"end":{"line":68,"column":20}}],"line":68},"14":{"loc":{"start":{"line":74,"column":4},"end":{"line":76,"column":5}},"type":"if","locations":[{"start":{"line":74,"column":4},"end":{"line":76,"column":5}},{"start":{},"end":{}}],"line":74},"15":{"loc":{"start":{"line":75,"column":39},"end":{"line":75,"column":68}},"type":"cond-expr","locations":[{"start":{"line":75,"column":53},"end":{"line":75,"column":56}},{"start":{"line":75,"column":59},"end":{"line":75,"column":68}}],"line":75},"16":{"loc":{"start":{"line":81,"column":4},"end":{"line":83,"column":5}},"type":"if","locations":[{"start":{"line":81,"column":4},"end":{"line":83,"column":5}},{"start":{},"end":{}}],"line":81},"17":{"loc":{"start":{"line":81,"column":8},"end":{"line":81,"column":34}},"type":"binary-expr","locations":[{"start":{"line":81,"column":8},"end":{"line":81,"column":19}},{"start":{"line":81,"column":23},"end":{"line":81,"column":34}}],"line":81},"18":{"loc":{"start":{"line":93,"column":7},"end":{"line":100,"column":7}},"type":"binary-expr","locations":[{"start":{"line":93,"column":7},"end":{"line":93,"column":17}},{"start":{"line":94,"column":8},"end":{"line":99,"column":10}}],"line":93}},"s":{"0":5,"1":352,"2":352,"3":352,"4":352,"5":352,"6":5,"7":6,"8":6,"9":6,"10":5,"11":352,"12":352,"13":1,"14":1,"15":1,"16":352,"17":1,"18":1,"19":1,"20":352},"f":{"0":352,"1":352,"2":352,"3":352,"4":352,"5":6,"6":6,"7":6,"8":352,"9":1,"10":1},"b":{"0":[41,311],"1":[0,352],"2":[41,311],"3":[0,352],"4":[42,310],"5":[0,6],"6":[2,4],"7":[2,4],"8":[6,0],"9":[0],"10":[0],"11":[3],"12":[3],"13":[349],"14":[1,0],"15":[0,1],"16":[1,0],"17":[1,1],"18":[352,6]},"_coverageSchema":"1a1c01bbd47fc00a2c39e90264f33305004495a9","hash":"cecbcfc2efdee8a5ef9653d47cea35407066990a"}
,"/home/runner/work/lines/lines/src/modules/Cell/models.ts": {"path":"/home/runner/work/lines/lines/src/modules/Cell/models.ts","statementMap":{},"fnMap":{},"branchMap":{},"s":{},"f":{},"b":{}}
,"/home/runner/work/lines/lines/src/modules/GameField/index.tsx": {"path":"/home/runner/work/lines/lines/src/modules/GameField/index.tsx","statementMap":{"0":{"start":{"line":13,"column":30},"end":{"line":23,"column":1}},"1":{"start":{"line":22,"column":30},"end":{"line":22,"column":46}},"2":{"start":{"line":25,"column":22},"end":{"line":29,"column":1}},"3":{"start":{"line":31,"column":22},"end":{"line":69,"column":1}},"4":{"start":{"line":32,"column":23},"end":{"line":32,"column":80}},"5":{"start":{"line":32,"column":61},"end":{"line":32,"column":79}},"6":{"start":{"line":37,"column":6},"end":{"line":37,"column":47}},"7":{"start":{"line":37,"column":43},"end":{"line":37,"column":46}},"8":{"start":{"line":38,"column":22},"end":{"line":38,"column":41}},"9":{"start":{"line":39,"column":23},"end":{"line":39,"column":77}},"10":{"start":{"line":41,"column":2},"end":{"line":43,"column":3}},"11":{"start":{"line":42,"column":4},"end":{"line":42,"column":75}},"12":{"start":{"line":45,"column":2},"end":{"line":68,"column":4}},"13":{"start":{"line":48,"column":18},"end":{"line":48,"column":53}},"14":{"start":{"line":49,"column":18},"end":{"line":49,"column":41}},"15":{"start":{"line":50,"column":24},"end":{"line":50,"column":41}},"16":{"start":{"line":51,"column":25},"end":{"line":51,"column":43}},"17":{"start":{"line":52,"column":23},"end":{"line":52,"column":30}},"18":{"start":{"line":53,"column":8},"end":{"line":64,"column":10}}},"fnMap":{"0":{"name":"(anonymous_0)","decl":{"start":{"line":22,"column":13},"end":{"line":22,"column":14}},"loc":{"start":{"line":22,"column":30},"end":{"line":22,"column":46}},"line":22},"1":{"name":"(anonymous_1)","decl":{"start":{"line":31,"column":22},"end":{"line":31,"column":23}},"loc":{"start":{"line":31,"column":28},"end":{"line":69,"column":1}},"line":31},"2":{"name":"(anonymous_2)","decl":{"start":{"line":32,"column":35},"end":{"line":32,"column":36}},"loc":{"start":{"line":32,"column":61},"end":{"line":32,"column":79}},"line":32},"3":{"name":"(anonymous_3)","decl":{"start":{"line":37,"column":18},"end":{"line":37,"column":19}},"loc":{"start":{"line":37,"column":43},"end":{"line":37,"column":46}},"line":37},"4":{"name":"(anonymous_4)","decl":{"start":{"line":47,"column":25},"end":{"line":47,"column":26}},"loc":{"start":{"line":47,"column":61},"end":{"line":65,"column":7}},"line":47}},"branchMap":{"0":{"loc":{"start":{"line":22,"column":30},"end":{"line":22,"column":46}},"type":"cond-expr","locations":[{"start":{"line":22,"column":39},"end":{"line":22,"column":40}},{"start":{"line":22,"column":43},"end":{"line":22,"column":46}}],"line":22},"1":{"loc":{"start":{"line":36,"column":4},"end":{"line":36,"column":22}},"type":"default-arg","locations":[{"start":{"line":36,"column":20},"end":{"line":36,"column":22}}],"line":36},"2":{"loc":{"start":{"line":41,"column":2},"end":{"line":43,"column":3}},"type":"if","locations":[{"start":{"line":41,"column":2},"end":{"line":43,"column":3}},{"start":{},"end":{}}],"line":41}},"s":{"0":4,"1":6,"2":4,"3":4,"4":7,"5":2,"6":7,"7":2,"8":7,"9":7,"10":7,"11":1,"12":6,"13":349,"14":349,"15":349,"16":349,"17":349,"18":349},"f":{"0":6,"1":7,"2":2,"3":2,"4":349},"b":{"0":[4,2],"1":[7],"2":[1,6]},"_coverageSchema":"1a1c01bbd47fc00a2c39e90264f33305004495a9","hash":"5c0b881a257b650670dad9274d9d6b3d35a94c62"}
,"/home/runner/work/lines/lines/src/modules/UserForm/index.tsx": {"path":"/home/runner/work/lines/lines/src/modules/UserForm/index.tsx","statementMap":{"0":{"start":{"line":12,"column":21},"end":{"line":40,"column":1}},"1":{"start":{"line":13,"column":24},"end":{"line":13,"column":65}},"2":{"start":{"line":13,"column":61},"end":{"line":13,"column":64}},"3":{"start":{"line":14,"column":19},"end":{"line":14,"column":32}},"4":{"start":{"line":16,"column":2},"end":{"line":18,"column":9}},"5":{"start":{"line":17,"column":4},"end":{"line":17,"column":37}},"6":{"start":{"line":20,"column":22},"end":{"line":22,"column":3}},"7":{"start":{"line":21,"column":4},"end":{"line":21,"column":36}},"8":{"start":{"line":24,"column":28},"end":{"line":27,"column":3}},"9":{"start":{"line":25,"column":22},"end":{"line":25,"column":41}},"10":{"start":{"line":26,"column":4},"end":{"line":26,"column":45}},"11":{"start":{"line":29,"column":23},"end":{"line":31,"column":3}},"12":{"start":{"line":30,"column":4},"end":{"line":30,"column":35}},"13":{"start":{"line":33,"column":2},"end":{"line":39,"column":4}}},"fnMap":{"0":{"name":"(anonymous_0)","decl":{"start":{"line":12,"column":21},"end":{"line":12,"column":22}},"loc":{"start":{"line":12,"column":27},"end":{"line":40,"column":1}},"line":12},"1":{"name":"(anonymous_1)","decl":{"start":{"line":13,"column":36},"end":{"line":13,"column":37}},"loc":{"start":{"line":13,"column":61},"end":{"line":13,"column":64}},"line":13},"2":{"name":"(anonymous_2)","decl":{"start":{"line":16,"column":12},"end":{"line":16,"column":13}},"loc":{"start":{"line":16,"column":18},"end":{"line":18,"column":3}},"line":16},"3":{"name":"(anonymous_3)","decl":{"start":{"line":20,"column":22},"end":{"line":20,"column":23}},"loc":{"start":{"line":20,"column":28},"end":{"line":22,"column":3}},"line":20},"4":{"name":"(anonymous_4)","decl":{"start":{"line":24,"column":28},"end":{"line":24,"column":29}},"loc":{"start":{"line":24,"column":77},"end":{"line":27,"column":3}},"line":24},"5":{"name":"(anonymous_5)","decl":{"start":{"line":29,"column":23},"end":{"line":29,"column":24}},"loc":{"start":{"line":29,"column":29},"end":{"line":31,"column":3}},"line":29}},"branchMap":{},"s":{"0":4,"1":5,"2":0,"3":5,"4":5,"5":5,"6":5,"7":1,"8":5,"9":1,"10":1,"11":5,"12":1,"13":5},"f":{"0":5,"1":0,"2":5,"3":1,"4":1,"5":1},"b":{},"_coverageSchema":"1a1c01bbd47fc00a2c39e90264f33305004495a9","hash":"02680f59816cac541cbc476205657ed8248432c8"}
,"/home/runner/work/lines/lines/src/store/index.ts": {"path":"/home/runner/work/lines/lines/src/store/index.ts","statementMap":{"0":{"start":{"line":9,"column":37},"end":{"line":9,"column":48}},"1":{"start":{"line":10,"column":38},"end":{"line":10,"column":57}},"2":{"start":{"line":12,"column":23},"end":{"line":12,"column":45}},"3":{"start":{"line":14,"column":14},"end":{"line":24,"column":2}},"4":{"start":{"line":17,"column":4},"end":{"line":23,"column":21}},"5":{"start":{"line":26,"column":0},"end":{"line":26,"column":29}},"6":{"start":{"line":28,"column":0},"end":{"line":28,"column":15}}},"fnMap":{"0":{"name":"(anonymous_0)","decl":{"start":{"line":16,"column":14},"end":{"line":16,"column":15}},"loc":{"start":{"line":17,"column":4},"end":{"line":23,"column":21}},"line":17}},"branchMap":{},"s":{"0":6,"1":6,"2":6,"3":6,"4":6,"5":6,"6":6},"f":{"0":6},"b":{},"_coverageSchema":"1a1c01bbd47fc00a2c39e90264f33305004495a9","hash":"dd1c2f049bd4c8ba6a28a0ecbdba464df682bd97"}
,"/home/runner/work/lines/lines/src/store/rehydrateApp.ts": {"path":"/home/runner/work/lines/lines/src/store/rehydrateApp.ts","statementMap":{"0":{"start":{"line":4,"column":28},"end":{"line":6,"column":1}},"1":{"start":{"line":5,"column":2},"end":{"line":5,"column":38}}},"fnMap":{"0":{"name":"(anonymous_0)","decl":{"start":{"line":4,"column":28},"end":{"line":4,"column":29}},"loc":{"start":{"line":4,"column":34},"end":{"line":6,"column":1}},"line":4}},"branchMap":{},"s":{"0":6,"1":6},"f":{"0":6},"b":{},"_coverageSchema":"1a1c01bbd47fc00a2c39e90264f33305004495a9","hash":"8aa8610eb39997ca65bfd9bc7730cedcb0107fa8"}
,"/home/runner/work/lines/lines/src/store/rootReducer.ts": {"path":"/home/runner/work/lines/lines/src/store/rootReducer.ts","statementMap":{"0":{"start":{"line":4,"column":32},"end":{"line":4,"column":45}}},"fnMap":{},"branchMap":{},"s":{"0":6},"f":{},"b":{},"_coverageSchema":"1a1c01bbd47fc00a2c39e90264f33305004495a9","hash":"0c3b7b33b7ad1111e6ab1952f2ae2169a58f811d"}
,"/home/runner/work/lines/lines/src/store/rootSaga.ts": {"path":"/home/runner/work/lines/lines/src/store/rootSaga.ts","statementMap":{"0":{"start":{"line":6,"column":2},"end":{"line":6,"column":37}}},"fnMap":{"0":{"name":"rootSaga","decl":{"start":{"line":5,"column":17},"end":{"line":5,"column":25}},"loc":{"start":{"line":5,"column":28},"end":{"line":7,"column":1}},"line":5}},"branchMap":{},"s":{"0":6},"f":{"0":6},"b":{},"_coverageSchema":"1a1c01bbd47fc00a2c39e90264f33305004495a9","hash":"44565601774d5b316e0bb138a06d60cdb20e958b"}
,"/home/runner/work/lines/lines/src/utils/addNewCells.ts": {"path":"/home/runner/work/lines/lines/src/utils/addNewCells.ts","statementMap":{"0":{"start":{"line":4,"column":21},"end":{"line":5,"column":72}},"1":{"start":{"line":5,"column":2},"end":{"line":5,"column":72}},"2":{"start":{"line":5,"column":28},"end":{"line":5,"column":44}},"3":{"start":{"line":5,"column":63},"end":{"line":5,"column":71}},"4":{"start":{"line":8,"column":2},"end":{"line":12,"column":3}},"5":{"start":{"line":8,"column":48},"end":{"line":12,"column":3}},"6":{"start":{"line":9,"column":16},"end":{"line":9,"column":26}},"7":{"start":{"line":10,"column":4},"end":{"line":10,"column":70}},"8":{"start":{"line":10,"column":55},"end":{"line":10,"column":67}},"9":{"start":{"line":11,"column":4},"end":{"line":11,"column":15}},"10":{"start":{"line":15,"column":2},"end":{"line":20,"column":3}},"11":{"start":{"line":15,"column":26},"end":{"line":20,"column":3}},"12":{"start":{"line":16,"column":33},"end":{"line":16,"column":38}},"13":{"start":{"line":17,"column":4},"end":{"line":19,"column":14}}},"fnMap":{"0":{"name":"(anonymous_0)","decl":{"start":{"line":4,"column":21},"end":{"line":4,"column":22}},"loc":{"start":{"line":5,"column":2},"end":{"line":5,"column":72}},"line":5},"1":{"name":"(anonymous_1)","decl":{"start":{"line":5,"column":12},"end":{"line":5,"column":13}},"loc":{"start":{"line":5,"column":28},"end":{"line":5,"column":44}},"line":5},"2":{"name":"(anonymous_2)","decl":{"start":{"line":5,"column":54},"end":{"line":5,"column":55}},"loc":{"start":{"line":5,"column":63},"end":{"line":5,"column":71}},"line":5},"3":{"name":"(anonymous_3)","decl":{"start":{"line":8,"column":2},"end":{"line":8,"column":3}},"loc":{"start":{"line":8,"column":48},"end":{"line":12,"column":3}},"line":8},"4":{"name":"(anonymous_4)","decl":{"start":{"line":8,"column":48},"end":{"line":8,"column":49}},"loc":{"start":{"line":8,"column":80},"end":{"line":12,"column":3}},"line":8},"5":{"name":"(anonymous_5)","decl":{"start":{"line":10,"column":45},"end":{"line":10,"column":46}},"loc":{"start":{"line":10,"column":55},"end":{"line":10,"column":67}},"line":10},"6":{"name":"(anonymous_6)","decl":{"start":{"line":15,"column":2},"end":{"line":15,"column":3}},"loc":{"start":{"line":15,"column":26},"end":{"line":20,"column":3}},"line":15},"7":{"name":"(anonymous_7)","decl":{"start":{"line":15,"column":26},"end":{"line":15,"column":27}},"loc":{"start":{"line":15,"column":83},"end":{"line":20,"column":3}},"line":15}},"branchMap":{"0":{"loc":{"start":{"line":5,"column":28},"end":{"line":5,"column":44}},"type":"cond-expr","locations":[{"start":{"line":5,"column":36},"end":{"line":5,"column":39}},{"start":{"line":5,"column":42},"end":{"line":5,"column":44}}],"line":5},"1":{"loc":{"start":{"line":17,"column":11},"end":{"line":19,"column":13}},"type":"cond-expr","locations":[{"start":{"line":18,"column":8},"end":{"line":18,"column":82}},{"start":{"line":19,"column":8},"end":{"line":19,"column":13}}],"line":17}},"s":{"0":29,"1":1,"2":5,"3":5,"4":29,"5":1,"6":1,"7":1,"8":2,"9":1,"10":29,"11":4,"12":4,"13":4},"f":{"0":1,"1":5,"2":5,"3":1,"4":1,"5":2,"6":4,"7":4},"b":{"0":[4,1],"1":[1,3]},"_coverageSchema":"1a1c01bbd47fc00a2c39e90264f33305004495a9","hash":"b2871c35806ad39d404de775da897f47ea0741e7"}
,"/home/runner/work/lines/lines/src/utils/createArrayBySize.ts": {"path":"/home/runner/work/lines/lines/src/utils/createArrayBySize.ts","statementMap":{"0":{"start":{"line":1,"column":31},"end":{"line":2,"column":55}},"1":{"start":{"line":2,"column":2},"end":{"line":2,"column":55}},"2":{"start":{"line":2,"column":43},"end":{"line":2,"column":54}}},"fnMap":{"0":{"name":"(anonymous_0)","decl":{"start":{"line":1,"column":31},"end":{"line":1,"column":32}},"loc":{"start":{"line":2,"column":2},"end":{"line":2,"column":55}},"line":2},"1":{"name":"(anonymous_1)","decl":{"start":{"line":2,"column":36},"end":{"line":2,"column":37}},"loc":{"start":{"line":2,"column":43},"end":{"line":2,"column":54}},"line":2}},"branchMap":{"0":{"loc":{"start":{"line":1,"column":32},"end":{"line":1,"column":48}},"type":"default-arg","locations":[{"start":{"line":1,"column":47},"end":{"line":1,"column":48}}],"line":1}},"s":{"0":32,"1":37,"2":2710},"f":{"0":37,"1":2710},"b":{"0":[1]},"_coverageSchema":"1a1c01bbd47fc00a2c39e90264f33305004495a9","hash":"c206bfcd645d9b03d2343bf4863ce53c7fdf7435"}
,"/home/runner/work/lines/lines/src/utils/createGameField.ts": {"path":"/home/runner/work/lines/lines/src/utils/createGameField.ts","statementMap":{"0":{"start":{"line":6,"column":24},"end":{"line":8,"column":1}},"1":{"start":{"line":7,"column":2},"end":{"line":7,"column":93}}},"fnMap":{"0":{"name":"(anonymous_0)","decl":{"start":{"line":6,"column":24},"end":{"line":6,"column":25}},"loc":{"start":{"line":6,"column":68},"end":{"line":8,"column":1}},"line":6}},"branchMap":{"0":{"loc":{"start":{"line":6,"column":39},"end":{"line":6,"column":63}},"type":"default-arg","locations":[{"start":{"line":6,"column":61},"end":{"line":6,"column":63}}],"line":6}},"s":{"0":31,"1":35},"f":{"0":35},"b":{"0":[0]},"_coverageSchema":"1a1c01bbd47fc00a2c39e90264f33305004495a9","hash":"604a73c1773a0f92c08814974c907749c7700f50"}
,"/home/runner/work/lines/lines/src/utils/delay.ts": {"path":"/home/runner/work/lines/lines/src/utils/delay.ts","statementMap":{"0":{"start":{"line":1,"column":37},"end":{"line":1,"column":88}},"1":{"start":{"line":1,"column":62},"end":{"line":1,"column":87}}},"fnMap":{"0":{"name":"(anonymous_0)","decl":{"start":{"line":1,"column":15},"end":{"line":1,"column":16}},"loc":{"start":{"line":1,"column":37},"end":{"line":1,"column":88}},"line":1},"1":{"name":"(anonymous_1)","decl":{"start":{"line":1,"column":49},"end":{"line":1,"column":50}},"loc":{"start":{"line":1,"column":62},"end":{"line":1,"column":87}},"line":1}},"branchMap":{"0":{"loc":{"start":{"line":1,"column":16},"end":{"line":1,"column":32}},"type":"default-arg","locations":[{"start":{"line":1,"column":31},"end":{"line":1,"column":32}}],"line":1}},"s":{"0":3,"1":3},"f":{"0":3,"1":3},"b":{"0":[0]},"_coverageSchema":"1a1c01bbd47fc00a2c39e90264f33305004495a9","hash":"3f93225908ea1f0b7fa60d1955d93640171114c3"}
,"/home/runner/work/lines/lines/src/utils/filterChainsByInd.ts": {"path":"/home/runner/work/lines/lines/src/utils/filterChainsByInd.ts","statementMap":{"0":{"start":{"line":1,"column":23},"end":{"line":2,"column":64}},"1":{"start":{"line":2,"column":2},"end":{"line":2,"column":64}},"2":{"start":{"line":2,"column":37},"end":{"line":2,"column":60}},"3":{"start":{"line":4,"column":23},"end":{"line":5,"column":64}},"4":{"start":{"line":5,"column":2},"end":{"line":5,"column":64}},"5":{"start":{"line":5,"column":37},"end":{"line":5,"column":60}},"6":{"start":{"line":7,"column":26},"end":{"line":18,"column":1}},"7":{"start":{"line":7,"column":43},"end":{"line":18,"column":1}},"8":{"start":{"line":8,"column":16},"end":{"line":8,"column":46}},"9":{"start":{"line":9,"column":16},"end":{"line":9,"column":46}},"10":{"start":{"line":10,"column":14},"end":{"line":10,"column":16}},"11":{"start":{"line":11,"column":2},"end":{"line":13,"column":3}},"12":{"start":{"line":12,"column":4},"end":{"line":12,"column":20}},"13":{"start":{"line":14,"column":2},"end":{"line":16,"column":3}},"14":{"start":{"line":15,"column":4},"end":{"line":15,"column":20}},"15":{"start":{"line":17,"column":2},"end":{"line":17,"column":13}}},"fnMap":{"0":{"name":"(anonymous_0)","decl":{"start":{"line":1,"column":23},"end":{"line":1,"column":24}},"loc":{"start":{"line":2,"column":2},"end":{"line":2,"column":64}},"line":2},"1":{"name":"(anonymous_1)","decl":{"start":{"line":2,"column":26},"end":{"line":2,"column":27}},"loc":{"start":{"line":2,"column":37},"end":{"line":2,"column":60}},"line":2},"2":{"name":"(anonymous_2)","decl":{"start":{"line":4,"column":23},"end":{"line":4,"column":24}},"loc":{"start":{"line":5,"column":2},"end":{"line":5,"column":64}},"line":5},"3":{"name":"(anonymous_3)","decl":{"start":{"line":5,"column":26},"end":{"line":5,"column":27}},"loc":{"start":{"line":5,"column":37},"end":{"line":5,"column":60}},"line":5},"4":{"name":"(anonymous_4)","decl":{"start":{"line":7,"column":26},"end":{"line":7,"column":27}},"loc":{"start":{"line":7,"column":43},"end":{"line":18,"column":1}},"line":7},"5":{"name":"(anonymous_5)","decl":{"start":{"line":7,"column":43},"end":{"line":7,"column":44}},"loc":{"start":{"line":7,"column":69},"end":{"line":18,"column":1}},"line":7}},"branchMap":{"0":{"loc":{"start":{"line":2,"column":2},"end":{"line":2,"column":64}},"type":"binary-expr","locations":[{"start":{"line":2,"column":2},"end":{"line":2,"column":8}},{"start":{"line":2,"column":12},"end":{"line":2,"column":64}}],"line":2},"1":{"loc":{"start":{"line":5,"column":2},"end":{"line":5,"column":64}},"type":"binary-expr","locations":[{"start":{"line":5,"column":2},"end":{"line":5,"column":8}},{"start":{"line":5,"column":12},"end":{"line":5,"column":64}}],"line":5},"2":{"loc":{"start":{"line":11,"column":2},"end":{"line":13,"column":3}},"type":"if","locations":[{"start":{"line":11,"column":2},"end":{"line":13,"column":3}},{"start":{},"end":{}}],"line":11},"3":{"loc":{"start":{"line":14,"column":2},"end":{"line":16,"column":3}},"type":"if","locations":[{"start":{"line":14,"column":2},"end":{"line":16,"column":3}},{"start":{},"end":{}}],"line":14}},"s":{"0":29,"1":5,"2":6,"3":29,"4":5,"5":3,"6":29,"7":5,"8":5,"9":5,"10":5,"11":5,"12":3,"13":5,"14":1,"15":5},"f":{"0":5,"1":6,"2":5,"3":3,"4":5,"5":5},"b":{"0":[5,5],"1":[5,3],"2":[3,2],"3":[1,4]},"_coverageSchema":"1a1c01bbd47fc00a2c39e90264f33305004495a9","hash":"12e87d5e073c506b9a67e22eb04b8f0e66e90ddc"}
,"/home/runner/work/lines/lines/src/utils/generateCellsByCount.ts": {"path":"/home/runner/work/lines/lines/src/utils/generateCellsByCount.ts","statementMap":{"0":{"start":{"line":1,"column":29},"end":{"line":7,"column":1}},"1":{"start":{"line":1,"column":59},"end":{"line":7,"column":1}},"2":{"start":{"line":2,"column":14},"end":{"line":2,"column":38}},"3":{"start":{"line":2,"column":36},"end":{"line":2,"column":37}},"4":{"start":{"line":3,"column":2},"end":{"line":5,"column":3}},"5":{"start":{"line":3,"column":15},"end":{"line":3,"column":16}},"6":{"start":{"line":4,"column":4},"end":{"line":4,"column":28}},"7":{"start":{"line":6,"column":2},"end":{"line":6,"column":13}}},"fnMap":{"0":{"name":"(anonymous_0)","decl":{"start":{"line":1,"column":29},"end":{"line":1,"column":30}},"loc":{"start":{"line":1,"column":59},"end":{"line":7,"column":1}},"line":1},"1":{"name":"(anonymous_1)","decl":{"start":{"line":1,"column":59},"end":{"line":1,"column":60}},"loc":{"start":{"line":1,"column":91},"end":{"line":7,"column":1}},"line":1},"2":{"name":"(anonymous_2)","decl":{"start":{"line":2,"column":30},"end":{"line":2,"column":31}},"loc":{"start":{"line":2,"column":36},"end":{"line":2,"column":37}},"line":2}},"branchMap":{},"s":{"0":31,"1":37,"2":37,"3":2722,"4":37,"5":37,"6":57,"7":37},"f":{"0":37,"1":37,"2":2722},"b":{},"_coverageSchema":"1a1c01bbd47fc00a2c39e90264f33305004495a9","hash":"8f1db438d0ee7730bff3e0675155f63c70d41cfe"}
,"/home/runner/work/lines/lines/src/utils/generateCellsByPercent.ts": {"path":"/home/runner/work/lines/lines/src/utils/generateCellsByPercent.ts","statementMap":{"0":{"start":{"line":3,"column":31},"end":{"line":6,"column":1}},"1":{"start":{"line":3,"column":56},"end":{"line":6,"column":1}},"2":{"start":{"line":4,"column":25},"end":{"line":4,"column":91}},"3":{"start":{"line":5,"column":2},"end":{"line":5,"column":61}}},"fnMap":{"0":{"name":"(anonymous_0)","decl":{"start":{"line":3,"column":31},"end":{"line":3,"column":32}},"loc":{"start":{"line":3,"column":56},"end":{"line":6,"column":1}},"line":3},"1":{"name":"(anonymous_1)","decl":{"start":{"line":3,"column":56},"end":{"line":3,"column":57}},"loc":{"start":{"line":3,"column":88},"end":{"line":6,"column":1}},"line":3}},"branchMap":{},"s":{"0":31,"1":36,"2":36,"3":36},"f":{"0":36,"1":36},"b":{},"_coverageSchema":"1a1c01bbd47fc00a2c39e90264f33305004495a9","hash":"e626a65b552738f4cc3c548e8242dc919fc60339"}
,"/home/runner/work/lines/lines/src/utils/getChainByInd.ts": {"path":"/home/runner/work/lines/lines/src/utils/getChainByInd.ts","statementMap":{"0":{"start":{"line":4,"column":17},"end":{"line":4,"column":20}},"1":{"start":{"line":5,"column":19},"end":{"line":5,"column":22}},"2":{"start":{"line":9,"column":22},"end":{"line":28,"column":1}},"3":{"start":{"line":10,"column":17},"end":{"line":10,"column":19}},"4":{"start":{"line":11,"column":13},"end":{"line":11,"column":15}},"5":{"start":{"line":12,"column":2},"end":{"line":23,"column":3}},"6":{"start":{"line":12,"column":15},"end":{"line":12,"column":16}},"7":{"start":{"line":13,"column":37},"end":{"line":13,"column":76}},"8":{"start":{"line":14,"column":19},"end":{"line":14,"column":38}},"9":{"start":{"line":15,"column":4},"end":{"line":22,"column":5}},"10":{"start":{"line":16,"column":6},"end":{"line":18,"column":7}},"11":{"start":{"line":17,"column":8},"end":{"line":17,"column":31}},"12":{"start":{"line":19,"column":6},"end":{"line":19,"column":16}},"13":{"start":{"line":21,"column":6},"end":{"line":21,"column":24}},"14":{"start":{"line":24,"column":2},"end":{"line":26,"column":3}},"15":{"start":{"line":25,"column":4},"end":{"line":25,"column":27}},"16":{"start":{"line":27,"column":2},"end":{"line":27,"column":16}}},"fnMap":{"0":{"name":"(anonymous_0)","decl":{"start":{"line":9,"column":22},"end":{"line":9,"column":23}},"loc":{"start":{"line":9,"column":99},"end":{"line":28,"column":1}},"line":9}},"branchMap":{"0":{"loc":{"start":{"line":13,"column":37},"end":{"line":13,"column":76}},"type":"cond-expr","locations":[{"start":{"line":13,"column":57},"end":{"line":13,"column":65}},{"start":{"line":13,"column":68},"end":{"line":13,"column":76}}],"line":13},"1":{"loc":{"start":{"line":15,"column":4},"end":{"line":22,"column":5}},"type":"if","locations":[{"start":{"line":15,"column":4},"end":{"line":22,"column":5}},{"start":{"line":20,"column":11},"end":{"line":22,"column":5}}],"line":15},"2":{"loc":{"start":{"line":16,"column":6},"end":{"line":18,"column":7}},"type":"if","locations":[{"start":{"line":16,"column":6},"end":{"line":18,"column":7}},{"start":{},"end":{}}],"line":16},"3":{"loc":{"start":{"line":24,"column":2},"end":{"line":26,"column":3}},"type":"if","locations":[{"start":{"line":24,"column":2},"end":{"line":26,"column":3}},{"start":{},"end":{}}],"line":24}},"s":{"0":29,"1":29,"2":29,"3":16,"4":16,"5":16,"6":16,"7":144,"8":144,"9":144,"10":68,"11":4,"12":68,"13":76,"14":16,"15":11,"16":16},"f":{"0":16},"b":{"0":[72,72],"1":[68,76],"2":[4,64],"3":[11,5]},"_coverageSchema":"1a1c01bbd47fc00a2c39e90264f33305004495a9","hash":"9670e9b46c186e4dead85207bb7e541bc5d87c71"}
,"/home/runner/work/lines/lines/src/utils/getChainsByInd.ts": {"path":"/home/runner/work/lines/lines/src/utils/getChainsByInd.ts","statementMap":{"0":{"start":{"line":4,"column":25},"end":{"line":5,"column":46}},"1":{"start":{"line":5,"column":2},"end":{"line":5,"column":46}},"2":{"start":{"line":7,"column":27},"end":{"line":8,"column":48}},"3":{"start":{"line":8,"column":2},"end":{"line":8,"column":48}},"4":{"start":{"line":10,"column":23},"end":{"line":22,"column":1}},"5":{"start":{"line":10,"column":62},"end":{"line":22,"column":1}},"6":{"start":{"line":11,"column":14},"end":{"line":11,"column":37}},"7":{"start":{"line":12,"column":18},"end":{"line":12,"column":56}},"8":{"start":{"line":13,"column":18},"end":{"line":13,"column":58}},"9":{"start":{"line":14,"column":14},"end":{"line":14,"column":16}},"10":{"start":{"line":15,"column":2},"end":{"line":17,"column":3}},"11":{"start":{"line":16,"column":4},"end":{"line":16,"column":22}},"12":{"start":{"line":18,"column":2},"end":{"line":20,"column":3}},"13":{"start":{"line":19,"column":4},"end":{"line":19,"column":22}},"14":{"start":{"line":21,"column":2},"end":{"line":21,"column":13}}},"fnMap":{"0":{"name":"(anonymous_0)","decl":{"start":{"line":4,"column":25},"end":{"line":4,"column":26}},"loc":{"start":{"line":5,"column":2},"end":{"line":5,"column":46}},"line":5},"1":{"name":"(anonymous_1)","decl":{"start":{"line":7,"column":27},"end":{"line":7,"column":28}},"loc":{"start":{"line":8,"column":2},"end":{"line":8,"column":48}},"line":8},"2":{"name":"(anonymous_2)","decl":{"start":{"line":10,"column":23},"end":{"line":10,"column":24}},"loc":{"start":{"line":10,"column":62},"end":{"line":22,"column":1}},"line":10},"3":{"name":"(anonymous_3)","decl":{"start":{"line":10,"column":62},"end":{"line":10,"column":63}},"loc":{"start":{"line":10,"column":88},"end":{"line":22,"column":1}},"line":10}},"branchMap":{"0":{"loc":{"start":{"line":15,"column":2},"end":{"line":17,"column":3}},"type":"if","locations":[{"start":{"line":15,"column":2},"end":{"line":17,"column":3}},{"start":{},"end":{}}],"line":15},"1":{"loc":{"start":{"line":18,"column":2},"end":{"line":20,"column":3}},"type":"if","locations":[{"start":{"line":18,"column":2},"end":{"line":20,"column":3}},{"start":{},"end":{}}],"line":18}},"s":{"0":29,"1":6,"2":29,"3":6,"4":29,"5":6,"6":6,"7":6,"8":6,"9":6,"10":6,"11":3,"12":6,"13":6,"14":6},"f":{"0":6,"1":6,"2":6,"3":6},"b":{"0":[3,3],"1":[6,0]},"_coverageSchema":"1a1c01bbd47fc00a2c39e90264f33305004495a9","hash":"4645597e539a9500ff99d49e1a321fb39c076a49"}
,"/home/runner/work/lines/lines/src/utils/getIndByPos.ts": {"path":"/home/runner/work/lines/lines/src/utils/getIndByPos.ts","statementMap":{"0":{"start":{"line":3,"column":20},"end":{"line":5,"column":1}},"1":{"start":{"line":4,"column":2},"end":{"line":4,"column":43}}},"fnMap":{"0":{"name":"(anonymous_0)","decl":{"start":{"line":3,"column":20},"end":{"line":3,"column":21}},"loc":{"start":{"line":3,"column":55},"end":{"line":5,"column":1}},"line":3}},"branchMap":{},"s":{"0":29,"1":150},"f":{"0":150},"b":{},"_coverageSchema":"1a1c01bbd47fc00a2c39e90264f33305004495a9","hash":"c15705716e9e04b3ecaec28a490b9f5ca08483aa"}
,"/home/runner/work/lines/lines/src/utils/getOutdatedCells.ts": {"path":"/home/runner/work/lines/lines/src/utils/getOutdatedCells.ts","statementMap":{"0":{"start":{"line":3,"column":32},"end":{"line":9,"column":8}},"1":{"start":{"line":4,"column":2},"end":{"line":9,"column":8}},"2":{"start":{"line":5,"column":4},"end":{"line":8,"column":12}},"3":{"start":{"line":6,"column":6},"end":{"line":6,"column":22}},"4":{"start":{"line":7,"column":6},"end":{"line":7,"column":17}}},"fnMap":{"0":{"name":"(anonymous_0)","decl":{"start":{"line":3,"column":32},"end":{"line":3,"column":33}},"loc":{"start":{"line":4,"column":2},"end":{"line":9,"column":8}},"line":4},"1":{"name":"(anonymous_1)","decl":{"start":{"line":4,"column":16},"end":{"line":4,"column":17}},"loc":{"start":{"line":4,"column":32},"end":{"line":9,"column":3}},"line":4},"2":{"name":"(anonymous_2)","decl":{"start":{"line":5,"column":24},"end":{"line":5,"column":25}},"loc":{"start":{"line":5,"column":54},"end":{"line":8,"column":5}},"line":5}},"branchMap":{},"s":{"0":29,"1":2,"2":3,"3":8,"4":8},"f":{"0":2,"1":3,"2":8},"b":{},"_coverageSchema":"1a1c01bbd47fc00a2c39e90264f33305004495a9","hash":"bc19e0c99cb89cfd1057ccb25119e395e15542d5"}
,"/home/runner/work/lines/lines/src/utils/getOutdatedChains.ts": {"path":"/home/runner/work/lines/lines/src/utils/getOutdatedChains.ts","statementMap":{"0":{"start":{"line":6,"column":26},"end":{"line":8,"column":1}},"1":{"start":{"line":7,"column":2},"end":{"line":7,"column":76}}},"fnMap":{"0":{"name":"(anonymous_0)","decl":{"start":{"line":6,"column":26},"end":{"line":6,"column":27}},"loc":{"start":{"line":6,"column":80},"end":{"line":8,"column":1}},"line":6}},"branchMap":{},"s":{"0":29,"1":3},"f":{"0":3},"b":{},"_coverageSchema":"1a1c01bbd47fc00a2c39e90264f33305004495a9","hash":"fba1e6a87fde08e72b6de6b5c712c6308ffa8299"}
,"/home/runner/work/lines/lines/src/utils/getPosByInd.ts": {"path":"/home/runner/work/lines/lines/src/utils/getPosByInd.ts","statementMap":{"0":{"start":{"line":3,"column":20},"end":{"line":7,"column":1}},"1":{"start":{"line":4,"column":12},"end":{"line":4,"column":98}},"2":{"start":{"line":5,"column":12},"end":{"line":5,"column":81}},"3":{"start":{"line":6,"column":2},"end":{"line":6,"column":16}}},"fnMap":{"0":{"name":"(anonymous_0)","decl":{"start":{"line":3,"column":20},"end":{"line":3,"column":21}},"loc":{"start":{"line":3,"column":55},"end":{"line":7,"column":1}},"line":3}},"branchMap":{},"s":{"0":29,"1":14,"2":14,"3":14},"f":{"0":14},"b":{},"_coverageSchema":"1a1c01bbd47fc00a2c39e90264f33305004495a9","hash":"39ab96b55e59d1cf96c988cab1e98234b980f216"}
,"/home/runner/work/lines/lines/src/utils/index.ts": {"path":"/home/runner/work/lines/lines/src/utils/index.ts","statementMap":{},"fnMap":{},"branchMap":{},"s":{},"f":{},"b":{},"_coverageSchema":"1a1c01bbd47fc00a2c39e90264f33305004495a9","hash":"816eb23b0fabe46d22b7e313e37f023f7fbdfabb"}
,"/home/runner/work/lines/lines/src/utils/moveToCell.ts": {"path":"/home/runner/work/lines/lines/src/utils/moveToCell.ts","statementMap":{"0":{"start":{"line":6,"column":2},"end":{"line":9,"column":11}}},"fnMap":{"0":{"name":"(anonymous_0)","decl":{"start":{"line":5,"column":15},"end":{"line":5,"column":16}},"loc":{"start":{"line":5,"column":95},"end":{"line":10,"column":1}},"line":5}},"branchMap":{"0":{"loc":{"start":{"line":7,"column":12},"end":{"line":7,"column":62}},"type":"cond-expr","locations":[{"start":{"line":7,"column":40},"end":{"line":7,"column":50}},{"start":{"line":7,"column":53},"end":{"line":7,"column":62}}],"line":7}},"s":{"0":4},"f":{"0":4},"b":{"0":[4,0]},"_coverageSchema":"1a1c01bbd47fc00a2c39e90264f33305004495a9","hash":"f29473afd522bda91e5b69a94857c25b86b9cbec"}
,"/home/runner/work/lines/lines/src/utils/removeOrderedChains.ts": {"path":"/home/runner/work/lines/lines/src/utils/removeOrderedChains.ts","statementMap":{"0":{"start":{"line":1,"column":28},"end":{"line":14,"column":1}},"1":{"start":{"line":1,"column":62},"end":{"line":14,"column":1}},"2":{"start":{"line":2,"column":14},"end":{"line":2,"column":24}},"3":{"start":{"line":3,"column":20},"end":{"line":3,"column":37}},"4":{"start":{"line":4,"column":2},"end":{"line":12,"column":3}},"5":{"start":{"line":5,"column":4},"end":{"line":11,"column":6}},"6":{"start":{"line":7,"column":8},"end":{"line":10,"column":10}},"7":{"start":{"line":9,"column":10},"end":{"line":9,"column":23}},"8":{"start":{"line":13,"column":2},"end":{"line":13,"column":35}}},"fnMap":{"0":{"name":"(anonymous_0)","decl":{"start":{"line":1,"column":28},"end":{"line":1,"column":29}},"loc":{"start":{"line":1,"column":62},"end":{"line":14,"column":1}},"line":1},"1":{"name":"(anonymous_1)","decl":{"start":{"line":1,"column":62},"end":{"line":1,"column":63}},"loc":{"start":{"line":1,"column":88},"end":{"line":14,"column":1}},"line":1},"2":{"name":"(anonymous_2)","decl":{"start":{"line":6,"column":6},"end":{"line":6,"column":7}},"loc":{"start":{"line":7,"column":8},"end":{"line":10,"column":10}},"line":7},"3":{"name":"(anonymous_3)","decl":{"start":{"line":8,"column":22},"end":{"line":8,"column":23}},"loc":{"start":{"line":8,"column":31},"end":{"line":10,"column":9}},"line":8}},"branchMap":{"0":{"loc":{"start":{"line":4,"column":2},"end":{"line":12,"column":3}},"type":"if","locations":[{"start":{"line":4,"column":2},"end":{"line":12,"column":3}},{"start":{},"end":{}}],"line":4},"1":{"loc":{"start":{"line":7,"column":8},"end":{"line":10,"column":10}},"type":"binary-expr","locations":[{"start":{"line":7,"column":8},"end":{"line":7,"column":13}},{"start":{"line":8,"column":8},"end":{"line":10,"column":10}}],"line":7}},"s":{"0":29,"1":5,"2":5,"3":5,"4":5,"5":4,"6":5,"7":21,"8":5},"f":{"0":5,"1":5,"2":5,"3":21},"b":{"0":[4,1],"1":[5,5]},"_coverageSchema":"1a1c01bbd47fc00a2c39e90264f33305004495a9","hash":"785dfd71e1e435c46176bd1145c8cbbd82186009"}
,"/home/runner/work/lines/lines/src/utils/setCell.ts": {"path":"/home/runner/work/lines/lines/src/utils/setCell.ts","statementMap":{"0":{"start":{"line":2,"column":2},"end":{"line":8,"column":3}},"1":{"start":{"line":3,"column":16},"end":{"line":3,"column":26}},"2":{"start":{"line":4,"column":4},"end":{"line":6,"column":5}},"3":{"start":{"line":5,"column":6},"end":{"line":5,"column":23}},"4":{"start":{"line":7,"column":4},"end":{"line":7,"column":15}}},"fnMap":{"0":{"name":"(anonymous_0)","decl":{"start":{"line":1,"column":15},"end":{"line":1,"column":16}},"loc":{"start":{"line":2,"column":2},"end":{"line":8,"column":3}},"line":2},"1":{"name":"(anonymous_1)","decl":{"start":{"line":2,"column":2},"end":{"line":2,"column":3}},"loc":{"start":{"line":2,"column":33},"end":{"line":8,"column":3}},"line":2}},"branchMap":{"0":{"loc":{"start":{"line":1,"column":41},"end":{"line":1,"column":58}},"type":"default-arg","locations":[{"start":{"line":1,"column":57},"end":{"line":1,"column":58}}],"line":1},"1":{"loc":{"start":{"line":2,"column":3},"end":{"line":2,"column":28}},"type":"default-arg","locations":[{"start":{"line":2,"column":26},"end":{"line":2,"column":28}}],"line":2},"2":{"loc":{"start":{"line":4,"column":4},"end":{"line":6,"column":5}},"type":"if","locations":[{"start":{"line":4,"column":4},"end":{"line":6,"column":5}},{"start":{},"end":{}}],"line":4},"3":{"loc":{"start":{"line":4,"column":8},"end":{"line":4,"column":58}},"type":"binary-expr","locations":[{"start":{"line":4,"column":8},"end":{"line":4,"column":24}},{"start":{"line":4,"column":28},"end":{"line":4,"column":36}},{"start":{"line":4,"column":40},"end":{"line":4,"column":58}}],"line":4}},"s":{"0":10,"1":10,"2":10,"3":9,"4":10},"f":{"0":10,"1":10},"b":{"0":[4],"1":[0],"2":[9,1],"3":[10,10,10]},"_coverageSchema":"1a1c01bbd47fc00a2c39e90264f33305004495a9","hash":"fadf63abc472b85a80c1bf3be1fb7e8f4315efee"}
,"/home/runner/work/lines/lines/src/utils/shuffle.ts": {"path":"/home/runner/work/lines/lines/src/utils/shuffle.ts","statementMap":{"0":{"start":{"line":1,"column":16},"end":{"line":10,"column":1}},"1":{"start":{"line":2,"column":14},"end":{"line":2,"column":24}},"2":{"start":{"line":3,"column":2},"end":{"line":8,"column":3}},"3":{"start":{"line":3,"column":15},"end":{"line":3,"column":29}},"4":{"start":{"line":4,"column":12},"end":{"line":4,"column":47}},"5":{"start":{"line":5,"column":15},"end":{"line":5,"column":21}},"6":{"start":{"line":6,"column":4},"end":{"line":6,"column":20}},"7":{"start":{"line":7,"column":4},"end":{"line":7,"column":18}},"8":{"start":{"line":9,"column":2},"end":{"line":9,"column":13}}},"fnMap":{"0":{"name":"(anonymous_0)","decl":{"start":{"line":1,"column":16},"end":{"line":1,"column":17}},"loc":{"start":{"line":1,"column":42},"end":{"line":10,"column":1}},"line":1}},"branchMap":{},"s":{"0":32,"1":39,"2":39,"3":39,"4":2685,"5":2685,"6":2685,"7":2685,"8":39},"f":{"0":39},"b":{},"_coverageSchema":"1a1c01bbd47fc00a2c39e90264f33305004495a9","hash":"bcf2bfca532a9583b017d55128d2decbc04b5551"}
,"/home/runner/work/lines/lines/src/utils/updateGameField.ts": {"path":"/home/runner/work/lines/lines/src/utils/updateGameField.ts","statementMap":{"0":{"start":{"line":6,"column":24},"end":{"line":8,"column":1}},"1":{"start":{"line":7,"column":2},"end":{"line":7,"column":69}}},"fnMap":{"0":{"name":"(anonymous_0)","decl":{"start":{"line":6,"column":24},"end":{"line":6,"column":25}},"loc":{"start":{"line":6,"column":80},"end":{"line":8,"column":1}},"line":6}},"branchMap":{},"s":{"0":29,"1":2},"f":{"0":2},"b":{},"_coverageSchema":"1a1c01bbd47fc00a2c39e90264f33305004495a9","hash":"9363c6b37b46c17268f568399eb5d84108600840"}
,"/home/runner/work/lines/lines/src/utils/uuidv4.ts": {"path":"/home/runner/work/lines/lines/src/utils/uuidv4.ts","statementMap":{"0":{"start":{"line":1,"column":15},"end":{"line":8,"column":1}},"1":{"start":{"line":2,"column":2},"end":{"line":7,"column":4}},"2":{"start":{"line":3,"column":4},"end":{"line":6,"column":18}}},"fnMap":{"0":{"name":"(anonymous_0)","decl":{"start":{"line":1,"column":15},"end":{"line":1,"column":16}},"loc":{"start":{"line":1,"column":21},"end":{"line":8,"column":1}},"line":1},"1":{"name":"(anonymous_1)","decl":{"start":{"line":2,"column":65},"end":{"line":2,"column":66}},"loc":{"start":{"line":3,"column":4},"end":{"line":6,"column":18}},"line":3}},"branchMap":{},"s":{"0":29,"1":2,"2":62},"f":{"0":2,"1":62},"b":{},"_coverageSchema":"1a1c01bbd47fc00a2c39e90264f33305004495a9","hash":"e9515b20f2dd6fcabb74dc43149dc155323b6745"}
}
