TN:
SF:src/Root.tsx
FN:7,(anonymous_0)
FNF:1
FNH:1
FNDA:1,(anonymous_0)
DA:7,1
DA:8,1
LF:2
LH:2
BRF:0
BRH:0
end_of_record
TN:
SF:src/App/AppBody.tsx
FN:18,(anonymous_0)
FN:21,(anonymous_1)
FNF:2
FNH:2
FNDA:8,(anonymous_0)
FNDA:8,(anonymous_1)
DA:13,3
DA:18,8
DA:21,3
DA:22,8
DA:23,8
LF:5
LH:5
BRDA:18,0,0,0
BRDA:18,0,1,8
BRF:2
BRH:1
end_of_record
TN:
SF:src/App/AppBottom.tsx
FN:14,(anonymous_0)
FN:17,(anonymous_1)
FN:18,(anonymous_2)
FN:19,(anonymous_3)
FNF:4
FNH:4
FNDA:7,(anonymous_0)
FNDA:7,(anonymous_1)
FNDA:6,(anonymous_2)
FNDA:6,(anonymous_3)
DA:13,3
DA:14,7
DA:17,3
DA:18,7
DA:19,7
DA:21,7
LF:6
LH:6
BRDA:14,0,0,1
BRDA:14,0,1,6
BRDA:18,1,0,0
BRF:3
BRH:2
end_of_record
TN:
SF:src/App/AppHeader.tsx
FN:10,(anonymous_0)
FNF:1
FNH:1
FNDA:8,(anonymous_0)
DA:6,3
DA:10,3
DA:11,8
LF:3
LH:3
BRF:0
BRH:0
end_of_record
TN:
SF:src/App/AppRouter.tsx
FN:11,(anonymous_0)
FN:12,(anonymous_1)
FNF:2
FNH:2
FNDA:8,(anonymous_0)
FNDA:6,(anonymous_1)
DA:11,3
DA:12,8
DA:14,8
LF:3
LH:3
BRF:0
BRH:0
end_of_record
TN:
SF:src/App/appSaga.ts
FN:36,watchRehydrate
FN:57,(anonymous_1)
FN:59,watchPersist
FN:68,showCell
FN:82,step0
FN:96,moveTo
FN:114,step1
FN:133,step2
FN:147,step3
FN:179,step4
FN:199,step5
FN:203,watchStartGameSteps
FN:234,appSaga
FNF:13
FNH:13
FNDA:3,watchRehydrate
FNDA:24,(anonymous_1)
FNDA:3,watchPersist
FNDA:6,showCell
FNDA:2,step0
FNDA:4,moveTo
FNDA:3,step1
FNDA:2,step2
FNDA:2,step3
FNDA:2,step4
FNDA:2,step5
FNDA:3,watchStartGameSteps
FNDA:2,appSaga
DA:34,10
DA:41,3
DA:42,3
DA:43,3
DA:44,1
DA:45,1
DA:46,1
DA:47,1
DA:52,1
DA:54,3
DA:57,24
DA:60,3
DA:61,3
DA:72,6
DA:74,6
DA:75,6
DA:87,2
DA:88,2
DA:89,2
DA:101,4
DA:102,4
DA:103,4
DA:104,4
DA:105,4
DA:106,4
DA:107,4
DA:119,3
DA:120,3
DA:121,3
DA:124,3
DA:125,3
DA:126,3
DA:137,2
DA:138,2
DA:139,2
DA:140,2
DA:155,2
DA:157,2
DA:158,2
DA:159,2
DA:161,2
DA:162,1
DA:163,1
DA:165,2
DA:182,2
DA:184,2
DA:185,2
DA:186,2
DA:191,2
DA:192,2
DA:200,2
DA:206,3
DA:207,3
DA:208,3
DA:210,3
DA:211,1
DA:212,1
DA:214,2
DA:215,2
DA:217,2
DA:223,2
DA:224,1
DA:225,1
DA:227,1
DA:228,1
DA:230,2
DA:235,2
DA:236,2
DA:237,2
DA:238,2
LF:70
LH:70
BRDA:43,0,0,1
BRDA:43,0,1,2
BRDA:70,1,0,0
BRDA:117,2,0,0
BRDA:152,3,0,0
BRDA:158,4,0,2
BRDA:158,4,1,0
BRDA:161,5,0,1
BRDA:161,5,1,1
BRDA:161,6,0,2
BRDA:161,6,1,1
BRDA:207,7,0,3
BRDA:207,7,1,0
BRDA:207,8,0,3
BRDA:207,8,1,3
BRDA:210,9,0,1
BRDA:210,9,1,2
BRDA:223,10,0,1
BRDA:223,10,1,1
BRDA:223,11,0,2
BRDA:223,11,1,2
BRF:21
BRH:16
end_of_record
TN:
SF:src/App/appSlice.ts
FN:16,(anonymous_0)
FN:17,(anonymous_1)
FN:18,(anonymous_2)
FN:26,(anonymous_3)
FN:29,(anonymous_4)
FN:30,(anonymous_5)
FN:31,(anonymous_6)
FN:37,(anonymous_7)
FN:45,(anonymous_8)
FN:48,(anonymous_9)
FN:51,(anonymous_10)
FN:59,(anonymous_11)
FNF:12
FNH:12
FNDA:1,(anonymous_0)
FNDA:1,(anonymous_1)
FNDA:1,(anonymous_2)
FNDA:1,(anonymous_3)
FNDA:1,(anonymous_4)
FNDA:25,(anonymous_5)
FNDA:4,(anonymous_6)
FNDA:1,(anonymous_7)
FNDA:4,(anonymous_8)
FNDA:4,(anonymous_9)
FNDA:2,(anonymous_10)
FNDA:1,(anonymous_11)
DA:12,14
DA:16,1
DA:17,1
DA:19,1
DA:20,1
DA:21,1
DA:22,1
DA:23,1
DA:24,1
DA:27,1
DA:29,1
DA:30,25
DA:32,4
DA:33,4
DA:34,4
DA:35,4
DA:38,1
DA:39,1
DA:40,1
DA:41,1
DA:42,1
DA:43,1
DA:46,4
DA:49,4
DA:52,2
DA:53,1
DA:55,2
DA:56,2
DA:60,1
DA:61,1
DA:67,14
LF:31
LH:31
BRDA:52,0,0,1
BRDA:52,0,1,1
BRDA:55,1,0,2
BRDA:55,1,1,0
BRDA:60,2,0,1
BRDA:60,2,1,0
BRDA:60,3,0,1
BRDA:60,3,1,1
BRF:8
BRH:6
end_of_record
TN:
SF:src/App/index.tsx
FN:28,(anonymous_0)
FNF:1
FNH:1
FNDA:6,(anonymous_0)
DA:9,2
DA:17,2
DA:28,2
DA:29,6
LF:4
LH:4
BRF:0
BRH:0
end_of_record
TN:
SF:src/App/initialState.ts
FNF:0
FNH:0
DA:4,34
DA:6,34
DA:7,34
DA:17,34
DA:23,34
LF:5
LH:5
BRF:0
BRH:0
end_of_record
TN:
SF:src/App/model/IAppState.ts
FNF:0
FNH:0
LF:0
LH:0
BRF:0
BRH:0
end_of_record
TN:
SF:src/App/model/ICellsProps.ts
FNF:0
FNH:0
LF:0
LH:0
BRF:0
BRH:0
end_of_record
TN:
SF:src/components/Button.tsx
FN:15,(anonymous_0)
FNF:1
FNH:1
FNDA:12,(anonymous_0)
DA:5,6
DA:15,6
DA:16,12
LF:3
LH:3
BRDA:15,0,0,1
BRDA:15,1,0,3
BRF:2
BRH:2
end_of_record
TN:
SF:src/components/GameTitle.tsx
FN:11,(anonymous_0)
FNF:1
FNH:1
FNDA:14,(anonymous_0)
DA:4,4
DA:11,14
LF:2
LH:2
BRF:0
BRH:0
end_of_record
TN:
SF:src/components/Loading.tsx
FN:53,(anonymous_0)
FN:55,(anonymous_1)
FNF:2
FNH:2
FNDA:2,(anonymous_0)
FNDA:1,(anonymous_1)
DA:8,4
DA:20,4
DA:30,4
DA:53,4
DA:54,2
DA:55,2
DA:56,1
DA:57,1
DA:60,2
LF:9
LH:9
BRDA:61,0,0,2
BRDA:61,0,1,1
BRF:2
BRH:2
end_of_record
TN:
SF:src/components/Percentage.tsx
FN:11,(anonymous_0)
FN:12,(anonymous_1)
FN:13,(anonymous_2)
FNF:3
FNH:3
FNDA:7,(anonymous_0)
FNDA:7,(anonymous_1)
FNDA:567,(anonymous_2)
DA:4,3
DA:11,3
DA:12,7
DA:13,567
DA:14,7
DA:15,7
DA:18,7
LF:7
LH:7
BRDA:11,0,0,0
BRDA:15,1,0,7
BRDA:15,1,1,7
BRF:3
BRH:2
end_of_record
TN:
SF:src/components/Score.tsx
FN:11,(anonymous_0)
FNF:1
FNH:1
FNDA:7,(anonymous_0)
DA:4,3
DA:11,3
DA:12,7
LF:3
LH:3
BRDA:11,0,0,0
BRF:1
BRH:0
end_of_record
TN:
SF:src/components/Select.tsx
FN:32,(anonymous_0)
FN:37,(anonymous_1)
FNF:2
FNH:2
FNDA:8,(anonymous_0)
FNDA:24,(anonymous_1)
DA:5,6
DA:14,6
DA:32,6
DA:33,8
DA:38,24
LF:5
LH:5
BRDA:32,0,0,8
BRF:1
BRH:1
end_of_record
TN:
SF:src/layout/Grid.ts
FNF:0
FNH:0
DA:3,5
LF:1
LH:1
BRF:0
BRH:0
end_of_record
TN:
SF:src/layout/Panel.ts
FNF:0
FNH:0
DA:3,5
LF:1
LH:1
BRF:0
BRH:0
end_of_record
TN:
SF:src/layout/Section.ts
FNF:0
FNH:0
DA:3,5
LF:1
LH:1
BRF:0
BRH:0
end_of_record
TN:
SF:src/layout/Title.ts
FNF:0
FNH:0
DA:3,4
LF:1
LH:1
BRF:0
BRH:0
end_of_record
TN:
SF:src/modules/Auth/AuthForm.tsx
FN:40,(anonymous_0)
FN:46,(anonymous_1)
FN:50,(anonymous_2)
FNF:3
FNH:3
FNDA:16,(anonymous_0)
FNDA:1,(anonymous_1)
FNDA:7,(anonymous_2)
DA:9,4
DA:40,4
DA:41,16
DA:42,16
DA:44,16
DA:46,16
DA:47,1
DA:50,16
DA:51,7
DA:52,7
DA:55,16
DA:57,16
LF:12
LH:12
BRDA:55,0,0,16
BRDA:55,0,1,7
BRF:2
BRH:2
end_of_record
TN:
SF:src/modules/Auth/AuthLayout.tsx
FN:19,(anonymous_0)
FN:20,(anonymous_1)
FN:23,(anonymous_2)
FNF:3
FNH:3
FNDA:13,(anonymous_0)
FNDA:9,(anonymous_1)
FNDA:7,(anonymous_2)
DA:11,3
DA:19,3
DA:20,13
DA:21,13
DA:23,13
DA:24,7
DA:25,1
DA:29,13
LF:8
LH:8
BRDA:19,0,0,11
BRDA:24,1,0,1
BRDA:24,1,1,6
BRDA:33,2,0,13
BRDA:33,2,1,0
BRF:5
BRH:4
end_of_record
TN:
SF:src/modules/Auth/RequireAuth.tsx
FN:8,(anonymous_0)
FNF:1
FNH:1
FNDA:6,(anonymous_0)
DA:8,3
DA:9,6
DA:11,6
DA:12,4
DA:15,2
LF:5
LH:5
BRDA:11,0,0,4
BRDA:11,0,1,2
BRF:2
BRH:2
end_of_record
TN:
SF:src/modules/Auth/authSaga.ts
FN:18,(anonymous_0)
FN:20,watchSetUser
FN:32,watchLogout
FN:45,watchRehydrate
FN:53,authSaga
FNF:5
FNH:5
FNDA:13,(anonymous_0)
FNDA:3,watchSetUser
FNDA:4,watchLogout
FNDA:4,watchRehydrate
FNDA:2,authSaga
DA:18,13
DA:23,3
DA:24,3
DA:25,3
DA:26,1
DA:27,1
DA:29,3
DA:35,4
DA:36,4
DA:37,4
DA:38,1
DA:40,4
DA:41,4
DA:42,4
DA:46,4
DA:47,4
DA:48,1
DA:49,1
DA:54,2
DA:55,2
DA:56,2
LF:21
LH:21
BRDA:25,0,0,1
BRDA:25,0,1,2
BRDA:37,1,0,1
BRDA:37,1,1,3
BRDA:37,2,0,4
BRDA:37,2,1,3
BRDA:37,2,2,2
BRDA:47,3,0,1
BRDA:47,3,1,3
BRF:9
BRH:9
end_of_record
TN:
SF:src/modules/Auth/authSlice.ts
FN:10,(anonymous_0)
FN:11,(anonymous_1)
FN:12,(anonymous_2)
FN:15,(anonymous_3)
FNF:4
FNH:4
FNDA:1,(anonymous_0)
FNDA:1,(anonymous_1)
FNDA:1,(anonymous_2)
FNDA:1,(anonymous_3)
DA:6,12
DA:10,1
DA:11,1
DA:13,1
DA:16,1
DA:21,12
LF:6
LH:6
BRF:0
BRH:0
end_of_record
TN:
SF:src/modules/Auth/fakeAuthProvider.ts
FN:10,(anonymous_0)
FN:11,(anonymous_1)
FN:12,(anonymous_2)
FN:28,(anonymous_3)
FN:29,(anonymous_4)
FN:30,(anonymous_5)
FNF:6
FNH:6
FNDA:2,(anonymous_0)
FNDA:2,(anonymous_1)
FNDA:2,(anonymous_2)
FNDA:1,(anonymous_3)
FNDA:1,(anonymous_4)
FNDA:1,(anonymous_5)
DA:5,11
DA:10,11
DA:11,2
DA:12,2
DA:13,2
DA:14,2
DA:15,1
DA:17,1
DA:18,1
DA:19,1
DA:20,1
DA:22,1
DA:28,11
DA:29,1
DA:30,1
DA:31,1
DA:32,1
LF:17
LH:17
BRDA:14,0,0,1
BRDA:14,0,1,1
BRF:2
BRH:2
end_of_record
TN:
SF:src/modules/Auth/initialState.ts
FNF:0
FNH:0
DA:3,12
LF:1
LH:1
BRF:0
BRH:0
end_of_record
TN:
SF:src/modules/Auth/model/IAuthState.ts
FNF:0
FNH:0
LF:0
LH:0
BRF:0
BRH:0
end_of_record
TN:
SF:src/modules/Auth/model/IUserProfile.ts
FNF:0
FNH:0
LF:0
LH:0
BRF:0
BRH:0
end_of_record
TN:
SF:src/modules/Cell/constatnts.ts
FNF:0
FNH:0
DA:1,5
LF:1
LH:1
BRF:0
BRH:0
end_of_record
TN:
SF:src/modules/Cell/index.tsx
FN:33,(anonymous_0)
FN:42,(anonymous_1)
FN:47,(anonymous_2)
FN:50,(anonymous_3)
FN:69,(anonymous_4)
FN:80,(anonymous_5)
FN:82,(anonymous_6)
FN:84,(anonymous_7)
FN:98,(anonymous_8)
FN:110,(anonymous_9)
FN:120,(anonymous_10)
FN:127,(anonymous_11)
FNF:12
FNH:12
FNDA:14,(anonymous_0)
FNDA:598,(anonymous_1)
FNDA:598,(anonymous_2)
FNDA:598,(anonymous_3)
FNDA:9,(anonymous_4)
FNDA:9,(anonymous_5)
FNDA:9,(anonymous_6)
FNDA:9,(anonymous_7)
FNDA:2,(anonymous_8)
FNDA:598,(anonymous_9)
FNDA:1,(anonymous_10)
FNDA:1,(anonymous_11)
DA:10,5
DA:28,5
DA:33,14
DA:39,5
DA:42,598
DA:47,598
DA:50,598
DA:65,5
DA:70,9
DA:80,9
DA:82,9
DA:84,9
DA:90,5
DA:98,2
DA:110,5
DA:118,598
DA:120,598
DA:121,1
DA:122,1
DA:123,1
DA:127,598
DA:128,1
DA:129,1
DA:130,1
DA:134,598
LF:25
LH:25
BRDA:33,0,0,8
BRDA:33,1,0,6
BRDA:33,1,1,8
BRDA:42,2,0,71
BRDA:42,2,1,527
BRDA:47,3,0,71
BRDA:47,3,1,527
BRDA:50,4,0,72
BRDA:50,4,1,526
BRDA:70,5,0,1
BRDA:70,5,1,8
BRDA:70,6,0,9
BRDA:70,6,1,3
BRDA:72,7,0,2
BRDA:72,7,1,6
BRDA:80,8,0,3
BRDA:80,8,1,6
BRDA:82,9,0,3
BRDA:82,9,1,6
BRDA:84,10,0,6
BRDA:84,10,1,3
BRDA:98,11,0,1
BRDA:98,11,1,1
BRDA:111,12,0,0
BRDA:112,13,0,0
BRDA:113,14,0,0
BRDA:114,15,0,6
BRDA:115,16,0,6
BRDA:116,17,0,594
BRDA:122,18,0,1
BRDA:122,18,1,0
BRDA:123,19,0,0
BRDA:123,19,1,1
BRDA:129,20,0,1
BRDA:129,20,1,0
BRDA:129,21,0,1
BRDA:129,21,1,1
BRDA:141,22,0,598
BRDA:141,22,1,9
BRDA:141,22,2,9
BRDA:150,23,0,9
BRDA:150,23,1,3
BRDA:150,23,2,2
BRF:43
BRH:37
end_of_record
TN:
SF:src/modules/Cell/models.ts
FNF:0
FNH:0
LF:0
LH:0
BRF:0
BRH:0
end_of_record
TN:
SF:src/modules/GameField/index.tsx
FN:30,(anonymous_0)
FN:35,(anonymous_1)
FN:45,(anonymous_2)
FNF:3
FNH:3
FNDA:10,(anonymous_0)
FNDA:8,(anonymous_1)
FNDA:592,(anonymous_2)
DA:14,4
DA:20,4
DA:24,4
DA:30,4
DA:35,10
DA:36,10
DA:38,10
DA:39,1
DA:42,9
DA:46,592
DA:47,592
DA:48,592
DA:49,592
DA:50,592
LF:14
LH:14
BRDA:34,0,0,10
BRDA:38,1,0,1
BRDA:38,1,1,9
BRF:3
BRH:3
end_of_record
TN:
SF:src/modules/HitParade/PlayerList.tsx
FN:12,(anonymous_0)
FN:17,(anonymous_1)
FNF:2
FNH:2
FNDA:5,(anonymous_0)
FNDA:15,(anonymous_1)
DA:12,5
DA:13,5
DA:14,5
DA:18,15
LF:4
LH:4
BRF:0
BRH:0
end_of_record
TN:
SF:src/modules/HitParade/PlayerListHeader.tsx
FN:4,(anonymous_0)
FNF:1
FNH:1
FNDA:5,(anonymous_0)
DA:4,5
DA:5,5
LF:2
LH:2
BRF:0
BRH:0
end_of_record
TN:
SF:src/modules/HitParade/PlayerListRow.tsx
FN:12,(anonymous_0)
FNF:1
FNH:1
FNDA:24,(anonymous_0)
DA:12,6
DA:13,24
DA:14,24
LF:3
LH:3
BRDA:12,0,0,8
BRDA:19,1,0,24
BRDA:19,1,1,23
BRF:3
BRH:3
end_of_record
TN:
SF:src/modules/HitParade/index.tsx
FN:18,(anonymous_0)
FN:19,(anonymous_1)
FN:20,(anonymous_2)
FNF:3
FNH:3
FNDA:11,(anonymous_0)
FNDA:10,(anonymous_1)
FNDA:10,(anonymous_2)
DA:14,4
DA:18,4
DA:19,11
DA:20,11
DA:22,11
LF:5
LH:5
BRDA:20,0,0,10
BRDA:20,0,1,8
BRDA:26,1,0,11
BRDA:26,1,1,1
BRF:4
BRH:4
end_of_record
TN:
SF:src/modules/HitParade/layout.ts
FN:26,(anonymous_0)
FN:27,(anonymous_1)
FN:28,(anonymous_2)
FN:29,(anonymous_3)
FNF:4
FNH:4
FNDA:29,(anonymous_0)
FNDA:29,(anonymous_1)
FNDA:29,(anonymous_2)
FNDA:29,(anonymous_3)
DA:3,6
DA:7,6
DA:11,6
DA:15,6
DA:23,6
DA:26,29
DA:27,29
DA:28,29
DA:29,29
LF:9
LH:9
BRDA:26,0,0,9
BRDA:26,0,1,20
BRDA:27,1,0,6
BRDA:27,1,1,23
BRDA:28,2,0,6
BRDA:28,2,1,23
BRDA:29,3,0,2
BRDA:29,3,1,27
BRF:8
BRH:8
end_of_record
TN:
SF:src/modules/HitParade/models.ts
FNF:0
FNH:0
LF:0
LH:0
BRF:0
BRH:0
end_of_record
TN:
SF:src/modules/HitParade/utils.ts
FN:3,(anonymous_0)
FNF:1
FNH:1
FNDA:13,(anonymous_0)
DA:3,6
DA:4,13
LF:2
LH:2
BRDA:4,0,0,11
BRDA:4,0,1,2
BRDA:4,1,0,1
BRDA:4,1,1,1
BRF:4
BRH:4
end_of_record
TN:
SF:src/modules/UserForm/FormControls.tsx
FN:20,(anonymous_0)
FN:23,(anonymous_1)
FN:35,(anonymous_2)
FNF:3
FNH:3
FNDA:6,(anonymous_0)
FNDA:1,(anonymous_1)
FNDA:1,(anonymous_2)
DA:11,5
DA:20,5
DA:21,6
DA:23,6
DA:24,1
DA:31,1
DA:34,6
DA:36,1
DA:37,1
DA:44,1
DA:49,6
LF:11
LH:11
BRF:0
BRH:0
end_of_record
TN:
SF:src/modules/UserForm/index.tsx
FN:23,(anonymous_0)
FN:28,(anonymous_1)
FN:32,(anonymous_2)
FNF:3
FNH:3
FNDA:3,(anonymous_0)
FNDA:3,(anonymous_1)
FNDA:1,(anonymous_2)
DA:14,4
DA:19,4
DA:23,4
DA:24,3
DA:25,3
DA:26,3
DA:28,3
DA:29,3
DA:32,3
DA:33,1
DA:36,3
LF:11
LH:11
BRF:0
BRH:0
end_of_record
TN:
SF:src/modules/UserInfo/index.tsx
FN:16,(anonymous_0)
FNF:1
FNH:1
FNDA:8,(anonymous_0)
DA:9,3
DA:16,3
DA:17,8
LF:3
LH:3
BRDA:20,0,0,8
BRDA:20,0,1,8
BRF:2
BRH:2
end_of_record
TN:
SF:src/store/index.ts
FN:13,(anonymous_0)
FNF:1
FNH:1
FNDA:1,(anonymous_0)
DA:9,1
DA:11,1
DA:14,1
DA:23,1
DA:25,1
LF:5
LH:5
BRF:0
BRH:0
end_of_record
TN:
SF:src/store/rootReducer.ts
FNF:0
FNH:0
DA:5,1
LF:1
LH:1
BRF:0
BRH:0
end_of_record
TN:
SF:src/store/rootSaga.ts
FN:5,rootSaga
FNF:1
FNH:1
FNDA:2,rootSaga
DA:6,2
LF:1
LH:1
BRF:0
BRH:0
end_of_record
TN:
SF:src/utils/Lee.ts
FN:11,(anonymous_0)
FN:23,(anonymous_1)
FN:29,(anonymous_2)
FN:37,(anonymous_3)
FN:42,(anonymous_4)
FN:54,(anonymous_5)
FN:136,(anonymous_6)
FNF:7
FNH:7
FNDA:17,(anonymous_0)
FNDA:11,(anonymous_1)
FNDA:755,(anonymous_2)
FNDA:799,(anonymous_3)
FNDA:11,(anonymous_4)
FNDA:17,(anonymous_5)
FNDA:52,(anonymous_6)
DA:8,33
DA:9,33
DA:11,33
DA:15,17
DA:16,17
DA:17,2
DA:23,15
DA:25,11
DA:26,11
DA:27,91
DA:28,91
DA:29,755
DA:31,11
DA:37,799
DA:42,15
DA:43,11
DA:45,15
DA:54,33
DA:59,17
DA:60,17
DA:61,6
DA:63,11
DA:64,11
DA:65,11
DA:66,11
DA:67,11
DA:68,11
DA:69,11
DA:71,11
DA:72,11
DA:77,11
DA:78,3
DA:82,8
DA:83,1
DA:87,7
DA:88,7
DA:89,7
DA:90,109
DA:91,109
DA:92,889
DA:94,7265
DA:96,163
DA:97,652
DA:98,652
DA:99,652
DA:100,166
DA:101,166
DA:107,109
DA:110,7
DA:111,3
DA:115,4
DA:116,4
DA:117,4
DA:118,4
DA:119,4
DA:120,48
DA:121,48
DA:122,48
DA:123,48
DA:124,126
DA:125,126
DA:126,126
DA:127,48
DA:128,48
DA:129,48
DA:133,4
DA:134,4
DA:136,4
DA:137,52
DA:138,52
LF:70
LH:70
BRDA:15,0,0,17
BRDA:15,0,1,15
BRDA:16,1,0,2
BRDA:16,1,1,15
BRDA:29,2,0,322
BRDA:29,2,1,433
BRDA:37,3,0,799
BRDA:37,3,1,766
BRDA:37,3,2,755
BRDA:37,3,3,751
BRDA:43,4,0,11
BRDA:43,4,1,10
BRDA:60,5,0,6
BRDA:60,5,1,11
BRDA:60,6,0,17
BRDA:60,6,1,15
BRDA:60,6,2,13
BRDA:64,7,0,4
BRDA:64,7,1,7
BRDA:65,8,0,4
BRDA:65,8,1,7
BRDA:66,9,0,4
BRDA:66,9,1,7
BRDA:67,10,0,4
BRDA:67,10,1,7
BRDA:77,11,0,3
BRDA:77,11,1,8
BRDA:82,12,0,1
BRDA:82,12,1,7
BRDA:108,13,0,109
BRDA:108,13,1,106
BRDA:94,14,0,163
BRDA:94,14,1,7102
BRDA:99,15,0,166
BRDA:99,15,1,486
BRDA:99,16,0,652
BRDA:99,16,1,605
BRDA:110,17,0,3
BRDA:110,17,1,4
BRDA:126,18,0,48
BRDA:126,18,1,78
BRDA:126,19,0,126
BRDA:126,19,1,123
BRF:43
BRH:43
end_of_record
TN:
SF:src/utils/addNewCellsToGameField.ts
FN:3,(anonymous_0)
FN:8,(anonymous_1)
FNF:2
FNH:2
FNDA:3,(anonymous_0)
FNDA:9,(anonymous_1)
DA:3,33
DA:7,3
DA:8,3
DA:9,9
DA:11,3
LF:5
LH:5
BRF:0
BRH:0
end_of_record
TN:
SF:src/utils/createArrayBySize.ts
FN:1,(anonymous_0)
FN:2,(anonymous_1)
FNF:2
FNH:2
FNDA:45,(anonymous_0)
FNDA:3277,(anonymous_1)
DA:1,36
DA:2,3277
LF:2
LH:2
BRDA:1,0,0,1
BRF:1
BRH:1
end_of_record
TN:
SF:src/utils/createGameField.ts
FN:6,(anonymous_0)
FNF:1
FNH:1
FNDA:43,(anonymous_0)
DA:6,35
DA:7,43
LF:2
LH:2
BRDA:6,0,0,0
BRF:1
BRH:0
end_of_record
TN:
SF:src/utils/delay.ts
FN:1,(anonymous_0)
FN:1,(anonymous_1)
FNF:2
FNH:2
FNDA:14,(anonymous_0)
FNDA:14,(anonymous_1)
DA:1,14
LF:1
LH:1
BRDA:1,0,0,0
BRF:1
BRH:0
end_of_record
TN:
SF:src/utils/filterChainsByInd.ts
FN:1,(anonymous_0)
FN:2,(anonymous_1)
FN:4,(anonymous_2)
FN:5,(anonymous_3)
FN:7,(anonymous_4)
FN:7,(anonymous_5)
FNF:6
FNH:6
FNDA:8,(anonymous_0)
FNDA:8,(anonymous_1)
FNDA:8,(anonymous_2)
FNDA:4,(anonymous_3)
FNDA:8,(anonymous_4)
FNDA:8,(anonymous_5)
DA:1,33
DA:2,8
DA:4,33
DA:5,8
DA:7,33
DA:8,8
DA:9,8
DA:10,8
DA:11,8
DA:12,4
DA:14,8
DA:15,1
DA:17,8
LF:13
LH:13
BRDA:2,0,0,8
BRDA:2,0,1,6
BRDA:5,1,0,8
BRDA:5,1,1,4
BRDA:11,2,0,4
BRDA:11,2,1,4
BRDA:14,3,0,1
BRDA:14,3,1,7
BRF:8
BRH:8
end_of_record
TN:
SF:src/utils/generateCellsByCount.ts
FN:1,(anonymous_0)
FN:1,(anonymous_1)
FN:2,(anonymous_2)
FNF:3
FNH:3
FNDA:49,(anonymous_0)
FNDA:49,(anonymous_1)
FNDA:3323,(anonymous_2)
DA:1,49
DA:2,3323
DA:3,49
DA:4,65
DA:6,49
LF:5
LH:5
BRF:0
BRH:0
end_of_record
TN:
SF:src/utils/generateCellsByPercent.ts
FN:3,(anonymous_0)
FN:3,(anonymous_1)
FNF:2
FNH:2
FNDA:46,(anonymous_0)
FNDA:46,(anonymous_1)
DA:3,46
DA:4,46
DA:5,46
LF:3
LH:3
BRF:0
BRH:0
end_of_record
TN:
SF:src/utils/getChainByInd.ts
FN:12,(anonymous_0)
FNF:1
FNH:1
FNDA:26,(anonymous_0)
DA:4,33
DA:5,33
DA:12,33
DA:19,26
DA:20,26
DA:25,26
DA:26,26
DA:27,234
DA:28,234
DA:29,234
DA:30,234
DA:31,143
DA:32,7
DA:34,143
DA:36,91
DA:39,26
DA:40,10
DA:42,26
LF:18
LH:18
BRDA:27,0,0,117
BRDA:27,0,1,117
BRDA:30,1,0,143
BRDA:30,1,1,91
BRDA:30,2,0,234
BRDA:30,2,1,128
BRDA:31,3,0,7
BRDA:31,3,1,136
BRDA:31,4,0,143
BRDA:31,4,1,89
BRDA:39,5,0,10
BRDA:39,5,1,16
BRF:12
BRH:12
end_of_record
TN:
SF:src/utils/getChainDirection.ts
FN:1,(anonymous_0)
FNF:1
FNH:1
FNDA:7,(anonymous_0)
DA:1,33
DA:2,7
DA:3,7
DA:4,7
DA:5,7
DA:6,6
DA:7,6
DA:10,1
LF:8
LH:8
BRDA:3,0,0,7
BRDA:3,0,1,0
BRDA:3,1,0,7
BRDA:3,1,1,7
BRDA:5,2,0,6
BRDA:5,2,1,1
BRDA:5,3,0,7
BRDA:5,3,1,7
BRDA:6,4,0,1
BRDA:6,4,1,5
BRDA:6,5,0,2
BRDA:6,5,1,3
BRF:12
BRH:11
end_of_record
TN:
SF:src/utils/getChainsByInd.ts
FN:4,(anonymous_0)
FN:7,(anonymous_1)
FN:10,(anonymous_2)
FN:10,(anonymous_3)
FNF:4
FNH:4
FNDA:9,(anonymous_0)
FNDA:9,(anonymous_1)
FNDA:9,(anonymous_2)
FNDA:9,(anonymous_3)
DA:4,33
DA:5,9
DA:7,33
DA:8,9
DA:10,33
DA:11,9
DA:12,9
DA:13,9
DA:14,9
DA:15,9
DA:16,3
DA:18,9
DA:19,5
DA:21,9
LF:14
LH:14
BRDA:15,0,0,3
BRDA:15,0,1,6
BRDA:18,1,0,5
BRDA:18,1,1,4
BRF:4
BRH:4
end_of_record
TN:
SF:src/utils/getHighlightedCells.ts
FN:3,(anonymous_0)
FN:5,(anonymous_1)
FNF:2
FNH:2
FNDA:2,(anonymous_0)
FNDA:6,(anonymous_1)
DA:3,33
DA:4,2
DA:5,2
DA:6,6
DA:8,2
LF:5
LH:5
BRF:0
BRH:0
end_of_record
TN:
SF:src/utils/getIndByPos.ts
FN:3,(anonymous_0)
FNF:1
FNH:1
FNDA:248,(anonymous_0)
DA:3,33
DA:4,248
LF:2
LH:2
BRF:0
BRH:0
end_of_record
TN:
SF:src/utils/getNewCells.ts
FN:5,(anonymous_0)
FN:6,(anonymous_1)
FN:6,(anonymous_2)
FN:8,(anonymous_3)
FN:8,(anonymous_4)
FN:11,(anonymous_5)
FNF:6
FNH:6
FNDA:3,(anonymous_0)
FNDA:14,(anonymous_1)
FNDA:14,(anonymous_2)
FNDA:3,(anonymous_3)
FNDA:3,(anonymous_4)
FNDA:3,(anonymous_5)
DA:5,33
DA:6,14
DA:8,33
DA:9,3
DA:11,33
DA:12,3
DA:13,3
LF:7
LH:7
BRDA:6,0,0,7
BRDA:6,0,1,7
BRDA:11,1,0,1
BRDA:11,2,0,1
BRF:4
BRH:4
end_of_record
TN:
SF:src/utils/getOutdatedCells.ts
FN:3,(anonymous_0)
FN:4,(anonymous_1)
FN:5,(anonymous_2)
FNF:3
FNH:3
FNDA:4,(anonymous_0)
FNDA:8,(anonymous_1)
FNDA:20,(anonymous_2)
DA:3,33
DA:4,4
DA:5,8
DA:6,20
DA:7,20
LF:5
LH:5
BRDA:3,0,0,2
BRF:1
BRH:1
end_of_record
TN:
SF:src/utils/getOutdatedChains.ts
FN:6,(anonymous_0)
FNF:1
FNH:1
FNDA:6,(anonymous_0)
DA:6,33
DA:7,6
LF:2
LH:2
BRDA:6,0,0,1
BRDA:6,1,0,1
BRDA:6,2,0,1
BRF:3
BRH:3
end_of_record
TN:
SF:src/utils/getPosByInd.ts
FN:3,(anonymous_0)
FNF:1
FNH:1
FNDA:45,(anonymous_0)
DA:3,33
DA:4,45
DA:5,45
DA:6,45
LF:4
LH:4
BRF:0
BRH:0
end_of_record
TN:
SF:src/utils/index.ts
FNF:0
FNH:0
LF:0
LH:0
BRF:0
BRH:0
end_of_record
TN:
SF:src/utils/moveToCell.ts
FN:5,(anonymous_0)
FNF:1
FNH:1
FNDA:17,(anonymous_0)
DA:6,17
DA:7,2
DA:9,15
LF:3
LH:3
BRDA:6,0,0,2
BRDA:6,0,1,15
BRDA:6,1,0,17
BRDA:6,1,1,16
BRF:4
BRH:4
end_of_record
TN:
SF:src/utils/removeOutdatedChains.ts
FN:1,(anonymous_0)
FN:6,(anonymous_1)
FN:8,(anonymous_2)
FNF:3
FNH:3
FNDA:5,(anonymous_0)
FNDA:8,(anonymous_1)
FNDA:24,(anonymous_2)
DA:1,33
DA:2,5
DA:3,5
DA:4,5
DA:5,4
DA:7,8
DA:9,24
DA:13,5
LF:8
LH:8
BRDA:4,0,0,4
BRDA:4,0,1,1
BRDA:7,1,0,8
BRDA:7,1,1,8
BRF:4
BRH:4
end_of_record
TN:
SF:src/utils/setCell.ts
FN:1,(anonymous_0)
FN:2,(anonymous_1)
FNF:2
FNH:2
FNDA:32,(anonymous_0)
FNDA:32,(anonymous_1)
DA:2,32
DA:3,32
DA:4,32
DA:5,31
DA:7,32
LF:5
LH:5
BRDA:1,0,0,0
BRDA:2,1,0,0
BRDA:4,2,0,31
BRDA:4,2,1,1
BRDA:4,3,0,32
BRDA:4,3,1,32
BRDA:4,3,2,32
BRF:7
BRH:5
end_of_record
TN:
SF:src/utils/shuffle.ts
FN:1,(anonymous_0)
FNF:1
FNH:1
FNDA:49,(anonymous_0)
DA:1,36
DA:2,49
DA:3,49
DA:4,3248
DA:5,3248
DA:6,3248
DA:7,3248
DA:9,49
LF:8
LH:8
BRF:0
BRH:0
end_of_record
TN:
SF:src/utils/uuidv4.ts
FN:1,(anonymous_0)
FN:2,(anonymous_1)
FNF:2
FNH:2
FNDA:2,(anonymous_0)
FNDA:62,(anonymous_1)
DA:1,33
DA:2,2
DA:3,62
LF:3
LH:3
BRF:0
BRH:0
end_of_record
