TN:
SF:src/Root.tsx
FN:7,(anonymous_0)
FNF:1
FNH:1
FNDA:1,(anonymous_0)
DA:7,1
DA:8,1
LF:2
LH:2
BRF:0
BRH:0
end_of_record
TN:
SF:src/App/AppBody.tsx
FN:10,(anonymous_0)
FNF:1
FNH:1
FNDA:5,(anonymous_0)
DA:5,3
DA:10,3
DA:11,5
LF:3
LH:3
BRF:0
BRH:0
end_of_record
TN:
SF:src/App/AppBottom.tsx
FN:12,(anonymous_0)
FN:19,(anonymous_1)
FN:20,(anonymous_2)
FN:21,(anonymous_3)
FN:23,(anonymous_4)
FN:24,(anonymous_5)
FNF:6
FNH:6
FNDA:4,(anonymous_0)
FNDA:4,(anonymous_1)
FNDA:2,(anonymous_2)
FNDA:2,(anonymous_3)
FNDA:4,(anonymous_4)
FNDA:324,(anonymous_5)
DA:11,3
DA:12,4
DA:15,3
DA:19,3
DA:20,4
DA:21,4
DA:23,4
DA:24,324
DA:25,4
DA:26,4
DA:29,4
LF:11
LH:11
BRDA:12,0,0,2
BRDA:12,0,1,2
BRDA:20,1,0,0
BRF:3
BRH:2
end_of_record
TN:
SF:src/App/AppHeader.tsx
FN:5,(anonymous_0)
FNF:1
FNH:1
FNDA:5,(anonymous_0)
DA:5,3
DA:6,5
LF:2
LH:2
BRF:0
BRH:0
end_of_record
TN:
SF:src/App/AppRouter.tsx
FN:11,(anonymous_0)
FN:12,(anonymous_1)
FNF:2
FNH:2
FNDA:5,(anonymous_0)
FNDA:2,(anonymous_1)
DA:11,3
DA:12,5
DA:14,5
LF:3
LH:3
BRF:0
BRH:0
end_of_record
TN:
SF:src/App/appSaga.ts
FN:28,watchRehydrate
FN:42,(anonymous_1)
FN:44,watchPersist
FN:53,showCell
FN:67,step0
FN:81,moveTo
FN:99,step1
FN:118,step2
FN:131,step3
FN:158,step4
FN:178,step5
FN:182,watchStartGameSteps
FN:213,appSaga
FNF:13
FNH:13
FNDA:3,watchRehydrate
FNDA:19,(anonymous_1)
FNDA:3,watchPersist
FNDA:6,showCell
FNDA:2,step0
FNDA:4,moveTo
FNDA:3,step1
FNDA:2,step2
FNDA:2,step3
FNDA:2,step4
FNDA:2,step5
FNDA:3,watchStartGameSteps
FNDA:7,appSaga
DA:33,3
DA:34,3
DA:35,3
DA:36,1
DA:37,1
DA:39,3
DA:42,19
DA:45,3
DA:46,3
DA:57,6
DA:59,6
DA:60,6
DA:72,2
DA:73,2
DA:74,2
DA:86,4
DA:87,4
DA:88,4
DA:89,4
DA:90,4
DA:91,4
DA:92,4
DA:104,3
DA:105,3
DA:106,3
DA:109,3
DA:110,3
DA:111,3
DA:122,2
DA:123,2
DA:124,2
DA:134,2
DA:139,2
DA:141,2
DA:143,2
DA:145,2
DA:161,2
DA:163,2
DA:164,2
DA:165,2
DA:170,2
DA:171,2
DA:179,2
DA:185,3
DA:186,3
DA:187,3
DA:189,3
DA:190,1
DA:191,1
DA:193,2
DA:194,2
DA:196,2
DA:202,2
DA:203,1
DA:204,1
DA:206,1
DA:207,1
DA:209,2
DA:214,7
DA:215,7
DA:216,7
DA:217,7
LF:62
LH:62
BRDA:35,0,0,1
BRDA:35,0,1,2
BRDA:55,1,0,0
BRDA:102,2,0,0
BRDA:144,3,0,2
BRDA:144,3,1,0
BRDA:186,4,0,3
BRDA:186,4,1,0
BRDA:186,5,0,3
BRDA:186,5,1,3
BRDA:189,6,0,1
BRDA:189,6,1,2
BRDA:202,7,0,1
BRDA:202,7,1,1
BRDA:202,8,0,2
BRDA:202,8,1,2
BRF:16
BRH:12
end_of_record
TN:
SF:src/App/appSlice.ts
FN:14,(anonymous_0)
FN:15,(anonymous_1)
FN:16,(anonymous_2)
FN:24,(anonymous_3)
FN:27,(anonymous_4)
FN:28,(anonymous_5)
FN:29,(anonymous_6)
FN:33,(anonymous_7)
FN:41,(anonymous_8)
FN:44,(anonymous_9)
FNF:10
FNH:10
FNDA:1,(anonymous_0)
FNDA:1,(anonymous_1)
FNDA:1,(anonymous_2)
FNDA:1,(anonymous_3)
FNDA:1,(anonymous_4)
FNDA:25,(anonymous_5)
FNDA:1,(anonymous_6)
FNDA:1,(anonymous_7)
FNDA:1,(anonymous_8)
FNDA:1,(anonymous_9)
DA:10,13
DA:14,1
DA:15,1
DA:17,1
DA:18,1
DA:19,1
DA:20,1
DA:21,1
DA:22,1
DA:25,1
DA:27,1
DA:28,25
DA:30,1
DA:31,1
DA:34,1
DA:35,1
DA:36,1
DA:37,1
DA:38,1
DA:39,1
DA:42,1
DA:45,1
DA:50,13
LF:23
LH:23
BRF:0
BRH:0
end_of_record
TN:
SF:src/App/index.tsx
FN:37,(anonymous_0)
FNF:1
FNH:1
FNDA:3,(anonymous_0)
DA:9,2
DA:17,2
DA:37,2
DA:38,3
LF:4
LH:4
BRF:0
BRH:0
end_of_record
TN:
SF:src/App/initialState.ts
FNF:0
FNH:0
DA:4,31
DA:6,31
DA:7,31
DA:17,31
DA:23,31
LF:5
LH:5
BRF:0
BRH:0
end_of_record
TN:
SF:src/App/model/IAppState.ts
FNF:0
FNH:0
LF:0
LH:0
BRF:0
BRH:0
end_of_record
TN:
SF:src/App/model/ICellsProps.ts
FNF:0
FNH:0
LF:0
LH:0
BRF:0
BRH:0
end_of_record
TN:
SF:src/components/Button.tsx
FN:15,(anonymous_0)
FNF:1
FNH:1
FNDA:12,(anonymous_0)
DA:5,5
DA:15,5
DA:16,12
LF:3
LH:3
BRDA:15,0,0,0
BRDA:15,1,0,2
BRF:2
BRH:1
end_of_record
TN:
SF:src/components/Loading.tsx
FN:53,(anonymous_0)
FN:55,(anonymous_1)
FNF:2
FNH:2
FNDA:2,(anonymous_0)
FNDA:1,(anonymous_1)
DA:8,4
DA:20,4
DA:30,4
DA:53,4
DA:54,2
DA:55,2
DA:56,1
DA:57,1
DA:60,2
LF:9
LH:9
BRDA:61,0,0,2
BRDA:61,0,1,1
BRF:2
BRH:2
end_of_record
TN:
SF:src/components/Select.tsx
FN:31,(anonymous_0)
FN:36,(anonymous_1)
FNF:2
FNH:2
FNDA:7,(anonymous_0)
FNDA:21,(anonymous_1)
DA:5,5
DA:14,5
DA:31,5
DA:32,7
DA:37,21
LF:5
LH:5
BRF:0
BRH:0
end_of_record
TN:
SF:src/layout/Panel.ts
FNF:0
FNH:0
DA:3,5
LF:1
LH:1
BRF:0
BRH:0
end_of_record
TN:
SF:src/modules/Auth/AuthForm.tsx
FN:39,(anonymous_0)
FN:45,(anonymous_1)
FN:49,(anonymous_2)
FNF:3
FNH:3
FNDA:13,(anonymous_0)
FNDA:1,(anonymous_1)
FNDA:7,(anonymous_2)
DA:9,4
DA:39,4
DA:40,13
DA:41,13
DA:43,13
DA:45,13
DA:46,1
DA:49,13
DA:50,7
DA:51,7
DA:54,13
LF:11
LH:11
BRDA:78,0,0,13
BRDA:78,0,1,7
BRF:2
BRH:2
end_of_record
TN:
SF:src/modules/Auth/AuthLayout.tsx
FN:17,(anonymous_0)
FN:18,(anonymous_1)
FN:21,(anonymous_2)
FNF:3
FNH:3
FNDA:10,(anonymous_0)
FNDA:4,(anonymous_1)
FNDA:4,(anonymous_2)
DA:10,3
DA:17,3
DA:18,10
DA:19,10
DA:21,10
DA:22,4
DA:23,1
DA:27,10
LF:8
LH:8
BRDA:17,0,0,8
BRDA:22,1,0,1
BRDA:22,1,1,3
BRDA:31,2,0,10
BRDA:31,2,1,0
BRF:5
BRH:4
end_of_record
TN:
SF:src/modules/Auth/AuthStatus.tsx
FN:13,(anonymous_0)
FNF:1
FNH:1
FNDA:10,(anonymous_0)
DA:4,3
DA:13,3
DA:14,10
DA:15,8
DA:18,2
LF:5
LH:5
BRDA:13,0,0,0
BRDA:14,1,0,8
BRDA:14,1,1,2
BRF:3
BRH:2
end_of_record
TN:
SF:src/modules/Auth/RequireAuth.tsx
FN:8,(anonymous_0)
FNF:1
FNH:1
FNDA:6,(anonymous_0)
DA:8,3
DA:9,6
DA:11,6
DA:12,4
DA:15,2
LF:5
LH:5
BRDA:11,0,0,4
BRDA:11,0,1,2
BRF:2
BRH:2
end_of_record
TN:
SF:src/modules/Auth/authSaga.ts
FN:10,watchSetUser
FN:20,watchLogout
FN:27,watchRehydrate
FN:35,authSaga
FNF:4
FNH:4
FNDA:3,watchSetUser
FNDA:2,watchLogout
FNDA:9,watchRehydrate
FNDA:7,authSaga
DA:11,3
DA:12,3
DA:13,3
DA:14,1
DA:15,1
DA:17,3
DA:21,2
DA:22,2
DA:23,2
DA:24,2
DA:28,9
DA:29,9
DA:30,1
DA:31,1
DA:36,7
DA:37,7
DA:38,7
LF:17
LH:17
BRDA:13,0,0,1
BRDA:13,0,1,2
BRDA:29,1,0,1
BRDA:29,1,1,8
BRF:4
BRH:4
end_of_record
TN:
SF:src/modules/Auth/authSlice.ts
FN:16,(anonymous_0)
FN:17,(anonymous_1)
FN:18,(anonymous_2)
FN:21,(anonymous_3)
FNF:4
FNH:4
FNDA:6,(anonymous_0)
FNDA:1,(anonymous_1)
FNDA:1,(anonymous_2)
FNDA:1,(anonymous_3)
DA:8,11
DA:12,11
DA:16,6
DA:17,1
DA:19,1
DA:22,1
DA:27,11
LF:7
LH:7
BRF:0
BRH:0
end_of_record
TN:
SF:src/modules/Auth/fakeAuthProvider.ts
FN:9,(anonymous_0)
FN:10,(anonymous_1)
FN:11,(anonymous_2)
FN:26,(anonymous_3)
FN:27,(anonymous_4)
FN:28,(anonymous_5)
FNF:6
FNH:6
FNDA:2,(anonymous_0)
FNDA:2,(anonymous_1)
FNDA:2,(anonymous_2)
FNDA:1,(anonymous_3)
FNDA:1,(anonymous_4)
FNDA:1,(anonymous_5)
DA:9,6
DA:10,2
DA:11,2
DA:12,2
DA:13,2
DA:14,1
DA:16,1
DA:17,1
DA:18,1
DA:20,1
DA:26,6
DA:27,1
DA:28,1
DA:29,1
DA:30,1
LF:15
LH:15
BRDA:13,0,0,1
BRDA:13,0,1,1
BRDA:20,1,0,1
BRDA:20,1,1,0
BRF:4
BRH:3
end_of_record
TN:
SF:src/modules/Auth/model/IAuthState.ts
FNF:0
FNH:0
LF:0
LH:0
BRF:0
BRH:0
end_of_record
TN:
SF:src/modules/Auth/model/IUserProfile.ts
FNF:0
FNH:0
LF:0
LH:0
BRF:0
BRH:0
end_of_record
TN:
SF:src/modules/Cell/constatnts.ts
FNF:0
FNH:0
DA:1,5
LF:1
LH:1
BRF:0
BRH:0
end_of_record
TN:
SF:src/modules/Cell/index.tsx
FN:33,(anonymous_0)
FN:42,(anonymous_1)
FN:43,(anonymous_2)
FN:47,(anonymous_3)
FN:48,(anonymous_4)
FN:50,(anonymous_5)
FN:69,(anonymous_6)
FN:76,(anonymous_7)
FN:78,(anonymous_8)
FN:80,(anonymous_9)
FN:93,(anonymous_10)
FN:103,(anonymous_11)
FN:110,(anonymous_12)
FNF:13
FNH:13
FNDA:12,(anonymous_0)
FNDA:352,(anonymous_1)
FNDA:352,(anonymous_2)
FNDA:352,(anonymous_3)
FNDA:352,(anonymous_4)
FNDA:352,(anonymous_5)
FNDA:6,(anonymous_6)
FNDA:6,(anonymous_7)
FNDA:6,(anonymous_8)
FNDA:6,(anonymous_9)
FNDA:352,(anonymous_10)
FNDA:1,(anonymous_11)
FNDA:1,(anonymous_12)
DA:10,5
DA:28,5
DA:33,12
DA:40,5
DA:42,352
DA:43,352
DA:47,352
DA:48,352
DA:50,352
DA:65,5
DA:70,6
DA:76,6
DA:78,6
DA:80,6
DA:93,5
DA:101,352
DA:103,352
DA:104,1
DA:105,1
DA:106,1
DA:110,352
DA:111,1
DA:112,1
DA:113,1
DA:117,352
LF:25
LH:25
BRDA:33,0,0,8
BRDA:33,1,0,4
BRDA:33,1,1,8
BRDA:42,2,0,41
BRDA:42,2,1,311
BRDA:43,3,0,0
BRDA:43,3,1,352
BRDA:47,4,0,41
BRDA:47,4,1,311
BRDA:48,5,0,0
BRDA:48,5,1,352
BRDA:50,6,0,42
BRDA:50,6,1,310
BRDA:70,7,0,0
BRDA:70,7,1,6
BRDA:70,8,0,2
BRDA:70,8,1,4
BRDA:76,9,0,2
BRDA:76,9,1,4
BRDA:78,10,0,2
BRDA:78,10,1,4
BRDA:80,11,0,6
BRDA:80,11,1,0
BRDA:95,12,0,0
BRDA:96,13,0,0
BRDA:97,14,0,3
BRDA:98,15,0,3
BRDA:99,16,0,351
BRDA:105,17,0,1
BRDA:105,17,1,0
BRDA:106,18,0,0
BRDA:106,18,1,1
BRDA:112,19,0,1
BRDA:112,19,1,0
BRDA:112,20,0,1
BRDA:112,20,1,1
BRDA:124,21,0,352
BRDA:124,21,1,6
BRF:38
BRH:29
end_of_record
TN:
SF:src/modules/Cell/models.ts
FNF:0
FNH:0
LF:0
LH:0
BRF:0
BRH:0
end_of_record
TN:
SF:src/modules/GameField/index.tsx
FN:22,(anonymous_0)
FN:31,(anonymous_1)
FN:32,(anonymous_2)
FN:37,(anonymous_3)
FN:47,(anonymous_4)
FNF:5
FNH:5
FNDA:6,(anonymous_0)
FNDA:7,(anonymous_1)
FNDA:2,(anonymous_2)
FNDA:2,(anonymous_3)
FNDA:349,(anonymous_4)
DA:13,4
DA:22,6
DA:25,4
DA:31,4
DA:32,7
DA:37,7
DA:38,7
DA:39,7
DA:41,7
DA:42,1
DA:45,6
DA:48,349
DA:49,349
DA:50,349
DA:51,349
DA:52,349
DA:53,349
LF:17
LH:17
BRDA:22,0,0,4
BRDA:22,0,1,2
BRDA:36,1,0,7
BRDA:41,2,0,1
BRDA:41,2,1,6
BRF:5
BRH:5
end_of_record
TN:
SF:src/modules/UserForm/index.tsx
FN:12,(anonymous_0)
FN:13,(anonymous_1)
FN:16,(anonymous_2)
FN:20,(anonymous_3)
FN:24,(anonymous_4)
FN:29,(anonymous_5)
FNF:6
FNH:5
FNDA:5,(anonymous_0)
FNDA:0,(anonymous_1)
FNDA:5,(anonymous_2)
FNDA:1,(anonymous_3)
FNDA:1,(anonymous_4)
FNDA:1,(anonymous_5)
DA:12,4
DA:13,5
DA:14,5
DA:16,5
DA:17,5
DA:20,5
DA:21,1
DA:24,5
DA:25,1
DA:26,1
DA:29,5
DA:30,1
DA:33,5
LF:13
LH:13
BRF:0
BRH:0
end_of_record
TN:
SF:src/store/index.ts
FN:16,(anonymous_0)
FNF:1
FNH:1
FNDA:6,(anonymous_0)
DA:9,6
DA:10,6
DA:12,6
DA:14,6
DA:17,6
DA:26,6
DA:28,6
LF:7
LH:7
BRF:0
BRH:0
end_of_record
TN:
SF:src/store/rehydrateApp.ts
FN:4,(anonymous_0)
FNF:1
FNH:1
FNDA:6,(anonymous_0)
DA:4,6
DA:5,6
LF:2
LH:2
BRF:0
BRH:0
end_of_record
TN:
SF:src/store/rootReducer.ts
FNF:0
FNH:0
DA:5,6
LF:1
LH:1
BRF:0
BRH:0
end_of_record
TN:
SF:src/store/rootSaga.ts
FN:5,rootSaga
FNF:1
FNH:1
FNDA:6,rootSaga
DA:6,6
LF:1
LH:1
BRF:0
BRH:0
end_of_record
TN:
SF:src/utils/Lee.ts
FN:11,(anonymous_0)
FN:23,(anonymous_1)
FN:29,(anonymous_2)
FN:37,(anonymous_3)
FN:42,(anonymous_4)
FN:54,(anonymous_5)
FN:136,(anonymous_6)
FNF:7
FNH:7
FNDA:17,(anonymous_0)
FNDA:11,(anonymous_1)
FNDA:755,(anonymous_2)
FNDA:799,(anonymous_3)
FNDA:11,(anonymous_4)
FNDA:17,(anonymous_5)
FNDA:52,(anonymous_6)
DA:8,30
DA:9,30
DA:11,30
DA:15,17
DA:16,17
DA:17,2
DA:23,15
DA:25,11
DA:26,11
DA:27,91
DA:28,91
DA:29,755
DA:31,11
DA:37,799
DA:42,15
DA:43,11
DA:45,15
DA:54,30
DA:59,17
DA:60,17
DA:61,6
DA:63,11
DA:64,11
DA:65,11
DA:66,11
DA:67,11
DA:68,11
DA:69,11
DA:71,11
DA:72,11
DA:77,11
DA:78,3
DA:82,8
DA:83,1
DA:87,7
DA:88,7
DA:89,7
DA:90,109
DA:91,109
DA:92,889
DA:94,7265
DA:96,163
DA:97,652
DA:98,652
DA:99,652
DA:100,166
DA:101,166
DA:107,109
DA:110,7
DA:111,3
DA:115,4
DA:116,4
DA:117,4
DA:118,4
DA:119,4
DA:120,48
DA:121,48
DA:122,48
DA:123,48
DA:124,126
DA:125,126
DA:126,126
DA:127,48
DA:128,48
DA:129,48
DA:133,4
DA:134,4
DA:136,4
DA:137,52
DA:138,52
LF:70
LH:70
BRDA:15,0,0,17
BRDA:15,0,1,15
BRDA:16,1,0,2
BRDA:16,1,1,15
BRDA:29,2,0,322
BRDA:29,2,1,433
BRDA:37,3,0,799
BRDA:37,3,1,766
BRDA:37,3,2,755
BRDA:37,3,3,751
BRDA:43,4,0,11
BRDA:43,4,1,10
BRDA:60,5,0,6
BRDA:60,5,1,11
BRDA:60,6,0,17
BRDA:60,6,1,15
BRDA:60,6,2,13
BRDA:64,7,0,4
BRDA:64,7,1,7
BRDA:65,8,0,4
BRDA:65,8,1,7
BRDA:66,9,0,4
BRDA:66,9,1,7
BRDA:67,10,0,4
BRDA:67,10,1,7
BRDA:77,11,0,3
BRDA:77,11,1,8
BRDA:82,12,0,1
BRDA:82,12,1,7
BRDA:108,13,0,109
BRDA:108,13,1,106
BRDA:94,14,0,163
BRDA:94,14,1,7102
BRDA:99,15,0,166
BRDA:99,15,1,486
BRDA:99,16,0,652
BRDA:99,16,1,605
BRDA:110,17,0,3
BRDA:110,17,1,4
BRDA:126,18,0,48
BRDA:126,18,1,78
BRDA:126,19,0,126
BRDA:126,19,1,123
BRF:43
BRH:43
end_of_record
TN:
SF:src/utils/addNewCellsToGameField.ts
FN:3,(anonymous_0)
FN:8,(anonymous_1)
FNF:2
FNH:2
FNDA:3,(anonymous_0)
FNDA:9,(anonymous_1)
DA:3,30
DA:7,3
DA:8,3
DA:9,9
DA:11,3
LF:5
LH:5
BRF:0
BRH:0
end_of_record
TN:
SF:src/utils/createArrayBySize.ts
FN:1,(anonymous_0)
FN:2,(anonymous_1)
FNF:2
FNH:2
FNDA:38,(anonymous_0)
FNDA:2791,(anonymous_1)
DA:1,33
DA:2,2791
LF:2
LH:2
BRDA:1,0,0,1
BRF:1
BRH:1
end_of_record
TN:
SF:src/utils/createGameField.ts
FN:6,(anonymous_0)
FNF:1
FNH:1
FNDA:36,(anonymous_0)
DA:6,32
DA:7,36
LF:2
LH:2
BRDA:6,0,0,0
BRF:1
BRH:0
end_of_record
TN:
SF:src/utils/delay.ts
FN:1,(anonymous_0)
FN:1,(anonymous_1)
FNF:2
FNH:2
FNDA:14,(anonymous_0)
FNDA:14,(anonymous_1)
DA:1,14
LF:1
LH:1
BRDA:1,0,0,0
BRF:1
BRH:0
end_of_record
TN:
SF:src/utils/filterChainsByInd.ts
FN:1,(anonymous_0)
FN:2,(anonymous_1)
FN:4,(anonymous_2)
FN:5,(anonymous_3)
FN:7,(anonymous_4)
FN:7,(anonymous_5)
FNF:6
FNH:6
FNDA:7,(anonymous_0)
FNDA:8,(anonymous_1)
FNDA:7,(anonymous_2)
FNDA:4,(anonymous_3)
FNDA:7,(anonymous_4)
FNDA:7,(anonymous_5)
DA:1,30
DA:2,8
DA:4,30
DA:5,7
DA:7,30
DA:8,7
DA:9,7
DA:10,7
DA:11,7
DA:12,4
DA:14,7
DA:15,1
DA:17,7
LF:13
LH:13
BRDA:2,0,0,7
BRDA:2,0,1,6
BRDA:5,1,0,7
BRDA:5,1,1,4
BRDA:11,2,0,4
BRDA:11,2,1,3
BRDA:14,3,0,1
BRDA:14,3,1,6
BRF:8
BRH:8
end_of_record
TN:
SF:src/utils/generateCellsByCount.ts
FN:1,(anonymous_0)
FN:1,(anonymous_1)
FN:2,(anonymous_2)
FNF:3
FNH:3
FNDA:42,(anonymous_0)
FNDA:42,(anonymous_1)
FNDA:2837,(anonymous_2)
DA:1,42
DA:2,2837
DA:3,42
DA:4,65
DA:6,42
LF:5
LH:5
BRF:0
BRH:0
end_of_record
TN:
SF:src/utils/generateCellsByPercent.ts
FN:3,(anonymous_0)
FN:3,(anonymous_1)
FNF:2
FNH:2
FNDA:39,(anonymous_0)
FNDA:39,(anonymous_1)
DA:3,39
DA:4,39
DA:5,39
LF:3
LH:3
BRF:0
BRH:0
end_of_record
TN:
SF:src/utils/getChainByInd.ts
FN:12,(anonymous_0)
FNF:1
FNH:1
FNDA:24,(anonymous_0)
DA:4,30
DA:5,30
DA:12,30
DA:19,24
DA:20,24
DA:25,24
DA:26,24
DA:27,216
DA:28,216
DA:29,216
DA:30,216
DA:31,125
DA:32,7
DA:34,125
DA:36,91
DA:39,24
DA:40,10
DA:42,24
LF:18
LH:18
BRDA:27,0,0,108
BRDA:27,0,1,108
BRDA:30,1,0,125
BRDA:30,1,1,91
BRDA:30,2,0,216
BRDA:30,2,1,128
BRDA:31,3,0,7
BRDA:31,3,1,118
BRDA:31,4,0,125
BRDA:31,4,1,89
BRDA:39,5,0,10
BRDA:39,5,1,14
BRF:12
BRH:12
end_of_record
TN:
SF:src/utils/getChainsByInd.ts
FN:4,(anonymous_0)
FN:7,(anonymous_1)
FN:10,(anonymous_2)
FN:10,(anonymous_3)
FNF:4
FNH:4
FNDA:8,(anonymous_0)
FNDA:8,(anonymous_1)
FNDA:8,(anonymous_2)
FNDA:8,(anonymous_3)
DA:4,30
DA:5,8
DA:7,30
DA:8,8
DA:10,30
DA:11,8
DA:12,8
DA:13,8
DA:14,8
DA:15,8
DA:16,3
DA:18,8
DA:19,5
DA:21,8
LF:14
LH:14
BRDA:15,0,0,3
BRDA:15,0,1,5
BRDA:18,1,0,5
BRDA:18,1,1,3
BRF:4
BRH:4
end_of_record
TN:
SF:src/utils/getHighlightedCells.ts
FN:3,(anonymous_0)
FN:5,(anonymous_1)
FNF:2
FNH:2
FNDA:2,(anonymous_0)
FNDA:6,(anonymous_1)
DA:3,30
DA:4,2
DA:5,2
DA:6,6
DA:8,2
LF:5
LH:5
BRF:0
BRH:0
end_of_record
TN:
SF:src/utils/getIndByPos.ts
FN:3,(anonymous_0)
FNF:1
FNH:1
FNDA:230,(anonymous_0)
DA:3,30
DA:4,230
LF:2
LH:2
BRF:0
BRH:0
end_of_record
TN:
SF:src/utils/getNewCells.ts
FN:5,(anonymous_0)
FN:6,(anonymous_1)
FN:6,(anonymous_2)
FN:8,(anonymous_3)
FN:8,(anonymous_4)
FN:11,(anonymous_5)
FNF:6
FNH:6
FNDA:2,(anonymous_0)
FNDA:14,(anonymous_1)
FNDA:14,(anonymous_2)
FNDA:2,(anonymous_3)
FNDA:2,(anonymous_4)
FNDA:2,(anonymous_5)
DA:5,30
DA:6,14
DA:8,30
DA:9,2
DA:11,30
DA:12,2
DA:13,2
LF:7
LH:7
BRDA:6,0,0,7
BRDA:6,0,1,7
BRF:2
BRH:2
end_of_record
TN:
SF:src/utils/getOutdatedCells.ts
FN:3,(anonymous_0)
FN:4,(anonymous_1)
FN:5,(anonymous_2)
FNF:3
FNH:3
FNDA:4,(anonymous_0)
FNDA:8,(anonymous_1)
FNDA:20,(anonymous_2)
DA:3,30
DA:4,4
DA:5,8
DA:6,20
DA:7,20
LF:5
LH:5
BRF:0
BRH:0
end_of_record
TN:
SF:src/utils/getOutdatedChains.ts
FN:6,(anonymous_0)
FNF:1
FNH:1
FNDA:5,(anonymous_0)
DA:6,30
DA:7,5
LF:2
LH:2
BRF:0
BRH:0
end_of_record
TN:
SF:src/utils/getPosByInd.ts
FN:3,(anonymous_0)
FNF:1
FNH:1
FNDA:44,(anonymous_0)
DA:3,30
DA:4,44
DA:5,44
DA:6,44
LF:4
LH:4
BRF:0
BRH:0
end_of_record
TN:
SF:src/utils/index.ts
FNF:0
FNH:0
LF:0
LH:0
BRF:0
BRH:0
end_of_record
TN:
SF:src/utils/moveToCell.ts
FN:5,(anonymous_0)
FNF:1
FNH:1
FNDA:17,(anonymous_0)
DA:6,17
DA:7,2
DA:9,15
LF:3
LH:3
BRDA:6,0,0,2
BRDA:6,0,1,15
BRDA:6,1,0,17
BRDA:6,1,1,16
BRF:4
BRH:4
end_of_record
TN:
SF:src/utils/removeOutdatedChains.ts
FN:1,(anonymous_0)
FN:6,(anonymous_1)
FN:8,(anonymous_2)
FNF:3
FNH:3
FNDA:5,(anonymous_0)
FNDA:8,(anonymous_1)
FNDA:24,(anonymous_2)
DA:1,30
DA:2,5
DA:3,5
DA:4,5
DA:5,4
DA:7,8
DA:9,24
DA:13,5
LF:8
LH:8
BRDA:4,0,0,4
BRDA:4,0,1,1
BRDA:7,1,0,8
BRDA:7,1,1,8
BRF:4
BRH:4
end_of_record
TN:
SF:src/utils/setCell.ts
FN:1,(anonymous_0)
FN:2,(anonymous_1)
FNF:2
FNH:2
FNDA:32,(anonymous_0)
FNDA:32,(anonymous_1)
DA:2,32
DA:3,32
DA:4,32
DA:5,31
DA:7,32
LF:5
LH:5
BRDA:1,0,0,0
BRDA:2,1,0,0
BRDA:4,2,0,31
BRDA:4,2,1,1
BRDA:4,3,0,32
BRDA:4,3,1,32
BRDA:4,3,2,32
BRF:7
BRH:5
end_of_record
TN:
SF:src/utils/shuffle.ts
FN:1,(anonymous_0)
FNF:1
FNH:1
FNDA:41,(anonymous_0)
DA:1,33
DA:2,41
DA:3,41
DA:4,2768
DA:5,2768
DA:6,2768
DA:7,2768
DA:9,41
LF:8
LH:8
BRF:0
BRH:0
end_of_record
TN:
SF:src/utils/uuidv4.ts
FN:1,(anonymous_0)
FN:2,(anonymous_1)
FNF:2
FNH:2
FNDA:2,(anonymous_0)
FNDA:62,(anonymous_1)
DA:1,30
DA:2,2
DA:3,62
LF:3
LH:3
BRF:0
BRH:0
end_of_record
